Dans le fichier inclus depuis /run/media/ndkd/lab/ihpc/ism/build/_deps/fastor-src/simd_vector/simd_vector_base.h:5,
                 depuis /run/media/ndkd/lab/ihpc/ism/build/_deps/fastor-src/simd_vector/SIMDVector.h:4,
                 depuis /run/media/ndkd/lab/ihpc/ism/build/_deps/fastor-src/Fastor.h:8,
                 depuis /run/media/ndkd/lab/ihpc/ism/impl/dosmTensorFastor.tpp:7,
                 depuis /run/media/ndkd/lab/ihpc/ism/impl/dosmTensor.hpp:46,
                 depuis /run/media/ndkd/lab/ihpc/ism/include/dosmBasic.hpp:4,
                 depuis /run/media/ndkd/lab/ihpc/ism/interface/idosmParallel.hpp:4,
                 depuis /run/media/ndkd/lab/ihpc/ism/include/dosmParallelKokkos.hpp:4,
                 depuis /run/media/ndkd/lab/ihpc/ism/src/dosmParallelKokkos.cpp:1:
/run/media/ndkd/lab/ihpc/ism/build/_deps/fastor-src/extended_intrinsics/extintrin.h: In function « __m256 _mm256_reverse_ps(__m256) »:
/run/media/ndkd/lab/ihpc/ism/build/_deps/fastor-src/extended_intrinsics/extintrin.h:77:48: attention: le retour vectoriel AVX sans activer AVX change l'ABI [-Wpsabi]
   77 | FASTOR_INLINE __m256 _mm256_reverse_ps(__m256 a) {
      |                                                ^
Dans le fichier inclus depuis /run/media/ndkd/lab/ihpc/ism/build/_deps/fastor-src/simd_vector/simd_vector_base.h:6:
/run/media/ndkd/lab/ihpc/ism/build/_deps/fastor-src/math/internal_math.h: Au niveau global:
/run/media/ndkd/lab/ihpc/ism/build/_deps/fastor-src/math/internal_math.h:152:67: attention: les attributs sur l'argument « __m256 » du patron sont ignorés [-Wignored-attributes]
  152 | template<typename T, typename std::enable_if<std::is_same<T,__m256>::value ||
      |                                                                   ^
/run/media/ndkd/lab/ihpc/ism/build/_deps/fastor-src/math/internal_math.h:153:68: attention: les attributs sur l'argument « __m256d » du patron sont ignorés [-Wignored-attributes]
  153 |                                              std::is_same<T,__m256d>::value ,bool>::type=0>
      |                                                                    ^
/run/media/ndkd/lab/ihpc/ism/build/_deps/fastor-src/math/internal_math.h:162:67: attention: les attributs sur l'argument « __m256 » du patron sont ignorés [-Wignored-attributes]
  162 | template<typename T, typename std::enable_if<std::is_same<T,__m256>::value ||
      |                                                                   ^
/run/media/ndkd/lab/ihpc/ism/build/_deps/fastor-src/math/internal_math.h:163:68: attention: les attributs sur l'argument « __m256d » du patron sont ignorés [-Wignored-attributes]
  163 |                                              std::is_same<T,__m256d>::value ,bool>::type=0>
      |                                                                    ^
/run/media/ndkd/lab/ihpc/ism/build/_deps/fastor-src/math/internal_math.h:172:67: attention: les attributs sur l'argument « __m256 » du patron sont ignorés [-Wignored-attributes]
  172 | template<typename T, typename std::enable_if<std::is_same<T,__m256>::value ||
      |                                                                   ^
/run/media/ndkd/lab/ihpc/ism/build/_deps/fastor-src/math/internal_math.h:173:68: attention: les attributs sur l'argument « __m256d » du patron sont ignorés [-Wignored-attributes]
  173 |                                              std::is_same<T,__m256d>::value ,bool>::type=0>
      |                                                                    ^
/run/media/ndkd/lab/ihpc/ism/build/_deps/fastor-src/math/internal_math.h:182:67: attention: les attributs sur l'argument « __m256 » du patron sont ignorés [-Wignored-attributes]
  182 | template<typename T, typename std::enable_if<std::is_same<T,__m256>::value ||
      |                                                                   ^
/run/media/ndkd/lab/ihpc/ism/build/_deps/fastor-src/math/internal_math.h:183:68: attention: les attributs sur l'argument « __m256d » du patron sont ignorés [-Wignored-attributes]
  183 |                                              std::is_same<T,__m256d>::value ,bool>::type=0>
      |                                                                    ^
/run/media/ndkd/lab/ihpc/ism/build/_deps/fastor-src/math/internal_math.h:192:67: attention: les attributs sur l'argument « __m256 » du patron sont ignorés [-Wignored-attributes]
  192 | template<typename T, typename std::enable_if<std::is_same<T,__m256>::value ||
      |                                                                   ^
/run/media/ndkd/lab/ihpc/ism/build/_deps/fastor-src/math/internal_math.h:193:68: attention: les attributs sur l'argument « __m256d » du patron sont ignorés [-Wignored-attributes]
  193 |                                              std::is_same<T,__m256d>::value ,bool>::type=0>
      |                                                                    ^
/run/media/ndkd/lab/ihpc/ism/build/_deps/fastor-src/math/internal_math.h:211:67: attention: les attributs sur l'argument « __m256 » du patron sont ignorés [-Wignored-attributes]
  211 | template<typename T, typename std::enable_if<std::is_same<T,__m256>::value ||
      |                                                                   ^
/run/media/ndkd/lab/ihpc/ism/build/_deps/fastor-src/math/internal_math.h:212:68: attention: les attributs sur l'argument « __m256d » du patron sont ignorés [-Wignored-attributes]
  212 |                                              std::is_same<T,__m256d>::value ,bool>::type=0>
      |                                                                    ^
/run/media/ndkd/lab/ihpc/ism/build/_deps/fastor-src/math/internal_math.h:221:67: attention: les attributs sur l'argument « __m256 » du patron sont ignorés [-Wignored-attributes]
  221 | template<typename T, typename std::enable_if<std::is_same<T,__m256>::value ||
      |                                                                   ^
/run/media/ndkd/lab/ihpc/ism/build/_deps/fastor-src/math/internal_math.h:222:68: attention: les attributs sur l'argument « __m256d » du patron sont ignorés [-Wignored-attributes]
  222 |                                              std::is_same<T,__m256d>::value ,bool>::type=0>
      |                                                                    ^
/run/media/ndkd/lab/ihpc/ism/build/_deps/fastor-src/math/internal_math.h:235:79: attention: les attributs sur l'argument « __m256 » du patron sont ignorés [-Wignored-attributes]
  235 | template<typename T, typename U, typename std::enable_if<std::is_same<T,__m256>::value ||
      |                                                                               ^
/run/media/ndkd/lab/ihpc/ism/build/_deps/fastor-src/math/internal_math.h:236:68: attention: les attributs sur l'argument « __m256d » du patron sont ignorés [-Wignored-attributes]
  236 |                                              std::is_same<T,__m256d>::value ,bool>::type=0>
      |                                                                    ^
/run/media/ndkd/lab/ihpc/ism/build/_deps/fastor-src/math/internal_math.h:245:67: attention: les attributs sur l'argument « __m256 » du patron sont ignorés [-Wignored-attributes]
  245 | template<typename T, typename std::enable_if<std::is_same<T,__m256>::value ||
      |                                                                   ^
/run/media/ndkd/lab/ihpc/ism/build/_deps/fastor-src/math/internal_math.h:246:68: attention: les attributs sur l'argument « __m256d » du patron sont ignorés [-Wignored-attributes]
  246 |                                              std::is_same<T,__m256d>::value ,bool>::type=0>
      |                                                                    ^
/run/media/ndkd/lab/ihpc/ism/build/_deps/fastor-src/math/internal_math.h:255:67: attention: les attributs sur l'argument « __m256 » du patron sont ignorés [-Wignored-attributes]
  255 | template<typename T, typename std::enable_if<std::is_same<T,__m256>::value ||
      |                                                                   ^
/run/media/ndkd/lab/ihpc/ism/build/_deps/fastor-src/math/internal_math.h:256:68: attention: les attributs sur l'argument « __m256d » du patron sont ignorés [-Wignored-attributes]
  256 |                                              std::is_same<T,__m256d>::value ,bool>::type=0>
      |                                                                    ^
/run/media/ndkd/lab/ihpc/ism/build/_deps/fastor-src/math/internal_math.h:265:67: attention: les attributs sur l'argument « __m256 » du patron sont ignorés [-Wignored-attributes]
  265 | template<typename T, typename std::enable_if<std::is_same<T,__m256>::value ||
      |                                                                   ^
/run/media/ndkd/lab/ihpc/ism/build/_deps/fastor-src/math/internal_math.h:266:68: attention: les attributs sur l'argument « __m256d » du patron sont ignorés [-Wignored-attributes]
  266 |                                              std::is_same<T,__m256d>::value ,bool>::type=0>
      |                                                                    ^
/run/media/ndkd/lab/ihpc/ism/impl/dosmTensorFastor.tpp: In function « auto dosm::operator||(const tensor<T, dims1 ...>&, const tensor<T, dims2 ...>&) »:
/run/media/ndkd/lab/ihpc/ism/impl/dosmTensorFastor.tpp:190:13: erreur: « TensorMap » n'est pas un membre de « Fastor »; vouliez-vous employer « Tensor » ? [-Wtemplate-body]
  190 |     Fastor::TensorMap<const Fastor::Tensor<T, dims1...>> x(X.data);
      |             ^~~~~~~~~
      |             Tensor
/run/media/ndkd/lab/ihpc/ism/impl/dosmTensorFastor.tpp:190:23: erreur: expected primary-expression before « const » [-Wtemplate-body]
  190 |     Fastor::TensorMap<const Fastor::Tensor<T, dims1...>> x(X.data);
      |                       ^~~~~
/run/media/ndkd/lab/ihpc/ism/impl/dosmTensorFastor.tpp:191:13: erreur: « TensorMap » n'est pas un membre de « Fastor »; vouliez-vous employer « Tensor » ? [-Wtemplate-body]
  191 |     Fastor::TensorMap<const Fastor::Tensor<T, dims2...>> y(Y.data);
      |             ^~~~~~~~~
      |             Tensor
/run/media/ndkd/lab/ihpc/ism/impl/dosmTensorFastor.tpp:191:23: erreur: expected primary-expression before « const » [-Wtemplate-body]
  191 |     Fastor::TensorMap<const Fastor::Tensor<T, dims2...>> y(Y.data);
      |                       ^~~~~
/run/media/ndkd/lab/ihpc/ism/impl/dosmTensorFastor.tpp:192:35: erreur: « x » n'a pas été déclaré dans cette portée [-Wtemplate-body]
  192 |     return Fastor::einsum(ix, iy, x, y);
      |                                   ^
/run/media/ndkd/lab/ihpc/ism/impl/dosmTensorFastor.tpp:192:38: erreur: « y » n'a pas été déclaré dans cette portée [-Wtemplate-body]
  192 |     return Fastor::einsum(ix, iy, x, y);
      |                                      ^
Dans le fichier inclus depuis /run/media/ndkd/lab/ihpc/ism/build/_deps/fastor-src/simd_vector/simd_vector_base.h:4:
/run/media/ndkd/lab/ihpc/ism/build/_deps/kokkos-src/core/src/Kokkos_Core_fwd.hpp: Au niveau global:
/run/media/ndkd/lab/ihpc/ism/build/_deps/fastor-src/commons/commons.h:71:16: erreur: expected identifier before numeric constant
   71 | #define Scalar 64
      |                ^~
/run/media/ndkd/lab/ihpc/ism/build/_deps/kokkos-src/core/src/Kokkos_Core_fwd.hpp:344:17: note: dans l'expansion de la macro « Scalar »
  344 | template <class Scalar, class Index, class Space = HostSpace>
      |                 ^~~~~~
/run/media/ndkd/lab/ihpc/ism/build/_deps/fastor-src/commons/commons.h:71:16: erreur: expected « > » before numeric constant
   71 | #define Scalar 64
      |                ^~
/run/media/ndkd/lab/ihpc/ism/build/_deps/kokkos-src/core/src/Kokkos_Core_fwd.hpp:344:17: note: dans l'expansion de la macro « Scalar »
  344 | template <class Scalar, class Index, class Space = HostSpace>
      |                 ^~~~~~
/run/media/ndkd/lab/ihpc/ism/build/_deps/fastor-src/commons/commons.h:71:16: erreur: expected identifier before numeric constant
   71 | #define Scalar 64
      |                ^~
/run/media/ndkd/lab/ihpc/ism/build/_deps/kokkos-src/core/src/Kokkos_Core_fwd.hpp:346:17: note: dans l'expansion de la macro « Scalar »
  346 | template <class Scalar, class Index, class ComparatorType,
      |                 ^~~~~~
/run/media/ndkd/lab/ihpc/ism/build/_deps/fastor-src/commons/commons.h:71:16: erreur: expected « > » before numeric constant
   71 | #define Scalar 64
      |                ^~
/run/media/ndkd/lab/ihpc/ism/build/_deps/kokkos-src/core/src/Kokkos_Core_fwd.hpp:346:17: note: dans l'expansion de la macro « Scalar »
  346 | template <class Scalar, class Index, class ComparatorType,
      |                 ^~~~~~
/run/media/ndkd/lab/ihpc/ism/build/_deps/fastor-src/commons/commons.h:71:16: erreur: expected identifier before numeric constant
   71 | #define Scalar 64
      |                ^~
/run/media/ndkd/lab/ihpc/ism/build/_deps/kokkos-src/core/src/Kokkos_Core_fwd.hpp:350:17: note: dans l'expansion de la macro « Scalar »
  350 | template <class Scalar, class Index, class Space = HostSpace>
      |                 ^~~~~~
/run/media/ndkd/lab/ihpc/ism/build/_deps/fastor-src/commons/commons.h:71:16: erreur: expected « > » before numeric constant
   71 | #define Scalar 64
      |                ^~
/run/media/ndkd/lab/ihpc/ism/build/_deps/kokkos-src/core/src/Kokkos_Core_fwd.hpp:350:17: note: dans l'expansion de la macro « Scalar »
  350 | template <class Scalar, class Index, class Space = HostSpace>
      |                 ^~~~~~
/run/media/ndkd/lab/ihpc/ism/build/_deps/fastor-src/commons/commons.h:71:16: erreur: expected identifier before numeric constant
   71 | #define Scalar 64
      |                ^~
/run/media/ndkd/lab/ihpc/ism/build/_deps/kokkos-src/core/src/Kokkos_Core_fwd.hpp:352:17: note: dans l'expansion de la macro « Scalar »
  352 | template <class Scalar, class Index, class ComparatorType,
      |                 ^~~~~~
/run/media/ndkd/lab/ihpc/ism/build/_deps/fastor-src/commons/commons.h:71:16: erreur: expected « > » before numeric constant
   71 | #define Scalar 64
      |                ^~
/run/media/ndkd/lab/ihpc/ism/build/_deps/kokkos-src/core/src/Kokkos_Core_fwd.hpp:352:17: note: dans l'expansion de la macro « Scalar »
  352 | template <class Scalar, class Index, class ComparatorType,
      |                 ^~~~~~
/run/media/ndkd/lab/ihpc/ism/build/_deps/fastor-src/commons/commons.h:71:16: erreur: expected identifier before numeric constant
   71 | #define Scalar 64
      |                ^~
/run/media/ndkd/lab/ihpc/ism/build/_deps/kokkos-src/core/src/Kokkos_Core_fwd.hpp:356:17: note: dans l'expansion de la macro « Scalar »
  356 | template <class Scalar, class Index, class Space = HostSpace>
      |                 ^~~~~~
/run/media/ndkd/lab/ihpc/ism/build/_deps/fastor-src/commons/commons.h:71:16: erreur: expected « > » before numeric constant
   71 | #define Scalar 64
      |                ^~
/run/media/ndkd/lab/ihpc/ism/build/_deps/kokkos-src/core/src/Kokkos_Core_fwd.hpp:356:17: note: dans l'expansion de la macro « Scalar »
  356 | template <class Scalar, class Index, class Space = HostSpace>
      |                 ^~~~~~
/run/media/ndkd/lab/ihpc/ism/build/_deps/fastor-src/commons/commons.h:71:16: erreur: expected identifier before numeric constant
   71 | #define Scalar 64
      |                ^~
/run/media/ndkd/lab/ihpc/ism/build/_deps/kokkos-src/core/src/Kokkos_Core_fwd.hpp:358:17: note: dans l'expansion de la macro « Scalar »
  358 | template <class Scalar, class Index, class ComparatorType,
      |                 ^~~~~~
/run/media/ndkd/lab/ihpc/ism/build/_deps/fastor-src/commons/commons.h:71:16: erreur: expected « > » before numeric constant
   71 | #define Scalar 64
      |                ^~
/run/media/ndkd/lab/ihpc/ism/build/_deps/kokkos-src/core/src/Kokkos_Core_fwd.hpp:358:17: note: dans l'expansion de la macro « Scalar »
  358 | template <class Scalar, class Index, class ComparatorType,
      |                 ^~~~~~
/run/media/ndkd/lab/ihpc/ism/build/_deps/fastor-src/commons/commons.h:71:16: erreur: expected identifier before numeric constant
   71 | #define Scalar 64
      |                ^~
/run/media/ndkd/lab/ihpc/ism/build/_deps/kokkos-src/core/src/impl/Kokkos_BuiltinReducers.hpp:25:17: note: dans l'expansion de la macro « Scalar »
   25 | template <class Scalar, class Space>
      |                 ^~~~~~
/run/media/ndkd/lab/ihpc/ism/build/_deps/fastor-src/commons/commons.h:71:16: erreur: expected « > » before numeric constant
   71 | #define Scalar 64
      |                ^~
/run/media/ndkd/lab/ihpc/ism/build/_deps/kokkos-src/core/src/impl/Kokkos_BuiltinReducers.hpp:25:17: note: dans l'expansion de la macro « Scalar »
   25 | template <class Scalar, class Space>
      |                 ^~~~~~
Dans le fichier inclus depuis /run/media/ndkd/lab/ihpc/ism/build/_deps/kokkos-src/core/src/Kokkos_Parallel_Reduce.hpp:12,
                 depuis /run/media/ndkd/lab/ihpc/ism/build/_deps/kokkos-src/core/src/Kokkos_Parallel.hpp:179,
                 depuis /run/media/ndkd/lab/ihpc/ism/build/_deps/kokkos-src/core/src/Serial/Kokkos_Serial_Parallel_Range.hpp:7,
                 depuis /run/media/ndkd/lab/ihpc/ism/build/_deps/kokkos-src/core/src/Serial/Kokkos_Serial.hpp:273,
                 depuis /run/media/ndkd/lab/ihpc/ism/build/_deps/kokkos-src/core/src/decl/Kokkos_Declare_SERIAL.hpp:8,
                 depuis /run/media/ndkd/lab/ihpc/ism/build/_deps/kokkos-build/KokkosCore_Config_DeclareBackend.hpp:7,
                 depuis /run/media/ndkd/lab/ihpc/ism/build/_deps/kokkos-src/core/src/Kokkos_Core.hpp:32,
                 depuis /run/media/ndkd/lab/ihpc/ism/include/dosmParallelKokkos.hpp:5:
/run/media/ndkd/lab/ihpc/ism/build/_deps/kokkos-src/core/src/impl/Kokkos_BuiltinReducers.hpp:29:51: erreur: non concordance de type/valeur pour l'argument 1 dans la liste des paramètres du patron de « template<class _Tp> using std::remove_cv_t = typename std::remove_cv::type » [-Wtemplate-body]
   29 |   using value_type       = std::remove_cv_t<Scalar>;
      |                                                   ^
/run/media/ndkd/lab/ihpc/ism/build/_deps/kokkos-src/core/src/impl/Kokkos_BuiltinReducers.hpp:29:51: note:   on attendait un type, on a obtenu « 64 »
/run/media/ndkd/lab/ihpc/ism/build/_deps/kokkos-src/core/src/impl/Kokkos_BuiltinReducers.hpp:29:33: erreur: « <expression error> » dans l'espace de noms « std » ne nomme pas un type [-Wtemplate-body]
   29 |   using value_type       = std::remove_cv_t<Scalar>;
      |                                 ^~~~~~~~~~~~~~~~~~~
/run/media/ndkd/lab/ihpc/ism/build/_deps/kokkos-src/core/src/impl/Kokkos_BuiltinReducers.hpp:30:41: erreur: « value_type » n'a pas été déclaré dans cette portée; vouliez-vous employer « has_type » ? [-Wtemplate-body]
   30 |   using result_view_type = Kokkos::View<value_type, Space>;
      |                                         ^~~~~~~~~~
      |                                         has_type
/run/media/ndkd/lab/ihpc/ism/build/_deps/kokkos-src/core/src/impl/Kokkos_BuiltinReducers.hpp:30:53: erreur: « Space » n'a pas été déclaré dans cette portée; vouliez-vous employer « isspace » ? [-Wtemplate-body]
   30 |   using result_view_type = Kokkos::View<value_type, Space>;
      |                                                     ^~~~~
      |                                                     isspace
/run/media/ndkd/lab/ihpc/ism/build/_deps/kokkos-src/core/src/impl/Kokkos_BuiltinReducers.hpp:30:58: erreur: l'argument 1 du patron est invalide [-Wtemplate-body]
   30 |   using result_view_type = Kokkos::View<value_type, Space>;
      |                                                          ^
/run/media/ndkd/lab/ihpc/ism/build/_deps/kokkos-src/core/src/impl/Kokkos_BuiltinReducers.hpp:30:58: erreur: l'argument 2 du patron est invalide [-Wtemplate-body]
/run/media/ndkd/lab/ihpc/ism/build/_deps/kokkos-src/core/src/impl/Kokkos_BuiltinReducers.hpp:30:36: erreur: « <expression error> » dans l'espace de noms « Kokkos » ne nomme pas un type [-Wtemplate-body]
   30 |   using result_view_type = Kokkos::View<value_type, Space>;
      |                                    ^~~~~~~~~~~~~~~~~~~~~~~
/run/media/ndkd/lab/ihpc/ism/build/_deps/kokkos-src/core/src/impl/Kokkos_BuiltinReducers.hpp:32:36: erreur: « value_type » n'a pas été déclaré dans cette portée; vouliez-vous employer « has_type » ? [-Wtemplate-body]
   32 |   static_assert(!std::is_pointer_v<value_type> && !std::is_array_v<value_type>);
      |                                    ^~~~~~~~~~
      |                                    has_type
/run/media/ndkd/lab/ihpc/ism/build/_deps/kokkos-src/core/src/impl/Kokkos_BuiltinReducers.hpp:32:46: erreur: l'argument 1 du patron est invalide [-Wtemplate-body]
   32 |   static_assert(!std::is_pointer_v<value_type> && !std::is_array_v<value_type>);
      |                                              ^
/run/media/ndkd/lab/ihpc/ism/build/_deps/kokkos-src/core/src/impl/Kokkos_BuiltinReducers.hpp:32:68: erreur: « value_type » n'a pas été déclaré dans cette portée; vouliez-vous employer « has_type » ? [-Wtemplate-body]
   32 |   static_assert(!std::is_pointer_v<value_type> && !std::is_array_v<value_type>);
      |                                                                    ^~~~~~~~~~
      |                                                                    has_type
/run/media/ndkd/lab/ihpc/ism/build/_deps/kokkos-src/core/src/impl/Kokkos_BuiltinReducers.hpp:32:78: erreur: l'argument 1 du patron est invalide [-Wtemplate-body]
   32 |   static_assert(!std::is_pointer_v<value_type> && !std::is_array_v<value_type>);
      |                                                                              ^
/run/media/ndkd/lab/ihpc/ism/build/_deps/kokkos-src/core/src/impl/Kokkos_BuiltinReducers.hpp:36:3: erreur: « result_view_type » ne nomme pas un type [-Wtemplate-body]
   36 |   result_view_type value;
      |   ^~~~~~~~~~~~~~~~
/run/media/ndkd/lab/ihpc/ism/build/_deps/kokkos-src/core/src/impl/Kokkos_BuiltinReducers.hpp:43:25: erreur: expected « ) » before « & » token [-Wtemplate-body]
   43 |   BaseReducer(value_type& value_) : value(&value_), references_scalar_v(true) {}
      |              ~          ^
      |                         )
/run/media/ndkd/lab/ihpc/ism/build/_deps/kokkos-src/core/src/impl/Kokkos_BuiltinReducers.hpp:47:21: erreur: « result_view_type » ne nomme pas un type [-Wtemplate-body]
   47 |   BaseReducer(const result_view_type& value_)
      |                     ^~~~~~~~~~~~~~~~
/run/media/ndkd/lab/ihpc/ism/build/_deps/kokkos-src/core/src/impl/Kokkos_BuiltinReducers.hpp:65:3: erreur: « value_type » ne nomme pas un type; vouliez-vous utiliser « has_type » ? [-Wtemplate-body]
   65 |   value_type& reference() const { return *value.data(); }
      |   ^~~~~~~~~~
      |   has_type
/run/media/ndkd/lab/ihpc/ism/build/_deps/kokkos-src/core/src/impl/Kokkos_BuiltinReducers.hpp:68:3: erreur: « result_view_type » ne nomme pas un type [-Wtemplate-body]
   68 |   result_view_type view() const { return value; }
      |   ^~~~~~~~~~~~~~~~
/run/media/ndkd/lab/ihpc/ism/build/_deps/fastor-src/commons/commons.h:71:16: erreur: expected identifier before numeric constant
   71 | #define Scalar 64
      |                ^~
/run/media/ndkd/lab/ihpc/ism/build/_deps/kokkos-src/core/src/impl/Kokkos_BuiltinReducers.hpp:75:17: note: dans l'expansion de la macro « Scalar »
   75 | template <class Scalar, class Space>
      |                 ^~~~~~
/run/media/ndkd/lab/ihpc/ism/build/_deps/fastor-src/commons/commons.h:71:16: erreur: expected « > » before numeric constant
   71 | #define Scalar 64
      |                ^~
/run/media/ndkd/lab/ihpc/ism/build/_deps/kokkos-src/core/src/impl/Kokkos_BuiltinReducers.hpp:75:17: note: dans l'expansion de la macro « Scalar »
   75 | template <class Scalar, class Space>
      |                 ^~~~~~
/run/media/ndkd/lab/ihpc/ism/build/_deps/kokkos-src/core/src/impl/Kokkos_BuiltinReducers.hpp:76:8: erreur: redéclaré avec 1 paramètre dans le patron
   76 | struct Sum : Impl::BaseReducer<Scalar, Space> {
      |        ^~~
Dans le fichier inclus depuis /run/media/ndkd/lab/ihpc/ism/build/_deps/kokkos-src/core/src/Kokkos_Core.hpp:30:
/run/media/ndkd/lab/ihpc/ism/build/_deps/kokkos-src/core/src/Kokkos_Core_fwd.hpp:320:8: note: la déclaration précédente « template<class ScalarType, class Space> struct Kokkos::Sum » utilisait 2 paramètres dans le patron
  320 | struct Sum;
      |        ^~~
/run/media/ndkd/lab/ihpc/ism/build/_deps/kokkos-src/core/src/impl/Kokkos_BuiltinReducers.hpp:76:40: erreur: « Space » n'a pas été déclaré dans cette portée; vouliez-vous employer « isspace » ?
   76 | struct Sum : Impl::BaseReducer<Scalar, Space> {
      |                                        ^~~~~
      |                                        isspace
/run/media/ndkd/lab/ihpc/ism/build/_deps/kokkos-src/core/src/impl/Kokkos_BuiltinReducers.hpp:76:45: erreur: nombre erroné d'arguments du patron (2, devrait être 1)
   76 | struct Sum : Impl::BaseReducer<Scalar, Space> {
      |                                             ^
/run/media/ndkd/lab/ihpc/ism/build/_deps/kokkos-src/core/src/impl/Kokkos_BuiltinReducers.hpp:26:8: note: fournis pour « template<<typeprefixerror><anonymous> > struct Kokkos::Impl::BaseReducer »
   26 | struct BaseReducer {
      |        ^~~~~~~~~~~
/run/media/ndkd/lab/ihpc/ism/build/_deps/fastor-src/commons/commons.h:71:16: erreur: expected nested-name-specifier before numeric constant
   71 | #define Scalar 64
      |                ^~
/run/media/ndkd/lab/ihpc/ism/build/_deps/kokkos-src/core/src/impl/Kokkos_BuiltinReducers.hpp:96:20: note: dans l'expansion de la macro « Scalar »
   96 | template <typename Scalar, typename... Properties>
      |                    ^~~~~~
/run/media/ndkd/lab/ihpc/ism/build/_deps/fastor-src/commons/commons.h:71:16: erreur: expected « > » before numeric constant
   71 | #define Scalar 64
      |                ^~
/run/media/ndkd/lab/ihpc/ism/build/_deps/kokkos-src/core/src/impl/Kokkos_BuiltinReducers.hpp:96:20: note: dans l'expansion de la macro « Scalar »
   96 | template <typename Scalar, typename... Properties>
      |                    ^~~~~~
/run/media/ndkd/lab/ihpc/ism/build/_deps/kokkos-src/core/src/impl/Kokkos_BuiltinReducers.hpp:97:41: erreur: « Properties » n'a pas été déclaré dans cette portée
   97 | KOKKOS_DEDUCTION_GUIDE Sum(View<Scalar, Properties...> const&)
      |                                         ^~~~~~~~~~
/run/media/ndkd/lab/ihpc/ism/build/_deps/kokkos-src/core/src/impl/Kokkos_BuiltinReducers.hpp:97:51: erreur: paquet de paramètres attendu avant « ... »
   97 | KOKKOS_DEDUCTION_GUIDE Sum(View<Scalar, Properties...> const&)
      |                                                   ^~~
/run/media/ndkd/lab/ihpc/ism/build/_deps/kokkos-src/core/src/impl/Kokkos_BuiltinReducers.hpp:97:54: erreur: non concordance de type/valeur pour l'argument 1 dans la liste des paramètres du patron de « template<class DataType, class ... Properties> class Kokkos::View »
   97 | KOKKOS_DEDUCTION_GUIDE Sum(View<Scalar, Properties...> const&)
      |                                                      ^
/run/media/ndkd/lab/ihpc/ism/build/_deps/kokkos-src/core/src/impl/Kokkos_BuiltinReducers.hpp:97:54: note:   on attendait un type, on a obtenu « 64 »
/run/media/ndkd/lab/ihpc/ism/build/_deps/kokkos-src/core/src/impl/Kokkos_BuiltinReducers.hpp:97:54: erreur: l'argument 2 du patron est invalide
/run/media/ndkd/lab/ihpc/ism/build/_deps/kokkos-src/core/src/impl/Kokkos_BuiltinReducers.hpp:98:42: erreur: « Properties » n'a pas été déclaré dans cette portée
   98 |     -> Sum<Scalar, typename View<Scalar, Properties...>::memory_space>;
      |                                          ^~~~~~~~~~
/run/media/ndkd/lab/ihpc/ism/build/_deps/kokkos-src/core/src/impl/Kokkos_BuiltinReducers.hpp:98:52: erreur: paquet de paramètres attendu avant « ... »
   98 |     -> Sum<Scalar, typename View<Scalar, Properties...>::memory_space>;
      |                                                    ^~~
/run/media/ndkd/lab/ihpc/ism/build/_deps/kokkos-src/core/src/impl/Kokkos_BuiltinReducers.hpp:98:55: erreur: non concordance de type/valeur pour l'argument 1 dans la liste des paramètres du patron de « template<class DataType, class ... Properties> class Kokkos::View »
   98 |     -> Sum<Scalar, typename View<Scalar, Properties...>::memory_space>;
      |                                                       ^
/run/media/ndkd/lab/ihpc/ism/build/_deps/kokkos-src/core/src/impl/Kokkos_BuiltinReducers.hpp:98:55: note:   on attendait un type, on a obtenu « 64 »
/run/media/ndkd/lab/ihpc/ism/build/_deps/kokkos-src/core/src/impl/Kokkos_BuiltinReducers.hpp:98:55: erreur: l'argument 2 du patron est invalide
/run/media/ndkd/lab/ihpc/ism/build/_deps/kokkos-src/core/src/impl/Kokkos_BuiltinReducers.hpp:98:70: erreur: non concordance de type/valeur pour l'argument 1 dans la liste des paramètres du patron de « template<class ScalarType, class Space> struct Kokkos::Sum »
   98 |     -> Sum<Scalar, typename View<Scalar, Properties...>::memory_space>;
      |                                                                      ^
/run/media/ndkd/lab/ihpc/ism/build/_deps/kokkos-src/core/src/impl/Kokkos_BuiltinReducers.hpp:98:70: note:   on attendait un type, on a obtenu « 64 »
/run/media/ndkd/lab/ihpc/ism/build/_deps/kokkos-src/core/src/impl/Kokkos_BuiltinReducers.hpp:98:70: erreur: l'argument 2 du patron est invalide
/run/media/ndkd/lab/ihpc/ism/build/_deps/kokkos-src/core/src/impl/Kokkos_BuiltinReducers.hpp:98:8: erreur: le type de retour « <type error> » à la fin du guide de déduction n'est pas une spécialisation de « Kokkos::Sum<ScalarType, Space> »
   98 |     -> Sum<Scalar, typename View<Scalar, Properties...>::memory_space>;
      |        ^~~~~~~~~~~~~~~~~~~~~~~~~~~~~~~~~~~~~~~~~~~~~~~~~~~~~~~~~~~~~~~
/run/media/ndkd/lab/ihpc/ism/build/_deps/fastor-src/commons/commons.h:71:16: erreur: expected identifier before numeric constant
   71 | #define Scalar 64
      |                ^~
/run/media/ndkd/lab/ihpc/ism/build/_deps/kokkos-src/core/src/impl/Kokkos_BuiltinReducers.hpp:100:17: note: dans l'expansion de la macro « Scalar »
  100 | template <class Scalar, class Space>
      |                 ^~~~~~
/run/media/ndkd/lab/ihpc/ism/build/_deps/fastor-src/commons/commons.h:71:16: erreur: expected « > » before numeric constant
   71 | #define Scalar 64
      |                ^~
/run/media/ndkd/lab/ihpc/ism/build/_deps/kokkos-src/core/src/impl/Kokkos_BuiltinReducers.hpp:100:17: note: dans l'expansion de la macro « Scalar »
  100 | template <class Scalar, class Space>
      |                 ^~~~~~
/run/media/ndkd/lab/ihpc/ism/build/_deps/kokkos-src/core/src/impl/Kokkos_BuiltinReducers.hpp:101:8: erreur: redéclaré avec 1 paramètre dans le patron
  101 | struct Prod : Impl::BaseReducer<Scalar, Space> {
      |        ^~~~
/run/media/ndkd/lab/ihpc/ism/build/_deps/kokkos-src/core/src/Kokkos_Core_fwd.hpp:322:8: note: la déclaration précédente « template<class ScalarType, class Space> struct Kokkos::Prod » utilisait 2 paramètres dans le patron
  322 | struct Prod;
      |        ^~~~
/run/media/ndkd/lab/ihpc/ism/build/_deps/kokkos-src/core/src/impl/Kokkos_BuiltinReducers.hpp:101:41: erreur: « Space » n'a pas été déclaré dans cette portée; vouliez-vous employer « isspace » ?
  101 | struct Prod : Impl::BaseReducer<Scalar, Space> {
      |                                         ^~~~~
      |                                         isspace
/run/media/ndkd/lab/ihpc/ism/build/_deps/kokkos-src/core/src/impl/Kokkos_BuiltinReducers.hpp:101:46: erreur: nombre erroné d'arguments du patron (2, devrait être 1)
  101 | struct Prod : Impl::BaseReducer<Scalar, Space> {
      |                                              ^
/run/media/ndkd/lab/ihpc/ism/build/_deps/kokkos-src/core/src/impl/Kokkos_BuiltinReducers.hpp:26:8: note: fournis pour « template<<typeprefixerror><anonymous> > struct Kokkos::Impl::BaseReducer »
   26 | struct BaseReducer {
      |        ^~~~~~~~~~~
/run/media/ndkd/lab/ihpc/ism/build/_deps/fastor-src/commons/commons.h:71:16: erreur: expected nested-name-specifier before numeric constant
   71 | #define Scalar 64
      |                ^~
/run/media/ndkd/lab/ihpc/ism/build/_deps/kokkos-src/core/src/impl/Kokkos_BuiltinReducers.hpp:121:20: note: dans l'expansion de la macro « Scalar »
  121 | template <typename Scalar, typename... Properties>
      |                    ^~~~~~
/run/media/ndkd/lab/ihpc/ism/build/_deps/fastor-src/commons/commons.h:71:16: erreur: expected « > » before numeric constant
   71 | #define Scalar 64
      |                ^~
/run/media/ndkd/lab/ihpc/ism/build/_deps/kokkos-src/core/src/impl/Kokkos_BuiltinReducers.hpp:121:20: note: dans l'expansion de la macro « Scalar »
  121 | template <typename Scalar, typename... Properties>
      |                    ^~~~~~
/run/media/ndkd/lab/ihpc/ism/build/_deps/kokkos-src/core/src/impl/Kokkos_BuiltinReducers.hpp:122:42: erreur: « Properties » n'a pas été déclaré dans cette portée
  122 | KOKKOS_DEDUCTION_GUIDE Prod(View<Scalar, Properties...> const&)
      |                                          ^~~~~~~~~~
/run/media/ndkd/lab/ihpc/ism/build/_deps/kokkos-src/core/src/impl/Kokkos_BuiltinReducers.hpp:122:52: erreur: paquet de paramètres attendu avant « ... »
  122 | KOKKOS_DEDUCTION_GUIDE Prod(View<Scalar, Properties...> const&)
      |                                                    ^~~
/run/media/ndkd/lab/ihpc/ism/build/_deps/kokkos-src/core/src/impl/Kokkos_BuiltinReducers.hpp:122:55: erreur: non concordance de type/valeur pour l'argument 1 dans la liste des paramètres du patron de « template<class DataType, class ... Properties> class Kokkos::View »
  122 | KOKKOS_DEDUCTION_GUIDE Prod(View<Scalar, Properties...> const&)
      |                                                       ^
/run/media/ndkd/lab/ihpc/ism/build/_deps/kokkos-src/core/src/impl/Kokkos_BuiltinReducers.hpp:122:55: note:   on attendait un type, on a obtenu « 64 »
/run/media/ndkd/lab/ihpc/ism/build/_deps/kokkos-src/core/src/impl/Kokkos_BuiltinReducers.hpp:122:55: erreur: l'argument 2 du patron est invalide
/run/media/ndkd/lab/ihpc/ism/build/_deps/kokkos-src/core/src/impl/Kokkos_BuiltinReducers.hpp:123:43: erreur: « Properties » n'a pas été déclaré dans cette portée
  123 |     -> Prod<Scalar, typename View<Scalar, Properties...>::memory_space>;
      |                                           ^~~~~~~~~~
/run/media/ndkd/lab/ihpc/ism/build/_deps/kokkos-src/core/src/impl/Kokkos_BuiltinReducers.hpp:123:53: erreur: paquet de paramètres attendu avant « ... »
  123 |     -> Prod<Scalar, typename View<Scalar, Properties...>::memory_space>;
      |                                                     ^~~
/run/media/ndkd/lab/ihpc/ism/build/_deps/kokkos-src/core/src/impl/Kokkos_BuiltinReducers.hpp:123:56: erreur: non concordance de type/valeur pour l'argument 1 dans la liste des paramètres du patron de « template<class DataType, class ... Properties> class Kokkos::View »
  123 |     -> Prod<Scalar, typename View<Scalar, Properties...>::memory_space>;
      |                                                        ^
/run/media/ndkd/lab/ihpc/ism/build/_deps/kokkos-src/core/src/impl/Kokkos_BuiltinReducers.hpp:123:56: note:   on attendait un type, on a obtenu « 64 »
/run/media/ndkd/lab/ihpc/ism/build/_deps/kokkos-src/core/src/impl/Kokkos_BuiltinReducers.hpp:123:56: erreur: l'argument 2 du patron est invalide
/run/media/ndkd/lab/ihpc/ism/build/_deps/kokkos-src/core/src/impl/Kokkos_BuiltinReducers.hpp:123:71: erreur: non concordance de type/valeur pour l'argument 1 dans la liste des paramètres du patron de « template<class ScalarType, class Space> struct Kokkos::Prod »
  123 |     -> Prod<Scalar, typename View<Scalar, Properties...>::memory_space>;
      |                                                                       ^
/run/media/ndkd/lab/ihpc/ism/build/_deps/kokkos-src/core/src/impl/Kokkos_BuiltinReducers.hpp:123:71: note:   on attendait un type, on a obtenu « 64 »
/run/media/ndkd/lab/ihpc/ism/build/_deps/kokkos-src/core/src/impl/Kokkos_BuiltinReducers.hpp:123:71: erreur: l'argument 2 du patron est invalide
/run/media/ndkd/lab/ihpc/ism/build/_deps/kokkos-src/core/src/impl/Kokkos_BuiltinReducers.hpp:123:8: erreur: le type de retour « <type error> » à la fin du guide de déduction n'est pas une spécialisation de « Kokkos::Prod<ScalarType, Space> »
  123 |     -> Prod<Scalar, typename View<Scalar, Properties...>::memory_space>;
      |        ^~~~~~~~~~~~~~~~~~~~~~~~~~~~~~~~~~~~~~~~~~~~~~~~~~~~~~~~~~~~~~~~
/run/media/ndkd/lab/ihpc/ism/build/_deps/fastor-src/commons/commons.h:71:16: erreur: expected identifier before numeric constant
   71 | #define Scalar 64
      |                ^~
/run/media/ndkd/lab/ihpc/ism/build/_deps/kokkos-src/core/src/impl/Kokkos_BuiltinReducers.hpp:125:17: note: dans l'expansion de la macro « Scalar »
  125 | template <class Scalar, class Space>
      |                 ^~~~~~
/run/media/ndkd/lab/ihpc/ism/build/_deps/fastor-src/commons/commons.h:71:16: erreur: expected « > » before numeric constant
   71 | #define Scalar 64
      |                ^~
/run/media/ndkd/lab/ihpc/ism/build/_deps/kokkos-src/core/src/impl/Kokkos_BuiltinReducers.hpp:125:17: note: dans l'expansion de la macro « Scalar »
  125 | template <class Scalar, class Space>
      |                 ^~~~~~
/run/media/ndkd/lab/ihpc/ism/build/_deps/kokkos-src/core/src/impl/Kokkos_BuiltinReducers.hpp:126:8: erreur: redéclaré avec 1 paramètre dans le patron
  126 | struct Min : Impl::BaseReducer<Scalar, Space> {
      |        ^~~
/run/media/ndkd/lab/ihpc/ism/build/_deps/kokkos-src/core/src/Kokkos_Core_fwd.hpp:324:8: note: la déclaration précédente « template<class ScalarType, class Space> struct Kokkos::Min » utilisait 2 paramètres dans le patron
  324 | struct Min;
      |        ^~~
/run/media/ndkd/lab/ihpc/ism/build/_deps/kokkos-src/core/src/impl/Kokkos_BuiltinReducers.hpp:126:40: erreur: « Space » n'a pas été déclaré dans cette portée; vouliez-vous employer « isspace » ?
  126 | struct Min : Impl::BaseReducer<Scalar, Space> {
      |                                        ^~~~~
      |                                        isspace
/run/media/ndkd/lab/ihpc/ism/build/_deps/kokkos-src/core/src/impl/Kokkos_BuiltinReducers.hpp:126:45: erreur: nombre erroné d'arguments du patron (2, devrait être 1)
  126 | struct Min : Impl::BaseReducer<Scalar, Space> {
      |                                             ^
/run/media/ndkd/lab/ihpc/ism/build/_deps/kokkos-src/core/src/impl/Kokkos_BuiltinReducers.hpp:26:8: note: fournis pour « template<<typeprefixerror><anonymous> > struct Kokkos::Impl::BaseReducer »
   26 | struct BaseReducer {
      |        ^~~~~~~~~~~
/run/media/ndkd/lab/ihpc/ism/build/_deps/fastor-src/commons/commons.h:71:16: erreur: expected nested-name-specifier before numeric constant
   71 | #define Scalar 64
      |                ^~
/run/media/ndkd/lab/ihpc/ism/build/_deps/kokkos-src/core/src/impl/Kokkos_BuiltinReducers.hpp:148:20: note: dans l'expansion de la macro « Scalar »
  148 | template <typename Scalar, typename... Properties>
      |                    ^~~~~~
/run/media/ndkd/lab/ihpc/ism/build/_deps/fastor-src/commons/commons.h:71:16: erreur: expected « > » before numeric constant
   71 | #define Scalar 64
      |                ^~
/run/media/ndkd/lab/ihpc/ism/build/_deps/kokkos-src/core/src/impl/Kokkos_BuiltinReducers.hpp:148:20: note: dans l'expansion de la macro « Scalar »
  148 | template <typename Scalar, typename... Properties>
      |                    ^~~~~~
/run/media/ndkd/lab/ihpc/ism/build/_deps/kokkos-src/core/src/impl/Kokkos_BuiltinReducers.hpp:149:41: erreur: « Properties » n'a pas été déclaré dans cette portée
  149 | KOKKOS_DEDUCTION_GUIDE Min(View<Scalar, Properties...> const&)
      |                                         ^~~~~~~~~~
/run/media/ndkd/lab/ihpc/ism/build/_deps/kokkos-src/core/src/impl/Kokkos_BuiltinReducers.hpp:149:51: erreur: paquet de paramètres attendu avant « ... »
  149 | KOKKOS_DEDUCTION_GUIDE Min(View<Scalar, Properties...> const&)
      |                                                   ^~~
/run/media/ndkd/lab/ihpc/ism/build/_deps/kokkos-src/core/src/impl/Kokkos_BuiltinReducers.hpp:149:54: erreur: non concordance de type/valeur pour l'argument 1 dans la liste des paramètres du patron de « template<class DataType, class ... Properties> class Kokkos::View »
  149 | KOKKOS_DEDUCTION_GUIDE Min(View<Scalar, Properties...> const&)
      |                                                      ^
/run/media/ndkd/lab/ihpc/ism/build/_deps/kokkos-src/core/src/impl/Kokkos_BuiltinReducers.hpp:149:54: note:   on attendait un type, on a obtenu « 64 »
/run/media/ndkd/lab/ihpc/ism/build/_deps/kokkos-src/core/src/impl/Kokkos_BuiltinReducers.hpp:149:54: erreur: l'argument 2 du patron est invalide
/run/media/ndkd/lab/ihpc/ism/build/_deps/kokkos-src/core/src/impl/Kokkos_BuiltinReducers.hpp:150:42: erreur: « Properties » n'a pas été déclaré dans cette portée
  150 |     -> Min<Scalar, typename View<Scalar, Properties...>::memory_space>;
      |                                          ^~~~~~~~~~
/run/media/ndkd/lab/ihpc/ism/build/_deps/kokkos-src/core/src/impl/Kokkos_BuiltinReducers.hpp:150:52: erreur: paquet de paramètres attendu avant « ... »
  150 |     -> Min<Scalar, typename View<Scalar, Properties...>::memory_space>;
      |                                                    ^~~
/run/media/ndkd/lab/ihpc/ism/build/_deps/kokkos-src/core/src/impl/Kokkos_BuiltinReducers.hpp:150:55: erreur: non concordance de type/valeur pour l'argument 1 dans la liste des paramètres du patron de « template<class DataType, class ... Properties> class Kokkos::View »
  150 |     -> Min<Scalar, typename View<Scalar, Properties...>::memory_space>;
      |                                                       ^
/run/media/ndkd/lab/ihpc/ism/build/_deps/kokkos-src/core/src/impl/Kokkos_BuiltinReducers.hpp:150:55: note:   on attendait un type, on a obtenu « 64 »
/run/media/ndkd/lab/ihpc/ism/build/_deps/kokkos-src/core/src/impl/Kokkos_BuiltinReducers.hpp:150:55: erreur: l'argument 2 du patron est invalide
/run/media/ndkd/lab/ihpc/ism/build/_deps/kokkos-src/core/src/impl/Kokkos_BuiltinReducers.hpp:150:70: erreur: non concordance de type/valeur pour l'argument 1 dans la liste des paramètres du patron de « template<class ScalarType, class Space> struct Kokkos::Min »
  150 |     -> Min<Scalar, typename View<Scalar, Properties...>::memory_space>;
      |                                                                      ^
/run/media/ndkd/lab/ihpc/ism/build/_deps/kokkos-src/core/src/impl/Kokkos_BuiltinReducers.hpp:150:70: note:   on attendait un type, on a obtenu « 64 »
/run/media/ndkd/lab/ihpc/ism/build/_deps/kokkos-src/core/src/impl/Kokkos_BuiltinReducers.hpp:150:70: erreur: l'argument 2 du patron est invalide
/run/media/ndkd/lab/ihpc/ism/build/_deps/kokkos-src/core/src/impl/Kokkos_BuiltinReducers.hpp:150:8: erreur: le type de retour « <type error> » à la fin du guide de déduction n'est pas une spécialisation de « Kokkos::Min<ScalarType, Space> »
  150 |     -> Min<Scalar, typename View<Scalar, Properties...>::memory_space>;
      |        ^~~~~~~~~~~~~~~~~~~~~~~~~~~~~~~~~~~~~~~~~~~~~~~~~~~~~~~~~~~~~~~
/run/media/ndkd/lab/ihpc/ism/build/_deps/fastor-src/commons/commons.h:71:16: erreur: expected identifier before numeric constant
   71 | #define Scalar 64
      |                ^~
/run/media/ndkd/lab/ihpc/ism/build/_deps/kokkos-src/core/src/impl/Kokkos_BuiltinReducers.hpp:152:17: note: dans l'expansion de la macro « Scalar »
  152 | template <class Scalar, class Space>
      |                 ^~~~~~
/run/media/ndkd/lab/ihpc/ism/build/_deps/fastor-src/commons/commons.h:71:16: erreur: expected « > » before numeric constant
   71 | #define Scalar 64
      |                ^~
/run/media/ndkd/lab/ihpc/ism/build/_deps/kokkos-src/core/src/impl/Kokkos_BuiltinReducers.hpp:152:17: note: dans l'expansion de la macro « Scalar »
  152 | template <class Scalar, class Space>
      |                 ^~~~~~
/run/media/ndkd/lab/ihpc/ism/build/_deps/kokkos-src/core/src/impl/Kokkos_BuiltinReducers.hpp:153:8: erreur: redéclaré avec 1 paramètre dans le patron
  153 | struct Max : Impl::BaseReducer<Scalar, Space> {
      |        ^~~
/run/media/ndkd/lab/ihpc/ism/build/_deps/kokkos-src/core/src/Kokkos_Core_fwd.hpp:326:8: note: la déclaration précédente « template<class ScalarType, class Space> struct Kokkos::Max » utilisait 2 paramètres dans le patron
  326 | struct Max;
      |        ^~~
/run/media/ndkd/lab/ihpc/ism/build/_deps/kokkos-src/core/src/impl/Kokkos_BuiltinReducers.hpp:153:40: erreur: « Space » n'a pas été déclaré dans cette portée; vouliez-vous employer « isspace » ?
  153 | struct Max : Impl::BaseReducer<Scalar, Space> {
      |                                        ^~~~~
      |                                        isspace
/run/media/ndkd/lab/ihpc/ism/build/_deps/kokkos-src/core/src/impl/Kokkos_BuiltinReducers.hpp:153:45: erreur: nombre erroné d'arguments du patron (2, devrait être 1)
  153 | struct Max : Impl::BaseReducer<Scalar, Space> {
      |                                             ^
/run/media/ndkd/lab/ihpc/ism/build/_deps/kokkos-src/core/src/impl/Kokkos_BuiltinReducers.hpp:26:8: note: fournis pour « template<<typeprefixerror><anonymous> > struct Kokkos::Impl::BaseReducer »
   26 | struct BaseReducer {
      |        ^~~~~~~~~~~
/run/media/ndkd/lab/ihpc/ism/build/_deps/fastor-src/commons/commons.h:71:16: erreur: expected nested-name-specifier before numeric constant
   71 | #define Scalar 64
      |                ^~
/run/media/ndkd/lab/ihpc/ism/build/_deps/kokkos-src/core/src/impl/Kokkos_BuiltinReducers.hpp:175:20: note: dans l'expansion de la macro « Scalar »
  175 | template <typename Scalar, typename... Properties>
      |                    ^~~~~~
/run/media/ndkd/lab/ihpc/ism/build/_deps/fastor-src/commons/commons.h:71:16: erreur: expected « > » before numeric constant
   71 | #define Scalar 64
      |                ^~
/run/media/ndkd/lab/ihpc/ism/build/_deps/kokkos-src/core/src/impl/Kokkos_BuiltinReducers.hpp:175:20: note: dans l'expansion de la macro « Scalar »
  175 | template <typename Scalar, typename... Properties>
      |                    ^~~~~~
/run/media/ndkd/lab/ihpc/ism/build/_deps/kokkos-src/core/src/impl/Kokkos_BuiltinReducers.hpp:176:41: erreur: « Properties » n'a pas été déclaré dans cette portée
  176 | KOKKOS_DEDUCTION_GUIDE Max(View<Scalar, Properties...> const&)
      |                                         ^~~~~~~~~~
/run/media/ndkd/lab/ihpc/ism/build/_deps/kokkos-src/core/src/impl/Kokkos_BuiltinReducers.hpp:176:51: erreur: paquet de paramètres attendu avant « ... »
  176 | KOKKOS_DEDUCTION_GUIDE Max(View<Scalar, Properties...> const&)
      |                                                   ^~~
/run/media/ndkd/lab/ihpc/ism/build/_deps/kokkos-src/core/src/impl/Kokkos_BuiltinReducers.hpp:176:54: erreur: non concordance de type/valeur pour l'argument 1 dans la liste des paramètres du patron de « template<class DataType, class ... Properties> class Kokkos::View »
  176 | KOKKOS_DEDUCTION_GUIDE Max(View<Scalar, Properties...> const&)
      |                                                      ^
/run/media/ndkd/lab/ihpc/ism/build/_deps/kokkos-src/core/src/impl/Kokkos_BuiltinReducers.hpp:176:54: note:   on attendait un type, on a obtenu « 64 »
/run/media/ndkd/lab/ihpc/ism/build/_deps/kokkos-src/core/src/impl/Kokkos_BuiltinReducers.hpp:176:54: erreur: l'argument 2 du patron est invalide
/run/media/ndkd/lab/ihpc/ism/build/_deps/kokkos-src/core/src/impl/Kokkos_BuiltinReducers.hpp:177:42: erreur: « Properties » n'a pas été déclaré dans cette portée
  177 |     -> Max<Scalar, typename View<Scalar, Properties...>::memory_space>;
      |                                          ^~~~~~~~~~
/run/media/ndkd/lab/ihpc/ism/build/_deps/kokkos-src/core/src/impl/Kokkos_BuiltinReducers.hpp:177:52: erreur: paquet de paramètres attendu avant « ... »
  177 |     -> Max<Scalar, typename View<Scalar, Properties...>::memory_space>;
      |                                                    ^~~
/run/media/ndkd/lab/ihpc/ism/build/_deps/kokkos-src/core/src/impl/Kokkos_BuiltinReducers.hpp:177:55: erreur: non concordance de type/valeur pour l'argument 1 dans la liste des paramètres du patron de « template<class DataType, class ... Properties> class Kokkos::View »
  177 |     -> Max<Scalar, typename View<Scalar, Properties...>::memory_space>;
      |                                                       ^
/run/media/ndkd/lab/ihpc/ism/build/_deps/kokkos-src/core/src/impl/Kokkos_BuiltinReducers.hpp:177:55: note:   on attendait un type, on a obtenu « 64 »
/run/media/ndkd/lab/ihpc/ism/build/_deps/kokkos-src/core/src/impl/Kokkos_BuiltinReducers.hpp:177:55: erreur: l'argument 2 du patron est invalide
/run/media/ndkd/lab/ihpc/ism/build/_deps/kokkos-src/core/src/impl/Kokkos_BuiltinReducers.hpp:177:70: erreur: non concordance de type/valeur pour l'argument 1 dans la liste des paramètres du patron de « template<class ScalarType, class Space> struct Kokkos::Max »
  177 |     -> Max<Scalar, typename View<Scalar, Properties...>::memory_space>;
      |                                                                      ^
/run/media/ndkd/lab/ihpc/ism/build/_deps/kokkos-src/core/src/impl/Kokkos_BuiltinReducers.hpp:177:70: note:   on attendait un type, on a obtenu « 64 »
/run/media/ndkd/lab/ihpc/ism/build/_deps/kokkos-src/core/src/impl/Kokkos_BuiltinReducers.hpp:177:70: erreur: l'argument 2 du patron est invalide
/run/media/ndkd/lab/ihpc/ism/build/_deps/kokkos-src/core/src/impl/Kokkos_BuiltinReducers.hpp:177:8: erreur: le type de retour « <type error> » à la fin du guide de déduction n'est pas une spécialisation de « Kokkos::Max<ScalarType, Space> »
  177 |     -> Max<Scalar, typename View<Scalar, Properties...>::memory_space>;
      |        ^~~~~~~~~~~~~~~~~~~~~~~~~~~~~~~~~~~~~~~~~~~~~~~~~~~~~~~~~~~~~~~
/run/media/ndkd/lab/ihpc/ism/build/_deps/fastor-src/commons/commons.h:71:16: erreur: expected identifier before numeric constant
   71 | #define Scalar 64
      |                ^~
/run/media/ndkd/lab/ihpc/ism/build/_deps/kokkos-src/core/src/impl/Kokkos_BuiltinReducers.hpp:179:17: note: dans l'expansion de la macro « Scalar »
  179 | template <class Scalar, class Space>
      |                 ^~~~~~
/run/media/ndkd/lab/ihpc/ism/build/_deps/fastor-src/commons/commons.h:71:16: erreur: expected « > » before numeric constant
   71 | #define Scalar 64
      |                ^~
/run/media/ndkd/lab/ihpc/ism/build/_deps/kokkos-src/core/src/impl/Kokkos_BuiltinReducers.hpp:179:17: note: dans l'expansion de la macro « Scalar »
  179 | template <class Scalar, class Space>
      |                 ^~~~~~
/run/media/ndkd/lab/ihpc/ism/build/_deps/kokkos-src/core/src/impl/Kokkos_BuiltinReducers.hpp:180:8: erreur: redéclaré avec 1 paramètre dans le patron
  180 | struct LAnd : Impl::BaseReducer<Scalar, Space> {
      |        ^~~~
/run/media/ndkd/lab/ihpc/ism/build/_deps/kokkos-src/core/src/Kokkos_Core_fwd.hpp:340:8: note: la déclaration précédente « template<class ScalarType, class Space> struct Kokkos::LAnd » utilisait 2 paramètres dans le patron
  340 | struct LAnd;
      |        ^~~~
/run/media/ndkd/lab/ihpc/ism/build/_deps/kokkos-src/core/src/impl/Kokkos_BuiltinReducers.hpp:180:41: erreur: « Space » n'a pas été déclaré dans cette portée; vouliez-vous employer « isspace » ?
  180 | struct LAnd : Impl::BaseReducer<Scalar, Space> {
      |                                         ^~~~~
      |                                         isspace
/run/media/ndkd/lab/ihpc/ism/build/_deps/kokkos-src/core/src/impl/Kokkos_BuiltinReducers.hpp:180:46: erreur: nombre erroné d'arguments du patron (2, devrait être 1)
  180 | struct LAnd : Impl::BaseReducer<Scalar, Space> {
      |                                              ^
/run/media/ndkd/lab/ihpc/ism/build/_deps/kokkos-src/core/src/impl/Kokkos_BuiltinReducers.hpp:26:8: note: fournis pour « template<<typeprefixerror><anonymous> > struct Kokkos::Impl::BaseReducer »
   26 | struct BaseReducer {
      |        ^~~~~~~~~~~
/run/media/ndkd/lab/ihpc/ism/build/_deps/fastor-src/commons/commons.h:71:16: erreur: expected nested-name-specifier before numeric constant
   71 | #define Scalar 64
      |                ^~
/run/media/ndkd/lab/ihpc/ism/build/_deps/kokkos-src/core/src/impl/Kokkos_BuiltinReducers.hpp:202:20: note: dans l'expansion de la macro « Scalar »
  202 | template <typename Scalar, typename... Properties>
      |                    ^~~~~~
/run/media/ndkd/lab/ihpc/ism/build/_deps/fastor-src/commons/commons.h:71:16: erreur: expected « > » before numeric constant
   71 | #define Scalar 64
      |                ^~
/run/media/ndkd/lab/ihpc/ism/build/_deps/kokkos-src/core/src/impl/Kokkos_BuiltinReducers.hpp:202:20: note: dans l'expansion de la macro « Scalar »
  202 | template <typename Scalar, typename... Properties>
      |                    ^~~~~~
/run/media/ndkd/lab/ihpc/ism/build/_deps/kokkos-src/core/src/impl/Kokkos_BuiltinReducers.hpp:203:42: erreur: « Properties » n'a pas été déclaré dans cette portée
  203 | KOKKOS_DEDUCTION_GUIDE LAnd(View<Scalar, Properties...> const&)
      |                                          ^~~~~~~~~~
/run/media/ndkd/lab/ihpc/ism/build/_deps/kokkos-src/core/src/impl/Kokkos_BuiltinReducers.hpp:203:52: erreur: paquet de paramètres attendu avant « ... »
  203 | KOKKOS_DEDUCTION_GUIDE LAnd(View<Scalar, Properties...> const&)
      |                                                    ^~~
/run/media/ndkd/lab/ihpc/ism/build/_deps/kokkos-src/core/src/impl/Kokkos_BuiltinReducers.hpp:203:55: erreur: non concordance de type/valeur pour l'argument 1 dans la liste des paramètres du patron de « template<class DataType, class ... Properties> class Kokkos::View »
  203 | KOKKOS_DEDUCTION_GUIDE LAnd(View<Scalar, Properties...> const&)
      |                                                       ^
/run/media/ndkd/lab/ihpc/ism/build/_deps/kokkos-src/core/src/impl/Kokkos_BuiltinReducers.hpp:203:55: note:   on attendait un type, on a obtenu « 64 »
/run/media/ndkd/lab/ihpc/ism/build/_deps/kokkos-src/core/src/impl/Kokkos_BuiltinReducers.hpp:203:55: erreur: l'argument 2 du patron est invalide
/run/media/ndkd/lab/ihpc/ism/build/_deps/kokkos-src/core/src/impl/Kokkos_BuiltinReducers.hpp:204:43: erreur: « Properties » n'a pas été déclaré dans cette portée
  204 |     -> LAnd<Scalar, typename View<Scalar, Properties...>::memory_space>;
      |                                           ^~~~~~~~~~
/run/media/ndkd/lab/ihpc/ism/build/_deps/kokkos-src/core/src/impl/Kokkos_BuiltinReducers.hpp:204:53: erreur: paquet de paramètres attendu avant « ... »
  204 |     -> LAnd<Scalar, typename View<Scalar, Properties...>::memory_space>;
      |                                                     ^~~
/run/media/ndkd/lab/ihpc/ism/build/_deps/kokkos-src/core/src/impl/Kokkos_BuiltinReducers.hpp:204:56: erreur: non concordance de type/valeur pour l'argument 1 dans la liste des paramètres du patron de « template<class DataType, class ... Properties> class Kokkos::View »
  204 |     -> LAnd<Scalar, typename View<Scalar, Properties...>::memory_space>;
      |                                                        ^
/run/media/ndkd/lab/ihpc/ism/build/_deps/kokkos-src/core/src/impl/Kokkos_BuiltinReducers.hpp:204:56: note:   on attendait un type, on a obtenu « 64 »
/run/media/ndkd/lab/ihpc/ism/build/_deps/kokkos-src/core/src/impl/Kokkos_BuiltinReducers.hpp:204:56: erreur: l'argument 2 du patron est invalide
/run/media/ndkd/lab/ihpc/ism/build/_deps/kokkos-src/core/src/impl/Kokkos_BuiltinReducers.hpp:204:71: erreur: non concordance de type/valeur pour l'argument 1 dans la liste des paramètres du patron de « template<class ScalarType, class Space> struct Kokkos::LAnd »
  204 |     -> LAnd<Scalar, typename View<Scalar, Properties...>::memory_space>;
      |                                                                       ^
/run/media/ndkd/lab/ihpc/ism/build/_deps/kokkos-src/core/src/impl/Kokkos_BuiltinReducers.hpp:204:71: note:   on attendait un type, on a obtenu « 64 »
/run/media/ndkd/lab/ihpc/ism/build/_deps/kokkos-src/core/src/impl/Kokkos_BuiltinReducers.hpp:204:71: erreur: l'argument 2 du patron est invalide
/run/media/ndkd/lab/ihpc/ism/build/_deps/kokkos-src/core/src/impl/Kokkos_BuiltinReducers.hpp:204:8: erreur: le type de retour « <type error> » à la fin du guide de déduction n'est pas une spécialisation de « Kokkos::LAnd<ScalarType, Space> »
  204 |     -> LAnd<Scalar, typename View<Scalar, Properties...>::memory_space>;
      |        ^~~~~~~~~~~~~~~~~~~~~~~~~~~~~~~~~~~~~~~~~~~~~~~~~~~~~~~~~~~~~~~~
/run/media/ndkd/lab/ihpc/ism/build/_deps/fastor-src/commons/commons.h:71:16: erreur: expected identifier before numeric constant
   71 | #define Scalar 64
      |                ^~
/run/media/ndkd/lab/ihpc/ism/build/_deps/kokkos-src/core/src/impl/Kokkos_BuiltinReducers.hpp:206:17: note: dans l'expansion de la macro « Scalar »
  206 | template <class Scalar, class Space>
      |                 ^~~~~~
/run/media/ndkd/lab/ihpc/ism/build/_deps/fastor-src/commons/commons.h:71:16: erreur: expected « > » before numeric constant
   71 | #define Scalar 64
      |                ^~
/run/media/ndkd/lab/ihpc/ism/build/_deps/kokkos-src/core/src/impl/Kokkos_BuiltinReducers.hpp:206:17: note: dans l'expansion de la macro « Scalar »
  206 | template <class Scalar, class Space>
      |                 ^~~~~~
/run/media/ndkd/lab/ihpc/ism/build/_deps/kokkos-src/core/src/impl/Kokkos_BuiltinReducers.hpp:207:8: erreur: redéclaré avec 1 paramètre dans le patron
  207 | struct LOr : Impl::BaseReducer<Scalar, Space> {
      |        ^~~
/run/media/ndkd/lab/ihpc/ism/build/_deps/kokkos-src/core/src/Kokkos_Core_fwd.hpp:342:8: note: la déclaration précédente « template<class ScalarType, class Space> struct Kokkos::LOr » utilisait 2 paramètres dans le patron
  342 | struct LOr;
      |        ^~~
/run/media/ndkd/lab/ihpc/ism/build/_deps/kokkos-src/core/src/impl/Kokkos_BuiltinReducers.hpp:207:40: erreur: « Space » n'a pas été déclaré dans cette portée; vouliez-vous employer « isspace » ?
  207 | struct LOr : Impl::BaseReducer<Scalar, Space> {
      |                                        ^~~~~
      |                                        isspace
/run/media/ndkd/lab/ihpc/ism/build/_deps/kokkos-src/core/src/impl/Kokkos_BuiltinReducers.hpp:207:45: erreur: nombre erroné d'arguments du patron (2, devrait être 1)
  207 | struct LOr : Impl::BaseReducer<Scalar, Space> {
      |                                             ^
/run/media/ndkd/lab/ihpc/ism/build/_deps/kokkos-src/core/src/impl/Kokkos_BuiltinReducers.hpp:26:8: note: fournis pour « template<<typeprefixerror><anonymous> > struct Kokkos::Impl::BaseReducer »
   26 | struct BaseReducer {
      |        ^~~~~~~~~~~
/run/media/ndkd/lab/ihpc/ism/build/_deps/fastor-src/commons/commons.h:71:16: erreur: expected nested-name-specifier before numeric constant
   71 | #define Scalar 64
      |                ^~
/run/media/ndkd/lab/ihpc/ism/build/_deps/kokkos-src/core/src/impl/Kokkos_BuiltinReducers.hpp:229:20: note: dans l'expansion de la macro « Scalar »
  229 | template <typename Scalar, typename... Properties>
      |                    ^~~~~~
/run/media/ndkd/lab/ihpc/ism/build/_deps/fastor-src/commons/commons.h:71:16: erreur: expected « > » before numeric constant
   71 | #define Scalar 64
      |                ^~
/run/media/ndkd/lab/ihpc/ism/build/_deps/kokkos-src/core/src/impl/Kokkos_BuiltinReducers.hpp:229:20: note: dans l'expansion de la macro « Scalar »
  229 | template <typename Scalar, typename... Properties>
      |                    ^~~~~~
/run/media/ndkd/lab/ihpc/ism/build/_deps/kokkos-src/core/src/impl/Kokkos_BuiltinReducers.hpp:230:41: erreur: « Properties » n'a pas été déclaré dans cette portée
  230 | KOKKOS_DEDUCTION_GUIDE LOr(View<Scalar, Properties...> const&)
      |                                         ^~~~~~~~~~
/run/media/ndkd/lab/ihpc/ism/build/_deps/kokkos-src/core/src/impl/Kokkos_BuiltinReducers.hpp:230:51: erreur: paquet de paramètres attendu avant « ... »
  230 | KOKKOS_DEDUCTION_GUIDE LOr(View<Scalar, Properties...> const&)
      |                                                   ^~~
/run/media/ndkd/lab/ihpc/ism/build/_deps/kokkos-src/core/src/impl/Kokkos_BuiltinReducers.hpp:230:54: erreur: non concordance de type/valeur pour l'argument 1 dans la liste des paramètres du patron de « template<class DataType, class ... Properties> class Kokkos::View »
  230 | KOKKOS_DEDUCTION_GUIDE LOr(View<Scalar, Properties...> const&)
      |                                                      ^
/run/media/ndkd/lab/ihpc/ism/build/_deps/kokkos-src/core/src/impl/Kokkos_BuiltinReducers.hpp:230:54: note:   on attendait un type, on a obtenu « 64 »
/run/media/ndkd/lab/ihpc/ism/build/_deps/kokkos-src/core/src/impl/Kokkos_BuiltinReducers.hpp:230:54: erreur: l'argument 2 du patron est invalide
/run/media/ndkd/lab/ihpc/ism/build/_deps/kokkos-src/core/src/impl/Kokkos_BuiltinReducers.hpp:231:42: erreur: « Properties » n'a pas été déclaré dans cette portée
  231 |     -> LOr<Scalar, typename View<Scalar, Properties...>::memory_space>;
      |                                          ^~~~~~~~~~
/run/media/ndkd/lab/ihpc/ism/build/_deps/kokkos-src/core/src/impl/Kokkos_BuiltinReducers.hpp:231:52: erreur: paquet de paramètres attendu avant « ... »
  231 |     -> LOr<Scalar, typename View<Scalar, Properties...>::memory_space>;
      |                                                    ^~~
/run/media/ndkd/lab/ihpc/ism/build/_deps/kokkos-src/core/src/impl/Kokkos_BuiltinReducers.hpp:231:55: erreur: non concordance de type/valeur pour l'argument 1 dans la liste des paramètres du patron de « template<class DataType, class ... Properties> class Kokkos::View »
  231 |     -> LOr<Scalar, typename View<Scalar, Properties...>::memory_space>;
      |                                                       ^
/run/media/ndkd/lab/ihpc/ism/build/_deps/kokkos-src/core/src/impl/Kokkos_BuiltinReducers.hpp:231:55: note:   on attendait un type, on a obtenu « 64 »
/run/media/ndkd/lab/ihpc/ism/build/_deps/kokkos-src/core/src/impl/Kokkos_BuiltinReducers.hpp:231:55: erreur: l'argument 2 du patron est invalide
/run/media/ndkd/lab/ihpc/ism/build/_deps/kokkos-src/core/src/impl/Kokkos_BuiltinReducers.hpp:231:70: erreur: non concordance de type/valeur pour l'argument 1 dans la liste des paramètres du patron de « template<class ScalarType, class Space> struct Kokkos::LOr »
  231 |     -> LOr<Scalar, typename View<Scalar, Properties...>::memory_space>;
      |                                                                      ^
/run/media/ndkd/lab/ihpc/ism/build/_deps/kokkos-src/core/src/impl/Kokkos_BuiltinReducers.hpp:231:70: note:   on attendait un type, on a obtenu « 64 »
/run/media/ndkd/lab/ihpc/ism/build/_deps/kokkos-src/core/src/impl/Kokkos_BuiltinReducers.hpp:231:70: erreur: l'argument 2 du patron est invalide
/run/media/ndkd/lab/ihpc/ism/build/_deps/kokkos-src/core/src/impl/Kokkos_BuiltinReducers.hpp:231:8: erreur: le type de retour « <type error> » à la fin du guide de déduction n'est pas une spécialisation de « Kokkos::LOr<ScalarType, Space> »
  231 |     -> LOr<Scalar, typename View<Scalar, Properties...>::memory_space>;
      |        ^~~~~~~~~~~~~~~~~~~~~~~~~~~~~~~~~~~~~~~~~~~~~~~~~~~~~~~~~~~~~~~
/run/media/ndkd/lab/ihpc/ism/build/_deps/fastor-src/commons/commons.h:71:16: erreur: expected identifier before numeric constant
   71 | #define Scalar 64
      |                ^~
/run/media/ndkd/lab/ihpc/ism/build/_deps/kokkos-src/core/src/impl/Kokkos_BuiltinReducers.hpp:233:17: note: dans l'expansion de la macro « Scalar »
  233 | template <class Scalar, class Space>
      |                 ^~~~~~
/run/media/ndkd/lab/ihpc/ism/build/_deps/fastor-src/commons/commons.h:71:16: erreur: expected « > » before numeric constant
   71 | #define Scalar 64
      |                ^~
/run/media/ndkd/lab/ihpc/ism/build/_deps/kokkos-src/core/src/impl/Kokkos_BuiltinReducers.hpp:233:17: note: dans l'expansion de la macro « Scalar »
  233 | template <class Scalar, class Space>
      |                 ^~~~~~
/run/media/ndkd/lab/ihpc/ism/build/_deps/kokkos-src/core/src/impl/Kokkos_BuiltinReducers.hpp:234:8: erreur: redéclaré avec 1 paramètre dans le patron
  234 | struct BAnd : Impl::BaseReducer<Scalar, Space> {
      |        ^~~~
/run/media/ndkd/lab/ihpc/ism/build/_deps/kokkos-src/core/src/Kokkos_Core_fwd.hpp:336:8: note: la déclaration précédente « template<class ScalarType, class Space> struct Kokkos::BAnd » utilisait 2 paramètres dans le patron
  336 | struct BAnd;
      |        ^~~~
/run/media/ndkd/lab/ihpc/ism/build/_deps/kokkos-src/core/src/impl/Kokkos_BuiltinReducers.hpp:234:41: erreur: « Space » n'a pas été déclaré dans cette portée; vouliez-vous employer « isspace » ?
  234 | struct BAnd : Impl::BaseReducer<Scalar, Space> {
      |                                         ^~~~~
      |                                         isspace
/run/media/ndkd/lab/ihpc/ism/build/_deps/kokkos-src/core/src/impl/Kokkos_BuiltinReducers.hpp:234:46: erreur: nombre erroné d'arguments du patron (2, devrait être 1)
  234 | struct BAnd : Impl::BaseReducer<Scalar, Space> {
      |                                              ^
/run/media/ndkd/lab/ihpc/ism/build/_deps/kokkos-src/core/src/impl/Kokkos_BuiltinReducers.hpp:26:8: note: fournis pour « template<<typeprefixerror><anonymous> > struct Kokkos::Impl::BaseReducer »
   26 | struct BaseReducer {
      |        ^~~~~~~~~~~
/run/media/ndkd/lab/ihpc/ism/build/_deps/fastor-src/commons/commons.h:71:16: erreur: expected nested-name-specifier before numeric constant
   71 | #define Scalar 64
      |                ^~
/run/media/ndkd/lab/ihpc/ism/build/_deps/kokkos-src/core/src/impl/Kokkos_BuiltinReducers.hpp:256:20: note: dans l'expansion de la macro « Scalar »
  256 | template <typename Scalar, typename... Properties>
      |                    ^~~~~~
/run/media/ndkd/lab/ihpc/ism/build/_deps/fastor-src/commons/commons.h:71:16: erreur: expected « > » before numeric constant
   71 | #define Scalar 64
      |                ^~
/run/media/ndkd/lab/ihpc/ism/build/_deps/kokkos-src/core/src/impl/Kokkos_BuiltinReducers.hpp:256:20: note: dans l'expansion de la macro « Scalar »
  256 | template <typename Scalar, typename... Properties>
      |                    ^~~~~~
/run/media/ndkd/lab/ihpc/ism/build/_deps/kokkos-src/core/src/impl/Kokkos_BuiltinReducers.hpp:257:42: erreur: « Properties » n'a pas été déclaré dans cette portée
  257 | KOKKOS_DEDUCTION_GUIDE BAnd(View<Scalar, Properties...> const&)
      |                                          ^~~~~~~~~~
/run/media/ndkd/lab/ihpc/ism/build/_deps/kokkos-src/core/src/impl/Kokkos_BuiltinReducers.hpp:257:52: erreur: paquet de paramètres attendu avant « ... »
  257 | KOKKOS_DEDUCTION_GUIDE BAnd(View<Scalar, Properties...> const&)
      |                                                    ^~~
/run/media/ndkd/lab/ihpc/ism/build/_deps/kokkos-src/core/src/impl/Kokkos_BuiltinReducers.hpp:257:55: erreur: non concordance de type/valeur pour l'argument 1 dans la liste des paramètres du patron de « template<class DataType, class ... Properties> class Kokkos::View »
  257 | KOKKOS_DEDUCTION_GUIDE BAnd(View<Scalar, Properties...> const&)
      |                                                       ^
/run/media/ndkd/lab/ihpc/ism/build/_deps/kokkos-src/core/src/impl/Kokkos_BuiltinReducers.hpp:257:55: note:   on attendait un type, on a obtenu « 64 »
/run/media/ndkd/lab/ihpc/ism/build/_deps/kokkos-src/core/src/impl/Kokkos_BuiltinReducers.hpp:257:55: erreur: l'argument 2 du patron est invalide
/run/media/ndkd/lab/ihpc/ism/build/_deps/kokkos-src/core/src/impl/Kokkos_BuiltinReducers.hpp:258:43: erreur: « Properties » n'a pas été déclaré dans cette portée
  258 |     -> BAnd<Scalar, typename View<Scalar, Properties...>::memory_space>;
      |                                           ^~~~~~~~~~
/run/media/ndkd/lab/ihpc/ism/build/_deps/kokkos-src/core/src/impl/Kokkos_BuiltinReducers.hpp:258:53: erreur: paquet de paramètres attendu avant « ... »
  258 |     -> BAnd<Scalar, typename View<Scalar, Properties...>::memory_space>;
      |                                                     ^~~
/run/media/ndkd/lab/ihpc/ism/build/_deps/kokkos-src/core/src/impl/Kokkos_BuiltinReducers.hpp:258:56: erreur: non concordance de type/valeur pour l'argument 1 dans la liste des paramètres du patron de « template<class DataType, class ... Properties> class Kokkos::View »
  258 |     -> BAnd<Scalar, typename View<Scalar, Properties...>::memory_space>;
      |                                                        ^
/run/media/ndkd/lab/ihpc/ism/build/_deps/kokkos-src/core/src/impl/Kokkos_BuiltinReducers.hpp:258:56: note:   on attendait un type, on a obtenu « 64 »
/run/media/ndkd/lab/ihpc/ism/build/_deps/kokkos-src/core/src/impl/Kokkos_BuiltinReducers.hpp:258:56: erreur: l'argument 2 du patron est invalide
/run/media/ndkd/lab/ihpc/ism/build/_deps/kokkos-src/core/src/impl/Kokkos_BuiltinReducers.hpp:258:71: erreur: non concordance de type/valeur pour l'argument 1 dans la liste des paramètres du patron de « template<class ScalarType, class Space> struct Kokkos::BAnd »
  258 |     -> BAnd<Scalar, typename View<Scalar, Properties...>::memory_space>;
      |                                                                       ^
/run/media/ndkd/lab/ihpc/ism/build/_deps/kokkos-src/core/src/impl/Kokkos_BuiltinReducers.hpp:258:71: note:   on attendait un type, on a obtenu « 64 »
/run/media/ndkd/lab/ihpc/ism/build/_deps/kokkos-src/core/src/impl/Kokkos_BuiltinReducers.hpp:258:71: erreur: l'argument 2 du patron est invalide
/run/media/ndkd/lab/ihpc/ism/build/_deps/kokkos-src/core/src/impl/Kokkos_BuiltinReducers.hpp:258:8: erreur: le type de retour « <type error> » à la fin du guide de déduction n'est pas une spécialisation de « Kokkos::BAnd<ScalarType, Space> »
  258 |     -> BAnd<Scalar, typename View<Scalar, Properties...>::memory_space>;
      |        ^~~~~~~~~~~~~~~~~~~~~~~~~~~~~~~~~~~~~~~~~~~~~~~~~~~~~~~~~~~~~~~~
/run/media/ndkd/lab/ihpc/ism/build/_deps/fastor-src/commons/commons.h:71:16: erreur: expected identifier before numeric constant
   71 | #define Scalar 64
      |                ^~
/run/media/ndkd/lab/ihpc/ism/build/_deps/kokkos-src/core/src/impl/Kokkos_BuiltinReducers.hpp:260:17: note: dans l'expansion de la macro « Scalar »
  260 | template <class Scalar, class Space>
      |                 ^~~~~~
/run/media/ndkd/lab/ihpc/ism/build/_deps/fastor-src/commons/commons.h:71:16: erreur: expected « > » before numeric constant
   71 | #define Scalar 64
      |                ^~
/run/media/ndkd/lab/ihpc/ism/build/_deps/kokkos-src/core/src/impl/Kokkos_BuiltinReducers.hpp:260:17: note: dans l'expansion de la macro « Scalar »
  260 | template <class Scalar, class Space>
      |                 ^~~~~~
/run/media/ndkd/lab/ihpc/ism/build/_deps/kokkos-src/core/src/impl/Kokkos_BuiltinReducers.hpp:261:8: erreur: redéclaré avec 1 paramètre dans le patron
  261 | struct BOr : Impl::BaseReducer<Scalar, Space> {
      |        ^~~
/run/media/ndkd/lab/ihpc/ism/build/_deps/kokkos-src/core/src/Kokkos_Core_fwd.hpp:338:8: note: la déclaration précédente « template<class ScalarType, class Space> struct Kokkos::BOr » utilisait 2 paramètres dans le patron
  338 | struct BOr;
      |        ^~~
/run/media/ndkd/lab/ihpc/ism/build/_deps/kokkos-src/core/src/impl/Kokkos_BuiltinReducers.hpp:261:40: erreur: « Space » n'a pas été déclaré dans cette portée; vouliez-vous employer « isspace » ?
  261 | struct BOr : Impl::BaseReducer<Scalar, Space> {
      |                                        ^~~~~
      |                                        isspace
/run/media/ndkd/lab/ihpc/ism/build/_deps/kokkos-src/core/src/impl/Kokkos_BuiltinReducers.hpp:261:45: erreur: nombre erroné d'arguments du patron (2, devrait être 1)
  261 | struct BOr : Impl::BaseReducer<Scalar, Space> {
      |                                             ^
/run/media/ndkd/lab/ihpc/ism/build/_deps/kokkos-src/core/src/impl/Kokkos_BuiltinReducers.hpp:26:8: note: fournis pour « template<<typeprefixerror><anonymous> > struct Kokkos::Impl::BaseReducer »
   26 | struct BaseReducer {
      |        ^~~~~~~~~~~
/run/media/ndkd/lab/ihpc/ism/build/_deps/fastor-src/commons/commons.h:71:16: erreur: expected nested-name-specifier before numeric constant
   71 | #define Scalar 64
      |                ^~
/run/media/ndkd/lab/ihpc/ism/build/_deps/kokkos-src/core/src/impl/Kokkos_BuiltinReducers.hpp:283:20: note: dans l'expansion de la macro « Scalar »
  283 | template <typename Scalar, typename... Properties>
      |                    ^~~~~~
/run/media/ndkd/lab/ihpc/ism/build/_deps/fastor-src/commons/commons.h:71:16: erreur: expected « > » before numeric constant
   71 | #define Scalar 64
      |                ^~
/run/media/ndkd/lab/ihpc/ism/build/_deps/kokkos-src/core/src/impl/Kokkos_BuiltinReducers.hpp:283:20: note: dans l'expansion de la macro « Scalar »
  283 | template <typename Scalar, typename... Properties>
      |                    ^~~~~~
/run/media/ndkd/lab/ihpc/ism/build/_deps/kokkos-src/core/src/impl/Kokkos_BuiltinReducers.hpp:284:41: erreur: « Properties » n'a pas été déclaré dans cette portée
  284 | KOKKOS_DEDUCTION_GUIDE BOr(View<Scalar, Properties...> const&)
      |                                         ^~~~~~~~~~
/run/media/ndkd/lab/ihpc/ism/build/_deps/kokkos-src/core/src/impl/Kokkos_BuiltinReducers.hpp:284:51: erreur: paquet de paramètres attendu avant « ... »
  284 | KOKKOS_DEDUCTION_GUIDE BOr(View<Scalar, Properties...> const&)
      |                                                   ^~~
/run/media/ndkd/lab/ihpc/ism/build/_deps/kokkos-src/core/src/impl/Kokkos_BuiltinReducers.hpp:284:54: erreur: non concordance de type/valeur pour l'argument 1 dans la liste des paramètres du patron de « template<class DataType, class ... Properties> class Kokkos::View »
  284 | KOKKOS_DEDUCTION_GUIDE BOr(View<Scalar, Properties...> const&)
      |                                                      ^
/run/media/ndkd/lab/ihpc/ism/build/_deps/kokkos-src/core/src/impl/Kokkos_BuiltinReducers.hpp:284:54: note:   on attendait un type, on a obtenu « 64 »
/run/media/ndkd/lab/ihpc/ism/build/_deps/kokkos-src/core/src/impl/Kokkos_BuiltinReducers.hpp:284:54: erreur: l'argument 2 du patron est invalide
/run/media/ndkd/lab/ihpc/ism/build/_deps/kokkos-src/core/src/impl/Kokkos_BuiltinReducers.hpp:285:42: erreur: « Properties » n'a pas été déclaré dans cette portée
  285 |     -> BOr<Scalar, typename View<Scalar, Properties...>::memory_space>;
      |                                          ^~~~~~~~~~
/run/media/ndkd/lab/ihpc/ism/build/_deps/kokkos-src/core/src/impl/Kokkos_BuiltinReducers.hpp:285:52: erreur: paquet de paramètres attendu avant « ... »
  285 |     -> BOr<Scalar, typename View<Scalar, Properties...>::memory_space>;
      |                                                    ^~~
/run/media/ndkd/lab/ihpc/ism/build/_deps/kokkos-src/core/src/impl/Kokkos_BuiltinReducers.hpp:285:55: erreur: non concordance de type/valeur pour l'argument 1 dans la liste des paramètres du patron de « template<class DataType, class ... Properties> class Kokkos::View »
  285 |     -> BOr<Scalar, typename View<Scalar, Properties...>::memory_space>;
      |                                                       ^
/run/media/ndkd/lab/ihpc/ism/build/_deps/kokkos-src/core/src/impl/Kokkos_BuiltinReducers.hpp:285:55: note:   on attendait un type, on a obtenu « 64 »
/run/media/ndkd/lab/ihpc/ism/build/_deps/kokkos-src/core/src/impl/Kokkos_BuiltinReducers.hpp:285:55: erreur: l'argument 2 du patron est invalide
/run/media/ndkd/lab/ihpc/ism/build/_deps/kokkos-src/core/src/impl/Kokkos_BuiltinReducers.hpp:285:70: erreur: non concordance de type/valeur pour l'argument 1 dans la liste des paramètres du patron de « template<class ScalarType, class Space> struct Kokkos::BOr »
  285 |     -> BOr<Scalar, typename View<Scalar, Properties...>::memory_space>;
      |                                                                      ^
/run/media/ndkd/lab/ihpc/ism/build/_deps/kokkos-src/core/src/impl/Kokkos_BuiltinReducers.hpp:285:70: note:   on attendait un type, on a obtenu « 64 »
/run/media/ndkd/lab/ihpc/ism/build/_deps/kokkos-src/core/src/impl/Kokkos_BuiltinReducers.hpp:285:70: erreur: l'argument 2 du patron est invalide
/run/media/ndkd/lab/ihpc/ism/build/_deps/kokkos-src/core/src/impl/Kokkos_BuiltinReducers.hpp:285:8: erreur: le type de retour « <type error> » à la fin du guide de déduction n'est pas une spécialisation de « Kokkos::BOr<ScalarType, Space> »
  285 |     -> BOr<Scalar, typename View<Scalar, Properties...>::memory_space>;
      |        ^~~~~~~~~~~~~~~~~~~~~~~~~~~~~~~~~~~~~~~~~~~~~~~~~~~~~~~~~~~~~~~
/run/media/ndkd/lab/ihpc/ism/build/_deps/fastor-src/commons/commons.h:71:16: erreur: expected identifier before numeric constant
   71 | #define Scalar 64
      |                ^~
/run/media/ndkd/lab/ihpc/ism/build/_deps/kokkos-src/core/src/impl/Kokkos_BuiltinReducers.hpp:287:17: note: dans l'expansion de la macro « Scalar »
  287 | template <class Scalar, class Index>
      |                 ^~~~~~
/run/media/ndkd/lab/ihpc/ism/build/_deps/fastor-src/commons/commons.h:71:16: erreur: expected « > » before numeric constant
   71 | #define Scalar 64
      |                ^~
/run/media/ndkd/lab/ihpc/ism/build/_deps/kokkos-src/core/src/impl/Kokkos_BuiltinReducers.hpp:287:17: note: dans l'expansion de la macro « Scalar »
  287 | template <class Scalar, class Index>
      |                 ^~~~~~
/run/media/ndkd/lab/ihpc/ism/build/_deps/fastor-src/commons/commons.h:71:16: erreur: expected unqualified-id before numeric constant [-Wtemplate-body]
   71 | #define Scalar 64
      |                ^~
/run/media/ndkd/lab/ihpc/ism/build/_deps/kokkos-src/core/src/impl/Kokkos_BuiltinReducers.hpp:289:3: note: dans l'expansion de la macro « Scalar »
  289 |   Scalar val;
      |   ^~~~~~
/run/media/ndkd/lab/ihpc/ism/build/_deps/kokkos-src/core/src/impl/Kokkos_BuiltinReducers.hpp:290:3: erreur: « Index » ne nomme pas un type [-Wtemplate-body]
  290 |   Index loc;
      |   ^~~~~
/run/media/ndkd/lab/ihpc/ism/build/_deps/fastor-src/commons/commons.h:71:16: erreur: expected identifier before numeric constant
   71 | #define Scalar 64
      |                ^~
/run/media/ndkd/lab/ihpc/ism/build/_deps/kokkos-src/core/src/impl/Kokkos_BuiltinReducers.hpp:293:17: note: dans l'expansion de la macro « Scalar »
  293 | template <class Scalar, class Index, class Space>
      |                 ^~~~~~
/run/media/ndkd/lab/ihpc/ism/build/_deps/fastor-src/commons/commons.h:71:16: erreur: expected « > » before numeric constant
   71 | #define Scalar 64
      |                ^~
/run/media/ndkd/lab/ihpc/ism/build/_deps/kokkos-src/core/src/impl/Kokkos_BuiltinReducers.hpp:293:17: note: dans l'expansion de la macro « Scalar »
  293 | template <class Scalar, class Index, class Space>
      |                 ^~~~~~
/run/media/ndkd/lab/ihpc/ism/build/_deps/kokkos-src/core/src/impl/Kokkos_BuiltinReducers.hpp:294:8: erreur: redéclaré avec 1 paramètre dans le patron
  294 | struct MinLoc
      |        ^~~~~~
/run/media/ndkd/lab/ihpc/ism/build/_deps/kokkos-src/core/src/Kokkos_Core_fwd.hpp:330:8: note: la déclaration précédente « template<class ScalarType, class Index, class Space> struct Kokkos::MinLoc » utilisait 3 paramètres dans le patron
  330 | struct MinLoc;
      |        ^~~~~~
/run/media/ndkd/lab/ihpc/ism/build/_deps/kokkos-src/core/src/impl/Kokkos_BuiltinReducers.hpp:296:47: erreur: non concordance de type/valeur pour l'argument 1 dans la liste des paramètres du patron de « template<class _Tp> using std::remove_cv_t = typename std::remove_cv::type »
  296 |           ValLocScalar<std::remove_cv_t<Scalar>, std::remove_cv_t<Index>>,
      |                                               ^
/run/media/ndkd/lab/ihpc/ism/build/_deps/kokkos-src/core/src/impl/Kokkos_BuiltinReducers.hpp:296:47: note:   on attendait un type, on a obtenu « 64 »
/run/media/ndkd/lab/ihpc/ism/build/_deps/kokkos-src/core/src/impl/Kokkos_BuiltinReducers.hpp:296:67: erreur: « Index » n'a pas été déclaré dans cette portée; vouliez-vous employer « Fastor::Index » ?
  296 |           ValLocScalar<std::remove_cv_t<Scalar>, std::remove_cv_t<Index>>,
      |                                                                   ^~~~~
      |                                                                   Fastor::Index
Dans le fichier inclus depuis /run/media/ndkd/lab/ihpc/ism/build/_deps/fastor-src/tensor_algebra/einsum.h:6,
                 depuis /run/media/ndkd/lab/ihpc/ism/build/_deps/fastor-src/Fastor.h:12:
/run/media/ndkd/lab/ihpc/ism/build/_deps/fastor-src/meta/einsum_meta.h:12:8: note: « Fastor::Index » déclaré ici
   12 | struct Index;
      |        ^~~~~
/run/media/ndkd/lab/ihpc/ism/build/_deps/kokkos-src/core/src/impl/Kokkos_BuiltinReducers.hpp:296:67: erreur: l'argument 1 du patron est invalide
  296 |           ValLocScalar<std::remove_cv_t<Scalar>, std::remove_cv_t<Index>>,
      |                                                                   ^~~~~
/run/media/ndkd/lab/ihpc/ism/build/_deps/kokkos-src/core/src/impl/Kokkos_BuiltinReducers.hpp:296:72: erreur: nombre erroné d'arguments du patron (2, devrait être 1)
  296 |           ValLocScalar<std::remove_cv_t<Scalar>, std::remove_cv_t<Index>>,
      |                                                                        ^~
/run/media/ndkd/lab/ihpc/ism/build/_deps/kokkos-src/core/src/impl/Kokkos_BuiltinReducers.hpp:288:8: note: fournis pour « template<<typeprefixerror><anonymous> > struct Kokkos::ValLocScalar »
  288 | struct ValLocScalar {
      |        ^~~~~~~~~~~~
/run/media/ndkd/lab/ihpc/ism/build/_deps/kokkos-src/core/src/impl/Kokkos_BuiltinReducers.hpp:297:11: erreur: « Space » n'a pas été déclaré dans cette portée; vouliez-vous employer « isspace » ?
  297 |           Space> {
      |           ^~~~~
      |           isspace
/run/media/ndkd/lab/ihpc/ism/build/_deps/kokkos-src/core/src/impl/Kokkos_BuiltinReducers.hpp:297:16: erreur: nombre erroné d'arguments du patron (2, devrait être 1)
  297 |           Space> {
      |                ^
/run/media/ndkd/lab/ihpc/ism/build/_deps/kokkos-src/core/src/impl/Kokkos_BuiltinReducers.hpp:26:8: note: fournis pour « template<<typeprefixerror><anonymous> > struct Kokkos::Impl::BaseReducer »
   26 | struct BaseReducer {
      |        ^~~~~~~~~~~
/run/media/ndkd/lab/ihpc/ism/build/_deps/fastor-src/commons/commons.h:71:16: erreur: expected nested-name-specifier before numeric constant
   71 | #define Scalar 64
      |                ^~
/run/media/ndkd/lab/ihpc/ism/build/_deps/kokkos-src/core/src/impl/Kokkos_BuiltinReducers.hpp:331:20: note: dans l'expansion de la macro « Scalar »
  331 | template <typename Scalar, typename Index, typename... Properties>
      |                    ^~~~~~
/run/media/ndkd/lab/ihpc/ism/build/_deps/fastor-src/commons/commons.h:71:16: erreur: expected « > » before numeric constant
   71 | #define Scalar 64
      |                ^~
/run/media/ndkd/lab/ihpc/ism/build/_deps/kokkos-src/core/src/impl/Kokkos_BuiltinReducers.hpp:331:20: note: dans l'expansion de la macro « Scalar »
  331 | template <typename Scalar, typename Index, typename... Properties>
      |                    ^~~~~~
/run/media/ndkd/lab/ihpc/ism/build/_deps/kokkos-src/core/src/impl/Kokkos_BuiltinReducers.hpp:333:34: erreur: « Index » n'a pas été déclaré dans cette portée; vouliez-vous employer « Fastor::Index » ?
  333 | MinLoc(View<ValLocScalar<Scalar, Index>, Properties...> const&) -> MinLoc<
      |                                  ^~~~~
      |                                  Fastor::Index
/run/media/ndkd/lab/ihpc/ism/build/_deps/fastor-src/meta/einsum_meta.h:12:8: note: « Fastor::Index » déclaré ici
   12 | struct Index;
      |        ^~~~~
/run/media/ndkd/lab/ihpc/ism/build/_deps/kokkos-src/core/src/impl/Kokkos_BuiltinReducers.hpp:333:39: erreur: nombre erroné d'arguments du patron (2, devrait être 1)
  333 | MinLoc(View<ValLocScalar<Scalar, Index>, Properties...> const&) -> MinLoc<
      |                                       ^
/run/media/ndkd/lab/ihpc/ism/build/_deps/kokkos-src/core/src/impl/Kokkos_BuiltinReducers.hpp:288:8: note: fournis pour « template<<typeprefixerror><anonymous> > struct Kokkos::ValLocScalar »
  288 | struct ValLocScalar {
      |        ^~~~~~~~~~~~
/run/media/ndkd/lab/ihpc/ism/build/_deps/kokkos-src/core/src/impl/Kokkos_BuiltinReducers.hpp:333:42: erreur: « Properties » n'a pas été déclaré dans cette portée
  333 | MinLoc(View<ValLocScalar<Scalar, Index>, Properties...> const&) -> MinLoc<
      |                                          ^~~~~~~~~~
/run/media/ndkd/lab/ihpc/ism/build/_deps/kokkos-src/core/src/impl/Kokkos_BuiltinReducers.hpp:333:52: erreur: paquet de paramètres attendu avant « ... »
  333 | MinLoc(View<ValLocScalar<Scalar, Index>, Properties...> const&) -> MinLoc<
      |                                                    ^~~
/run/media/ndkd/lab/ihpc/ism/build/_deps/kokkos-src/core/src/impl/Kokkos_BuiltinReducers.hpp:333:55: erreur: l'argument 1 du patron est invalide
  333 | MinLoc(View<ValLocScalar<Scalar, Index>, Properties...> const&) -> MinLoc<
      |                                                       ^
/run/media/ndkd/lab/ihpc/ism/build/_deps/kokkos-src/core/src/impl/Kokkos_BuiltinReducers.hpp:333:55: erreur: l'argument 2 du patron est invalide
/run/media/ndkd/lab/ihpc/ism/build/_deps/kokkos-src/core/src/impl/Kokkos_BuiltinReducers.hpp:334:13: erreur: « Index » n'a pas été déclaré dans cette portée; vouliez-vous employer « Fastor::Index » ?
  334 |     Scalar, Index,
      |             ^~~~~
      |             Fastor::Index
/run/media/ndkd/lab/ihpc/ism/build/_deps/fastor-src/meta/einsum_meta.h:12:8: note: « Fastor::Index » déclaré ici
   12 | struct Index;
      |        ^~~~~
/run/media/ndkd/lab/ihpc/ism/build/_deps/kokkos-src/core/src/impl/Kokkos_BuiltinReducers.hpp:335:40: erreur: « Index » n'a pas été déclaré dans cette portée; vouliez-vous employer « Fastor::Index » ?
  335 |     typename View<ValLocScalar<Scalar, Index>, Properties...>::memory_space>;
      |                                        ^~~~~
      |                                        Fastor::Index
/run/media/ndkd/lab/ihpc/ism/build/_deps/fastor-src/meta/einsum_meta.h:12:8: note: « Fastor::Index » déclaré ici
   12 | struct Index;
      |        ^~~~~
/run/media/ndkd/lab/ihpc/ism/build/_deps/kokkos-src/core/src/impl/Kokkos_BuiltinReducers.hpp:335:45: erreur: nombre erroné d'arguments du patron (2, devrait être 1)
  335 |     typename View<ValLocScalar<Scalar, Index>, Properties...>::memory_space>;
      |                                             ^
/run/media/ndkd/lab/ihpc/ism/build/_deps/kokkos-src/core/src/impl/Kokkos_BuiltinReducers.hpp:288:8: note: fournis pour « template<<typeprefixerror><anonymous> > struct Kokkos::ValLocScalar »
  288 | struct ValLocScalar {
      |        ^~~~~~~~~~~~
/run/media/ndkd/lab/ihpc/ism/build/_deps/kokkos-src/core/src/impl/Kokkos_BuiltinReducers.hpp:335:48: erreur: « Properties » n'a pas été déclaré dans cette portée
  335 |     typename View<ValLocScalar<Scalar, Index>, Properties...>::memory_space>;
      |                                                ^~~~~~~~~~
/run/media/ndkd/lab/ihpc/ism/build/_deps/kokkos-src/core/src/impl/Kokkos_BuiltinReducers.hpp:335:58: erreur: paquet de paramètres attendu avant « ... »
  335 |     typename View<ValLocScalar<Scalar, Index>, Properties...>::memory_space>;
      |                                                          ^~~
/run/media/ndkd/lab/ihpc/ism/build/_deps/kokkos-src/core/src/impl/Kokkos_BuiltinReducers.hpp:335:61: erreur: l'argument 1 du patron est invalide
  335 |     typename View<ValLocScalar<Scalar, Index>, Properties...>::memory_space>;
      |                                                             ^
/run/media/ndkd/lab/ihpc/ism/build/_deps/kokkos-src/core/src/impl/Kokkos_BuiltinReducers.hpp:335:61: erreur: l'argument 2 du patron est invalide
/run/media/ndkd/lab/ihpc/ism/build/_deps/kokkos-src/core/src/impl/Kokkos_BuiltinReducers.hpp:335:76: erreur: non concordance de type/valeur pour l'argument 1 dans la liste des paramètres du patron de « template<class ScalarType, class Index, class Space> struct Kokkos::MinLoc »
  335 |     typename View<ValLocScalar<Scalar, Index>, Properties...>::memory_space>;
      |                                                                            ^
/run/media/ndkd/lab/ihpc/ism/build/_deps/kokkos-src/core/src/impl/Kokkos_BuiltinReducers.hpp:335:76: note:   on attendait un type, on a obtenu « 64 »
/run/media/ndkd/lab/ihpc/ism/build/_deps/kokkos-src/core/src/impl/Kokkos_BuiltinReducers.hpp:335:76: erreur: l'argument 2 du patron est invalide
/run/media/ndkd/lab/ihpc/ism/build/_deps/kokkos-src/core/src/impl/Kokkos_BuiltinReducers.hpp:335:76: erreur: l'argument 3 du patron est invalide
/run/media/ndkd/lab/ihpc/ism/build/_deps/kokkos-src/core/src/impl/Kokkos_BuiltinReducers.hpp:333:68: erreur: le type de retour « <type error> » à la fin du guide de déduction n'est pas une spécialisation de « Kokkos::MinLoc<ScalarType, Index, Space> »
  333 | MinLoc(View<ValLocScalar<Scalar, Index>, Properties...> const&) -> MinLoc<
      |                                                                    ^~~~~~~
  334 |     Scalar, Index,
      |     ~~~~~~~~~~~~~~                                                  
  335 |     typename View<ValLocScalar<Scalar, Index>, Properties...>::memory_space>;
      |     ~~~~~~~~~~~~~~~~~~~~~~~~~~~~~~~~~~~~~~~~~~~~~~~~~~~~~~~~~~~~~~~~~~~~~~~~
/run/media/ndkd/lab/ihpc/ism/build/_deps/fastor-src/commons/commons.h:71:16: erreur: expected identifier before numeric constant
   71 | #define Scalar 64
      |                ^~
/run/media/ndkd/lab/ihpc/ism/build/_deps/kokkos-src/core/src/impl/Kokkos_BuiltinReducers.hpp:337:17: note: dans l'expansion de la macro « Scalar »
  337 | template <class Scalar, class Index, class Space>
      |                 ^~~~~~
/run/media/ndkd/lab/ihpc/ism/build/_deps/fastor-src/commons/commons.h:71:16: erreur: expected « > » before numeric constant
   71 | #define Scalar 64
      |                ^~
/run/media/ndkd/lab/ihpc/ism/build/_deps/kokkos-src/core/src/impl/Kokkos_BuiltinReducers.hpp:337:17: note: dans l'expansion de la macro « Scalar »
  337 | template <class Scalar, class Index, class Space>
      |                 ^~~~~~
/run/media/ndkd/lab/ihpc/ism/build/_deps/kokkos-src/core/src/impl/Kokkos_BuiltinReducers.hpp:338:8: erreur: redéclaré avec 1 paramètre dans le patron
  338 | struct MaxLoc
      |        ^~~~~~
/run/media/ndkd/lab/ihpc/ism/build/_deps/kokkos-src/core/src/Kokkos_Core_fwd.hpp:332:8: note: la déclaration précédente « template<class ScalarType, class Index, class Space> struct Kokkos::MaxLoc » utilisait 3 paramètres dans le patron
  332 | struct MaxLoc;
      |        ^~~~~~
/run/media/ndkd/lab/ihpc/ism/build/_deps/kokkos-src/core/src/impl/Kokkos_BuiltinReducers.hpp:340:47: erreur: non concordance de type/valeur pour l'argument 1 dans la liste des paramètres du patron de « template<class _Tp> using std::remove_cv_t = typename std::remove_cv::type »
  340 |           ValLocScalar<std::remove_cv_t<Scalar>, std::remove_cv_t<Index>>,
      |                                               ^
/run/media/ndkd/lab/ihpc/ism/build/_deps/kokkos-src/core/src/impl/Kokkos_BuiltinReducers.hpp:340:47: note:   on attendait un type, on a obtenu « 64 »
/run/media/ndkd/lab/ihpc/ism/build/_deps/kokkos-src/core/src/impl/Kokkos_BuiltinReducers.hpp:340:67: erreur: « Index » n'a pas été déclaré dans cette portée; vouliez-vous employer « Fastor::Index » ?
  340 |           ValLocScalar<std::remove_cv_t<Scalar>, std::remove_cv_t<Index>>,
      |                                                                   ^~~~~
      |                                                                   Fastor::Index
/run/media/ndkd/lab/ihpc/ism/build/_deps/fastor-src/meta/einsum_meta.h:12:8: note: « Fastor::Index » déclaré ici
   12 | struct Index;
      |        ^~~~~
/run/media/ndkd/lab/ihpc/ism/build/_deps/kokkos-src/core/src/impl/Kokkos_BuiltinReducers.hpp:340:67: erreur: l'argument 1 du patron est invalide
  340 |           ValLocScalar<std::remove_cv_t<Scalar>, std::remove_cv_t<Index>>,
      |                                                                   ^~~~~
/run/media/ndkd/lab/ihpc/ism/build/_deps/kokkos-src/core/src/impl/Kokkos_BuiltinReducers.hpp:340:72: erreur: nombre erroné d'arguments du patron (2, devrait être 1)
  340 |           ValLocScalar<std::remove_cv_t<Scalar>, std::remove_cv_t<Index>>,
      |                                                                        ^~
/run/media/ndkd/lab/ihpc/ism/build/_deps/kokkos-src/core/src/impl/Kokkos_BuiltinReducers.hpp:288:8: note: fournis pour « template<<typeprefixerror><anonymous> > struct Kokkos::ValLocScalar »
  288 | struct ValLocScalar {
      |        ^~~~~~~~~~~~
/run/media/ndkd/lab/ihpc/ism/build/_deps/kokkos-src/core/src/impl/Kokkos_BuiltinReducers.hpp:341:11: erreur: « Space » n'a pas été déclaré dans cette portée; vouliez-vous employer « isspace » ?
  341 |           Space> {
      |           ^~~~~
      |           isspace
/run/media/ndkd/lab/ihpc/ism/build/_deps/kokkos-src/core/src/impl/Kokkos_BuiltinReducers.hpp:341:16: erreur: nombre erroné d'arguments du patron (2, devrait être 1)
  341 |           Space> {
      |                ^
/run/media/ndkd/lab/ihpc/ism/build/_deps/kokkos-src/core/src/impl/Kokkos_BuiltinReducers.hpp:26:8: note: fournis pour « template<<typeprefixerror><anonymous> > struct Kokkos::Impl::BaseReducer »
   26 | struct BaseReducer {
      |        ^~~~~~~~~~~
/run/media/ndkd/lab/ihpc/ism/build/_deps/fastor-src/commons/commons.h:71:16: erreur: expected nested-name-specifier before numeric constant
   71 | #define Scalar 64
      |                ^~
/run/media/ndkd/lab/ihpc/ism/build/_deps/kokkos-src/core/src/impl/Kokkos_BuiltinReducers.hpp:376:20: note: dans l'expansion de la macro « Scalar »
  376 | template <typename Scalar, typename Index, typename... Properties>
      |                    ^~~~~~
/run/media/ndkd/lab/ihpc/ism/build/_deps/fastor-src/commons/commons.h:71:16: erreur: expected « > » before numeric constant
   71 | #define Scalar 64
      |                ^~
/run/media/ndkd/lab/ihpc/ism/build/_deps/kokkos-src/core/src/impl/Kokkos_BuiltinReducers.hpp:376:20: note: dans l'expansion de la macro « Scalar »
  376 | template <typename Scalar, typename Index, typename... Properties>
      |                    ^~~~~~
/run/media/ndkd/lab/ihpc/ism/build/_deps/kokkos-src/core/src/impl/Kokkos_BuiltinReducers.hpp:378:34: erreur: « Index » n'a pas été déclaré dans cette portée; vouliez-vous employer « Fastor::Index » ?
  378 | MaxLoc(View<ValLocScalar<Scalar, Index>, Properties...> const&) -> MaxLoc<
      |                                  ^~~~~
      |                                  Fastor::Index
/run/media/ndkd/lab/ihpc/ism/build/_deps/fastor-src/meta/einsum_meta.h:12:8: note: « Fastor::Index » déclaré ici
   12 | struct Index;
      |        ^~~~~
/run/media/ndkd/lab/ihpc/ism/build/_deps/kokkos-src/core/src/impl/Kokkos_BuiltinReducers.hpp:378:39: erreur: nombre erroné d'arguments du patron (2, devrait être 1)
  378 | MaxLoc(View<ValLocScalar<Scalar, Index>, Properties...> const&) -> MaxLoc<
      |                                       ^
/run/media/ndkd/lab/ihpc/ism/build/_deps/kokkos-src/core/src/impl/Kokkos_BuiltinReducers.hpp:288:8: note: fournis pour « template<<typeprefixerror><anonymous> > struct Kokkos::ValLocScalar »
  288 | struct ValLocScalar {
      |        ^~~~~~~~~~~~
/run/media/ndkd/lab/ihpc/ism/build/_deps/kokkos-src/core/src/impl/Kokkos_BuiltinReducers.hpp:378:42: erreur: « Properties » n'a pas été déclaré dans cette portée
  378 | MaxLoc(View<ValLocScalar<Scalar, Index>, Properties...> const&) -> MaxLoc<
      |                                          ^~~~~~~~~~
/run/media/ndkd/lab/ihpc/ism/build/_deps/kokkos-src/core/src/impl/Kokkos_BuiltinReducers.hpp:378:52: erreur: paquet de paramètres attendu avant « ... »
  378 | MaxLoc(View<ValLocScalar<Scalar, Index>, Properties...> const&) -> MaxLoc<
      |                                                    ^~~
/run/media/ndkd/lab/ihpc/ism/build/_deps/kokkos-src/core/src/impl/Kokkos_BuiltinReducers.hpp:378:55: erreur: l'argument 1 du patron est invalide
  378 | MaxLoc(View<ValLocScalar<Scalar, Index>, Properties...> const&) -> MaxLoc<
      |                                                       ^
/run/media/ndkd/lab/ihpc/ism/build/_deps/kokkos-src/core/src/impl/Kokkos_BuiltinReducers.hpp:378:55: erreur: l'argument 2 du patron est invalide
/run/media/ndkd/lab/ihpc/ism/build/_deps/kokkos-src/core/src/impl/Kokkos_BuiltinReducers.hpp:379:13: erreur: « Index » n'a pas été déclaré dans cette portée; vouliez-vous employer « Fastor::Index » ?
  379 |     Scalar, Index,
      |             ^~~~~
      |             Fastor::Index
/run/media/ndkd/lab/ihpc/ism/build/_deps/fastor-src/meta/einsum_meta.h:12:8: note: « Fastor::Index » déclaré ici
   12 | struct Index;
      |        ^~~~~
/run/media/ndkd/lab/ihpc/ism/build/_deps/kokkos-src/core/src/impl/Kokkos_BuiltinReducers.hpp:380:40: erreur: « Index » n'a pas été déclaré dans cette portée; vouliez-vous employer « Fastor::Index » ?
  380 |     typename View<ValLocScalar<Scalar, Index>, Properties...>::memory_space>;
      |                                        ^~~~~
      |                                        Fastor::Index
/run/media/ndkd/lab/ihpc/ism/build/_deps/fastor-src/meta/einsum_meta.h:12:8: note: « Fastor::Index » déclaré ici
   12 | struct Index;
      |        ^~~~~
/run/media/ndkd/lab/ihpc/ism/build/_deps/kokkos-src/core/src/impl/Kokkos_BuiltinReducers.hpp:380:45: erreur: nombre erroné d'arguments du patron (2, devrait être 1)
  380 |     typename View<ValLocScalar<Scalar, Index>, Properties...>::memory_space>;
      |                                             ^
/run/media/ndkd/lab/ihpc/ism/build/_deps/kokkos-src/core/src/impl/Kokkos_BuiltinReducers.hpp:288:8: note: fournis pour « template<<typeprefixerror><anonymous> > struct Kokkos::ValLocScalar »
  288 | struct ValLocScalar {
      |        ^~~~~~~~~~~~
/run/media/ndkd/lab/ihpc/ism/build/_deps/kokkos-src/core/src/impl/Kokkos_BuiltinReducers.hpp:380:48: erreur: « Properties » n'a pas été déclaré dans cette portée
  380 |     typename View<ValLocScalar<Scalar, Index>, Properties...>::memory_space>;
      |                                                ^~~~~~~~~~
/run/media/ndkd/lab/ihpc/ism/build/_deps/kokkos-src/core/src/impl/Kokkos_BuiltinReducers.hpp:380:58: erreur: paquet de paramètres attendu avant « ... »
  380 |     typename View<ValLocScalar<Scalar, Index>, Properties...>::memory_space>;
      |                                                          ^~~
/run/media/ndkd/lab/ihpc/ism/build/_deps/kokkos-src/core/src/impl/Kokkos_BuiltinReducers.hpp:380:61: erreur: l'argument 1 du patron est invalide
  380 |     typename View<ValLocScalar<Scalar, Index>, Properties...>::memory_space>;
      |                                                             ^
/run/media/ndkd/lab/ihpc/ism/build/_deps/kokkos-src/core/src/impl/Kokkos_BuiltinReducers.hpp:380:61: erreur: l'argument 2 du patron est invalide
/run/media/ndkd/lab/ihpc/ism/build/_deps/kokkos-src/core/src/impl/Kokkos_BuiltinReducers.hpp:380:76: erreur: non concordance de type/valeur pour l'argument 1 dans la liste des paramètres du patron de « template<class ScalarType, class Index, class Space> struct Kokkos::MaxLoc »
  380 |     typename View<ValLocScalar<Scalar, Index>, Properties...>::memory_space>;
      |                                                                            ^
/run/media/ndkd/lab/ihpc/ism/build/_deps/kokkos-src/core/src/impl/Kokkos_BuiltinReducers.hpp:380:76: note:   on attendait un type, on a obtenu « 64 »
/run/media/ndkd/lab/ihpc/ism/build/_deps/kokkos-src/core/src/impl/Kokkos_BuiltinReducers.hpp:380:76: erreur: l'argument 2 du patron est invalide
/run/media/ndkd/lab/ihpc/ism/build/_deps/kokkos-src/core/src/impl/Kokkos_BuiltinReducers.hpp:380:76: erreur: l'argument 3 du patron est invalide
/run/media/ndkd/lab/ihpc/ism/build/_deps/kokkos-src/core/src/impl/Kokkos_BuiltinReducers.hpp:378:68: erreur: le type de retour « <type error> » à la fin du guide de déduction n'est pas une spécialisation de « Kokkos::MaxLoc<ScalarType, Index, Space> »
  378 | MaxLoc(View<ValLocScalar<Scalar, Index>, Properties...> const&) -> MaxLoc<
      |                                                                    ^~~~~~~
  379 |     Scalar, Index,
      |     ~~~~~~~~~~~~~~                                                  
  380 |     typename View<ValLocScalar<Scalar, Index>, Properties...>::memory_space>;
      |     ~~~~~~~~~~~~~~~~~~~~~~~~~~~~~~~~~~~~~~~~~~~~~~~~~~~~~~~~~~~~~~~~~~~~~~~~
/run/media/ndkd/lab/ihpc/ism/build/_deps/fastor-src/commons/commons.h:71:16: erreur: expected identifier before numeric constant
   71 | #define Scalar 64
      |                ^~
/run/media/ndkd/lab/ihpc/ism/build/_deps/kokkos-src/core/src/impl/Kokkos_BuiltinReducers.hpp:382:17: note: dans l'expansion de la macro « Scalar »
  382 | template <class Scalar>
      |                 ^~~~~~
/run/media/ndkd/lab/ihpc/ism/build/_deps/fastor-src/commons/commons.h:71:16: erreur: expected « > » before numeric constant
   71 | #define Scalar 64
      |                ^~
/run/media/ndkd/lab/ihpc/ism/build/_deps/kokkos-src/core/src/impl/Kokkos_BuiltinReducers.hpp:382:17: note: dans l'expansion de la macro « Scalar »
  382 | template <class Scalar>
      |                 ^~~~~~
/run/media/ndkd/lab/ihpc/ism/build/_deps/fastor-src/commons/commons.h:71:16: erreur: expected unqualified-id before numeric constant [-Wtemplate-body]
   71 | #define Scalar 64
      |                ^~
/run/media/ndkd/lab/ihpc/ism/build/_deps/kokkos-src/core/src/impl/Kokkos_BuiltinReducers.hpp:384:3: note: dans l'expansion de la macro « Scalar »
  384 |   Scalar min_val, max_val;
      |   ^~~~~~
/run/media/ndkd/lab/ihpc/ism/build/_deps/fastor-src/commons/commons.h:71:16: erreur: expected identifier before numeric constant
   71 | #define Scalar 64
      |                ^~
/run/media/ndkd/lab/ihpc/ism/build/_deps/kokkos-src/core/src/impl/Kokkos_BuiltinReducers.hpp:387:17: note: dans l'expansion de la macro « Scalar »
  387 | template <class Scalar, class Space>
      |                 ^~~~~~
/run/media/ndkd/lab/ihpc/ism/build/_deps/fastor-src/commons/commons.h:71:16: erreur: expected « > » before numeric constant
   71 | #define Scalar 64
      |                ^~
/run/media/ndkd/lab/ihpc/ism/build/_deps/kokkos-src/core/src/impl/Kokkos_BuiltinReducers.hpp:387:17: note: dans l'expansion de la macro « Scalar »
  387 | template <class Scalar, class Space>
      |                 ^~~~~~
/run/media/ndkd/lab/ihpc/ism/build/_deps/kokkos-src/core/src/impl/Kokkos_BuiltinReducers.hpp:388:8: erreur: redéclaré avec 1 paramètre dans le patron
  388 | struct MinMax
      |        ^~~~~~
/run/media/ndkd/lab/ihpc/ism/build/_deps/kokkos-src/core/src/Kokkos_Core_fwd.hpp:328:8: note: la déclaration précédente « template<class ScalarType, class Space> struct Kokkos::MinMax » utilisait 2 paramètres dans le patron
  328 | struct MinMax;
      |        ^~~~~~
/run/media/ndkd/lab/ihpc/ism/build/_deps/fastor-src/commons/commons.h:71:16: erreur: non concordance de type/valeur pour l'argument 1 dans la liste des paramètres du patron de « template<class _Tp> using std::remove_cv_t = typename std::remove_cv::type »
   71 | #define Scalar 64
      |                ^~
/run/media/ndkd/lab/ihpc/ism/build/_deps/kokkos-src/core/src/impl/Kokkos_BuiltinReducers.hpp:389:55: note: dans l'expansion de la macro « Scalar »
  389 |     : Impl::BaseReducer<MinMaxScalar<std::remove_cv_t<Scalar>>, Space> {
      |                                                       ^~~~~~
/run/media/ndkd/lab/ihpc/ism/build/_deps/fastor-src/commons/commons.h:71:16: note:   on attendait un type, on a obtenu « 64 »
   71 | #define Scalar 64
      |                ^~
/run/media/ndkd/lab/ihpc/ism/build/_deps/kokkos-src/core/src/impl/Kokkos_BuiltinReducers.hpp:389:55: note: dans l'expansion de la macro « Scalar »
  389 |     : Impl::BaseReducer<MinMaxScalar<std::remove_cv_t<Scalar>>, Space> {
      |                                                       ^~~~~~
/run/media/ndkd/lab/ihpc/ism/build/_deps/kokkos-src/core/src/impl/Kokkos_BuiltinReducers.hpp:389:61: erreur: l'argument 1 du patron est invalide
  389 |     : Impl::BaseReducer<MinMaxScalar<std::remove_cv_t<Scalar>>, Space> {
      |                                                             ^~
/run/media/ndkd/lab/ihpc/ism/build/_deps/kokkos-src/core/src/impl/Kokkos_BuiltinReducers.hpp:389:65: erreur: « Space » n'a pas été déclaré dans cette portée; vouliez-vous employer « isspace » ?
  389 |     : Impl::BaseReducer<MinMaxScalar<std::remove_cv_t<Scalar>>, Space> {
      |                                                                 ^~~~~
      |                                                                 isspace
/run/media/ndkd/lab/ihpc/ism/build/_deps/kokkos-src/core/src/impl/Kokkos_BuiltinReducers.hpp:389:70: erreur: nombre erroné d'arguments du patron (2, devrait être 1)
  389 |     : Impl::BaseReducer<MinMaxScalar<std::remove_cv_t<Scalar>>, Space> {
      |                                                                      ^
/run/media/ndkd/lab/ihpc/ism/build/_deps/kokkos-src/core/src/impl/Kokkos_BuiltinReducers.hpp:26:8: note: fournis pour « template<<typeprefixerror><anonymous> > struct Kokkos::Impl::BaseReducer »
   26 | struct BaseReducer {
      |        ^~~~~~~~~~~
/run/media/ndkd/lab/ihpc/ism/build/_deps/fastor-src/commons/commons.h:71:16: erreur: expected nested-name-specifier before numeric constant
   71 | #define Scalar 64
      |                ^~
/run/media/ndkd/lab/ihpc/ism/build/_deps/kokkos-src/core/src/impl/Kokkos_BuiltinReducers.hpp:423:20: note: dans l'expansion de la macro « Scalar »
  423 | template <typename Scalar, typename... Properties>
      |                    ^~~~~~
/run/media/ndkd/lab/ihpc/ism/build/_deps/fastor-src/commons/commons.h:71:16: erreur: expected « > » before numeric constant
   71 | #define Scalar 64
      |                ^~
/run/media/ndkd/lab/ihpc/ism/build/_deps/kokkos-src/core/src/impl/Kokkos_BuiltinReducers.hpp:423:20: note: dans l'expansion de la macro « Scalar »
  423 | template <typename Scalar, typename... Properties>
      |                    ^~~~~~
/run/media/ndkd/lab/ihpc/ism/build/_deps/kokkos-src/core/src/impl/Kokkos_BuiltinReducers.hpp:424:58: erreur: « Properties » n'a pas été déclaré dans cette portée
  424 | KOKKOS_DEDUCTION_GUIDE MinMax(View<MinMaxScalar<Scalar>, Properties...> const&)
      |                                                          ^~~~~~~~~~
/run/media/ndkd/lab/ihpc/ism/build/_deps/kokkos-src/core/src/impl/Kokkos_BuiltinReducers.hpp:424:68: erreur: paquet de paramètres attendu avant « ... »
  424 | KOKKOS_DEDUCTION_GUIDE MinMax(View<MinMaxScalar<Scalar>, Properties...> const&)
      |                                                                    ^~~
/run/media/ndkd/lab/ihpc/ism/build/_deps/kokkos-src/core/src/impl/Kokkos_BuiltinReducers.hpp:424:71: erreur: l'argument 1 du patron est invalide
  424 | KOKKOS_DEDUCTION_GUIDE MinMax(View<MinMaxScalar<Scalar>, Properties...> const&)
      |                                                                       ^
/run/media/ndkd/lab/ihpc/ism/build/_deps/kokkos-src/core/src/impl/Kokkos_BuiltinReducers.hpp:424:71: erreur: l'argument 2 du patron est invalide
/run/media/ndkd/lab/ihpc/ism/build/_deps/kokkos-src/core/src/impl/Kokkos_BuiltinReducers.hpp:426:51: erreur: « Properties » n'a pas été déclaré dans cette portée
  426 |               typename View<MinMaxScalar<Scalar>, Properties...>::memory_space>;
      |                                                   ^~~~~~~~~~
/run/media/ndkd/lab/ihpc/ism/build/_deps/kokkos-src/core/src/impl/Kokkos_BuiltinReducers.hpp:426:61: erreur: paquet de paramètres attendu avant « ... »
  426 |               typename View<MinMaxScalar<Scalar>, Properties...>::memory_space>;
      |                                                             ^~~
/run/media/ndkd/lab/ihpc/ism/build/_deps/kokkos-src/core/src/impl/Kokkos_BuiltinReducers.hpp:426:64: erreur: l'argument 1 du patron est invalide
  426 |               typename View<MinMaxScalar<Scalar>, Properties...>::memory_space>;
      |                                                                ^
/run/media/ndkd/lab/ihpc/ism/build/_deps/kokkos-src/core/src/impl/Kokkos_BuiltinReducers.hpp:426:64: erreur: l'argument 2 du patron est invalide
/run/media/ndkd/lab/ihpc/ism/build/_deps/kokkos-src/core/src/impl/Kokkos_BuiltinReducers.hpp:426:79: erreur: non concordance de type/valeur pour l'argument 1 dans la liste des paramètres du patron de « template<class ScalarType, class Space> struct Kokkos::MinMax »
  426 |               typename View<MinMaxScalar<Scalar>, Properties...>::memory_space>;
      |                                                                               ^
/run/media/ndkd/lab/ihpc/ism/build/_deps/kokkos-src/core/src/impl/Kokkos_BuiltinReducers.hpp:426:79: note:   on attendait un type, on a obtenu « 64 »
/run/media/ndkd/lab/ihpc/ism/build/_deps/kokkos-src/core/src/impl/Kokkos_BuiltinReducers.hpp:426:79: erreur: l'argument 2 du patron est invalide
/run/media/ndkd/lab/ihpc/ism/build/_deps/kokkos-src/core/src/impl/Kokkos_BuiltinReducers.hpp:425:8: erreur: le type de retour « <type error> » à la fin du guide de déduction n'est pas une spécialisation de « Kokkos::MinMax<ScalarType, Space> »
  425 |     -> MinMax<Scalar,
      |        ^~~~~~~~~~~~~~
  426 |               typename View<MinMaxScalar<Scalar>, Properties...>::memory_space>;
      |               ~~~~~~~~~~~~~~~~~~~~~~~~~~~~~~~~~~~~~~~~~~~~~~~~~~~~~~~~~~~~~~~~~
/run/media/ndkd/lab/ihpc/ism/build/_deps/fastor-src/commons/commons.h:71:16: erreur: expected identifier before numeric constant
   71 | #define Scalar 64
      |                ^~
/run/media/ndkd/lab/ihpc/ism/build/_deps/kokkos-src/core/src/impl/Kokkos_BuiltinReducers.hpp:428:17: note: dans l'expansion de la macro « Scalar »
  428 | template <class Scalar, class Index>
      |                 ^~~~~~
/run/media/ndkd/lab/ihpc/ism/build/_deps/fastor-src/commons/commons.h:71:16: erreur: expected « > » before numeric constant
   71 | #define Scalar 64
      |                ^~
/run/media/ndkd/lab/ihpc/ism/build/_deps/kokkos-src/core/src/impl/Kokkos_BuiltinReducers.hpp:428:17: note: dans l'expansion de la macro « Scalar »
  428 | template <class Scalar, class Index>
      |                 ^~~~~~
/run/media/ndkd/lab/ihpc/ism/build/_deps/fastor-src/commons/commons.h:71:16: erreur: expected unqualified-id before numeric constant [-Wtemplate-body]
   71 | #define Scalar 64
      |                ^~
/run/media/ndkd/lab/ihpc/ism/build/_deps/kokkos-src/core/src/impl/Kokkos_BuiltinReducers.hpp:430:3: note: dans l'expansion de la macro « Scalar »
  430 |   Scalar min_val, max_val;
      |   ^~~~~~
/run/media/ndkd/lab/ihpc/ism/build/_deps/kokkos-src/core/src/impl/Kokkos_BuiltinReducers.hpp:431:3: erreur: « Index » ne nomme pas un type [-Wtemplate-body]
  431 |   Index min_loc, max_loc;
      |   ^~~~~
/run/media/ndkd/lab/ihpc/ism/build/_deps/fastor-src/commons/commons.h:71:16: erreur: expected identifier before numeric constant
   71 | #define Scalar 64
      |                ^~
/run/media/ndkd/lab/ihpc/ism/build/_deps/kokkos-src/core/src/impl/Kokkos_BuiltinReducers.hpp:434:17: note: dans l'expansion de la macro « Scalar »
  434 | template <class Scalar, class Index, class Space>
      |                 ^~~~~~
/run/media/ndkd/lab/ihpc/ism/build/_deps/fastor-src/commons/commons.h:71:16: erreur: expected « > » before numeric constant
   71 | #define Scalar 64
      |                ^~
/run/media/ndkd/lab/ihpc/ism/build/_deps/kokkos-src/core/src/impl/Kokkos_BuiltinReducers.hpp:434:17: note: dans l'expansion de la macro « Scalar »
  434 | template <class Scalar, class Index, class Space>
      |                 ^~~~~~
/run/media/ndkd/lab/ihpc/ism/build/_deps/kokkos-src/core/src/impl/Kokkos_BuiltinReducers.hpp:435:8: erreur: redéclaré avec 1 paramètre dans le patron
  435 | struct MinMaxLoc
      |        ^~~~~~~~~
/run/media/ndkd/lab/ihpc/ism/build/_deps/kokkos-src/core/src/Kokkos_Core_fwd.hpp:334:8: note: la déclaration précédente « template<class ScalarType, class Index, class Space> struct Kokkos::MinMaxLoc » utilisait 3 paramètres dans le patron
  334 | struct MinMaxLoc;
      |        ^~~~~~~~~
/run/media/ndkd/lab/ihpc/ism/build/_deps/kokkos-src/core/src/impl/Kokkos_BuiltinReducers.hpp:437:50: erreur: non concordance de type/valeur pour l'argument 1 dans la liste des paramètres du patron de « template<class _Tp> using std::remove_cv_t = typename std::remove_cv::type »
  437 |           MinMaxLocScalar<std::remove_cv_t<Scalar>, std::remove_cv_t<Index>>,
      |                                                  ^
/run/media/ndkd/lab/ihpc/ism/build/_deps/kokkos-src/core/src/impl/Kokkos_BuiltinReducers.hpp:437:50: note:   on attendait un type, on a obtenu « 64 »
/run/media/ndkd/lab/ihpc/ism/build/_deps/kokkos-src/core/src/impl/Kokkos_BuiltinReducers.hpp:437:70: erreur: « Index » n'a pas été déclaré dans cette portée; vouliez-vous employer « Fastor::Index » ?
  437 |           MinMaxLocScalar<std::remove_cv_t<Scalar>, std::remove_cv_t<Index>>,
      |                                                                      ^~~~~
      |                                                                      Fastor::Index
/run/media/ndkd/lab/ihpc/ism/build/_deps/fastor-src/meta/einsum_meta.h:12:8: note: « Fastor::Index » déclaré ici
   12 | struct Index;
      |        ^~~~~
/run/media/ndkd/lab/ihpc/ism/build/_deps/kokkos-src/core/src/impl/Kokkos_BuiltinReducers.hpp:437:70: erreur: l'argument 1 du patron est invalide
  437 |           MinMaxLocScalar<std::remove_cv_t<Scalar>, std::remove_cv_t<Index>>,
      |                                                                      ^~~~~
/run/media/ndkd/lab/ihpc/ism/build/_deps/kokkos-src/core/src/impl/Kokkos_BuiltinReducers.hpp:437:75: erreur: nombre erroné d'arguments du patron (2, devrait être 1)
  437 |           MinMaxLocScalar<std::remove_cv_t<Scalar>, std::remove_cv_t<Index>>,
      |                                                                           ^~
/run/media/ndkd/lab/ihpc/ism/build/_deps/kokkos-src/core/src/impl/Kokkos_BuiltinReducers.hpp:429:8: note: fournis pour « template<<typeprefixerror><anonymous> > struct Kokkos::MinMaxLocScalar »
  429 | struct MinMaxLocScalar {
      |        ^~~~~~~~~~~~~~~
/run/media/ndkd/lab/ihpc/ism/build/_deps/kokkos-src/core/src/impl/Kokkos_BuiltinReducers.hpp:438:11: erreur: « Space » n'a pas été déclaré dans cette portée; vouliez-vous employer « isspace » ?
  438 |           Space> {
      |           ^~~~~
      |           isspace
/run/media/ndkd/lab/ihpc/ism/build/_deps/kokkos-src/core/src/impl/Kokkos_BuiltinReducers.hpp:438:16: erreur: nombre erroné d'arguments du patron (2, devrait être 1)
  438 |           Space> {
      |                ^
/run/media/ndkd/lab/ihpc/ism/build/_deps/kokkos-src/core/src/impl/Kokkos_BuiltinReducers.hpp:26:8: note: fournis pour « template<<typeprefixerror><anonymous> > struct Kokkos::Impl::BaseReducer »
   26 | struct BaseReducer {
      |        ^~~~~~~~~~~
/run/media/ndkd/lab/ihpc/ism/build/_deps/fastor-src/commons/commons.h:71:16: erreur: expected nested-name-specifier before numeric constant
   71 | #define Scalar 64
      |                ^~
/run/media/ndkd/lab/ihpc/ism/build/_deps/kokkos-src/core/src/impl/Kokkos_BuiltinReducers.hpp:482:20: note: dans l'expansion de la macro « Scalar »
  482 | template <typename Scalar, typename Index, typename... Properties>
      |                    ^~~~~~
/run/media/ndkd/lab/ihpc/ism/build/_deps/fastor-src/commons/commons.h:71:16: erreur: expected « > » before numeric constant
   71 | #define Scalar 64
      |                ^~
/run/media/ndkd/lab/ihpc/ism/build/_deps/kokkos-src/core/src/impl/Kokkos_BuiltinReducers.hpp:482:20: note: dans l'expansion de la macro « Scalar »
  482 | template <typename Scalar, typename Index, typename... Properties>
      |                    ^~~~~~
/run/media/ndkd/lab/ihpc/ism/build/_deps/kokkos-src/core/src/impl/Kokkos_BuiltinReducers.hpp:484:34: erreur: « Index » n'a pas été déclaré dans cette portée; vouliez-vous employer « Fastor::Index » ?
  484 |     View<MinMaxLocScalar<Scalar, Index>, Properties...> const&)
      |                                  ^~~~~
      |                                  Fastor::Index
/run/media/ndkd/lab/ihpc/ism/build/_deps/fastor-src/meta/einsum_meta.h:12:8: note: « Fastor::Index » déclaré ici
   12 | struct Index;
      |        ^~~~~
/run/media/ndkd/lab/ihpc/ism/build/_deps/kokkos-src/core/src/impl/Kokkos_BuiltinReducers.hpp:484:39: erreur: nombre erroné d'arguments du patron (2, devrait être 1)
  484 |     View<MinMaxLocScalar<Scalar, Index>, Properties...> const&)
      |                                       ^
/run/media/ndkd/lab/ihpc/ism/build/_deps/kokkos-src/core/src/impl/Kokkos_BuiltinReducers.hpp:429:8: note: fournis pour « template<<typeprefixerror><anonymous> > struct Kokkos::MinMaxLocScalar »
  429 | struct MinMaxLocScalar {
      |        ^~~~~~~~~~~~~~~
/run/media/ndkd/lab/ihpc/ism/build/_deps/kokkos-src/core/src/impl/Kokkos_BuiltinReducers.hpp:484:42: erreur: « Properties » n'a pas été déclaré dans cette portée
  484 |     View<MinMaxLocScalar<Scalar, Index>, Properties...> const&)
      |                                          ^~~~~~~~~~
/run/media/ndkd/lab/ihpc/ism/build/_deps/kokkos-src/core/src/impl/Kokkos_BuiltinReducers.hpp:484:52: erreur: paquet de paramètres attendu avant « ... »
  484 |     View<MinMaxLocScalar<Scalar, Index>, Properties...> const&)
      |                                                    ^~~
/run/media/ndkd/lab/ihpc/ism/build/_deps/kokkos-src/core/src/impl/Kokkos_BuiltinReducers.hpp:484:55: erreur: l'argument 1 du patron est invalide
  484 |     View<MinMaxLocScalar<Scalar, Index>, Properties...> const&)
      |                                                       ^
/run/media/ndkd/lab/ihpc/ism/build/_deps/kokkos-src/core/src/impl/Kokkos_BuiltinReducers.hpp:484:55: erreur: l'argument 2 du patron est invalide
/run/media/ndkd/lab/ihpc/ism/build/_deps/kokkos-src/core/src/impl/Kokkos_BuiltinReducers.hpp:485:26: erreur: « Index » n'a pas été déclaré dans cette portée; vouliez-vous employer « Fastor::Index » ?
  485 |     -> MinMaxLoc<Scalar, Index,
      |                          ^~~~~
      |                          Fastor::Index
/run/media/ndkd/lab/ihpc/ism/build/_deps/fastor-src/meta/einsum_meta.h:12:8: note: « Fastor::Index » déclaré ici
   12 | struct Index;
      |        ^~~~~
/run/media/ndkd/lab/ihpc/ism/build/_deps/kokkos-src/core/src/impl/Kokkos_BuiltinReducers.hpp:486:56: erreur: « Index » n'a pas été déclaré dans cette portée; vouliez-vous employer « Fastor::Index » ?
  486 |                  typename View<MinMaxLocScalar<Scalar, Index>,
      |                                                        ^~~~~
      |                                                        Fastor::Index
/run/media/ndkd/lab/ihpc/ism/build/_deps/fastor-src/meta/einsum_meta.h:12:8: note: « Fastor::Index » déclaré ici
   12 | struct Index;
      |        ^~~~~
/run/media/ndkd/lab/ihpc/ism/build/_deps/kokkos-src/core/src/impl/Kokkos_BuiltinReducers.hpp:486:61: erreur: nombre erroné d'arguments du patron (2, devrait être 1)
  486 |                  typename View<MinMaxLocScalar<Scalar, Index>,
      |                                                             ^
/run/media/ndkd/lab/ihpc/ism/build/_deps/kokkos-src/core/src/impl/Kokkos_BuiltinReducers.hpp:429:8: note: fournis pour « template<<typeprefixerror><anonymous> > struct Kokkos::MinMaxLocScalar »
  429 | struct MinMaxLocScalar {
      |        ^~~~~~~~~~~~~~~
/run/media/ndkd/lab/ihpc/ism/build/_deps/kokkos-src/core/src/impl/Kokkos_BuiltinReducers.hpp:487:32: erreur: « Properties » n'a pas été déclaré dans cette portée
  487 |                                Properties...>::memory_space>;
      |                                ^~~~~~~~~~
/run/media/ndkd/lab/ihpc/ism/build/_deps/kokkos-src/core/src/impl/Kokkos_BuiltinReducers.hpp:487:42: erreur: paquet de paramètres attendu avant « ... »
  487 |                                Properties...>::memory_space>;
      |                                          ^~~
/run/media/ndkd/lab/ihpc/ism/build/_deps/kokkos-src/core/src/impl/Kokkos_BuiltinReducers.hpp:487:45: erreur: l'argument 1 du patron est invalide
  487 |                                Properties...>::memory_space>;
      |                                             ^
/run/media/ndkd/lab/ihpc/ism/build/_deps/kokkos-src/core/src/impl/Kokkos_BuiltinReducers.hpp:487:45: erreur: l'argument 2 du patron est invalide
/run/media/ndkd/lab/ihpc/ism/build/_deps/kokkos-src/core/src/impl/Kokkos_BuiltinReducers.hpp:487:60: erreur: non concordance de type/valeur pour l'argument 1 dans la liste des paramètres du patron de « template<class ScalarType, class Index, class Space> struct Kokkos::MinMaxLoc »
  487 |                                Properties...>::memory_space>;
      |                                                            ^
/run/media/ndkd/lab/ihpc/ism/build/_deps/kokkos-src/core/src/impl/Kokkos_BuiltinReducers.hpp:487:60: note:   on attendait un type, on a obtenu « 64 »
/run/media/ndkd/lab/ihpc/ism/build/_deps/kokkos-src/core/src/impl/Kokkos_BuiltinReducers.hpp:487:60: erreur: l'argument 2 du patron est invalide
/run/media/ndkd/lab/ihpc/ism/build/_deps/kokkos-src/core/src/impl/Kokkos_BuiltinReducers.hpp:487:60: erreur: l'argument 3 du patron est invalide
/run/media/ndkd/lab/ihpc/ism/build/_deps/kokkos-src/core/src/impl/Kokkos_BuiltinReducers.hpp:485:8: erreur: le type de retour « <type error> » à la fin du guide de déduction n'est pas une spécialisation de « Kokkos::MinMaxLoc<ScalarType, Index, Space> »
  485 |     -> MinMaxLoc<Scalar, Index,
      |        ^~~~~~~~~~~~~~~~~~~~~~~~
  486 |                  typename View<MinMaxLocScalar<Scalar, Index>,
      |                  ~~~~~~~~~~~~~~~~~~~~~~~~~~~~~~~~~~~~~~~~~~~~~
  487 |                                Properties...>::memory_space>;
      |                                ~~~~~~~~~~~~~~~~~~~~~~~~~~~~~
/run/media/ndkd/lab/ihpc/ism/build/_deps/fastor-src/commons/commons.h:71:16: erreur: expected identifier before numeric constant
   71 | #define Scalar 64
      |                ^~
/run/media/ndkd/lab/ihpc/ism/build/_deps/kokkos-src/core/src/impl/Kokkos_BuiltinReducers.hpp:496:17: note: dans l'expansion de la macro « Scalar »
  496 | template <class Scalar, class Index, class Space>
      |                 ^~~~~~
/run/media/ndkd/lab/ihpc/ism/build/_deps/fastor-src/commons/commons.h:71:16: erreur: expected « > » before numeric constant
   71 | #define Scalar 64
      |                ^~
/run/media/ndkd/lab/ihpc/ism/build/_deps/kokkos-src/core/src/impl/Kokkos_BuiltinReducers.hpp:496:17: note: dans l'expansion de la macro « Scalar »
  496 | template <class Scalar, class Index, class Space>
      |                 ^~~~~~
/run/media/ndkd/lab/ihpc/ism/build/_deps/kokkos-src/core/src/impl/Kokkos_BuiltinReducers.hpp:499:47: erreur: non concordance de type/valeur pour l'argument 1 dans la liste des paramètres du patron de « template<class _Tp> using std::remove_cv_t = typename std::remove_cv::type »
  499 |           ValLocScalar<std::remove_cv_t<Scalar>, std::remove_cv_t<Index>>,
      |                                               ^
/run/media/ndkd/lab/ihpc/ism/build/_deps/kokkos-src/core/src/impl/Kokkos_BuiltinReducers.hpp:499:47: note:   on attendait un type, on a obtenu « 64 »
/run/media/ndkd/lab/ihpc/ism/build/_deps/kokkos-src/core/src/impl/Kokkos_BuiltinReducers.hpp:499:67: erreur: « Index » n'a pas été déclaré dans cette portée; vouliez-vous employer « Fastor::Index » ?
  499 |           ValLocScalar<std::remove_cv_t<Scalar>, std::remove_cv_t<Index>>,
      |                                                                   ^~~~~
      |                                                                   Fastor::Index
/run/media/ndkd/lab/ihpc/ism/build/_deps/fastor-src/meta/einsum_meta.h:12:8: note: « Fastor::Index » déclaré ici
   12 | struct Index;
      |        ^~~~~
/run/media/ndkd/lab/ihpc/ism/build/_deps/kokkos-src/core/src/impl/Kokkos_BuiltinReducers.hpp:499:67: erreur: l'argument 1 du patron est invalide
  499 |           ValLocScalar<std::remove_cv_t<Scalar>, std::remove_cv_t<Index>>,
      |                                                                   ^~~~~
/run/media/ndkd/lab/ihpc/ism/build/_deps/kokkos-src/core/src/impl/Kokkos_BuiltinReducers.hpp:499:72: erreur: nombre erroné d'arguments du patron (2, devrait être 1)
  499 |           ValLocScalar<std::remove_cv_t<Scalar>, std::remove_cv_t<Index>>,
      |                                                                        ^~
/run/media/ndkd/lab/ihpc/ism/build/_deps/kokkos-src/core/src/impl/Kokkos_BuiltinReducers.hpp:288:8: note: fournis pour « template<<typeprefixerror><anonymous> > struct Kokkos::ValLocScalar »
  288 | struct ValLocScalar {
      |        ^~~~~~~~~~~~
/run/media/ndkd/lab/ihpc/ism/build/_deps/kokkos-src/core/src/impl/Kokkos_BuiltinReducers.hpp:500:11: erreur: « Space » n'a pas été déclaré dans cette portée; vouliez-vous employer « isspace » ?
  500 |           Space> {
      |           ^~~~~
      |           isspace
/run/media/ndkd/lab/ihpc/ism/build/_deps/kokkos-src/core/src/impl/Kokkos_BuiltinReducers.hpp:500:16: erreur: nombre erroné d'arguments du patron (2, devrait être 1)
  500 |           Space> {
      |                ^
/run/media/ndkd/lab/ihpc/ism/build/_deps/kokkos-src/core/src/impl/Kokkos_BuiltinReducers.hpp:26:8: note: fournis pour « template<<typeprefixerror><anonymous> > struct Kokkos::Impl::BaseReducer »
   26 | struct BaseReducer {
      |        ^~~~~~~~~~~
/run/media/ndkd/lab/ihpc/ism/build/_deps/fastor-src/commons/commons.h:71:16: erreur: expected nested-name-specifier before numeric constant
   71 | #define Scalar 64
      |                ^~
/run/media/ndkd/lab/ihpc/ism/build/_deps/kokkos-src/core/src/impl/Kokkos_BuiltinReducers.hpp:534:20: note: dans l'expansion de la macro « Scalar »
  534 | template <typename Scalar, typename Index, typename... Properties>
      |                    ^~~~~~
/run/media/ndkd/lab/ihpc/ism/build/_deps/fastor-src/commons/commons.h:71:16: erreur: expected « > » before numeric constant
   71 | #define Scalar 64
      |                ^~
/run/media/ndkd/lab/ihpc/ism/build/_deps/kokkos-src/core/src/impl/Kokkos_BuiltinReducers.hpp:534:20: note: dans l'expansion de la macro « Scalar »
  534 | template <typename Scalar, typename Index, typename... Properties>
      |                    ^~~~~~
/run/media/ndkd/lab/ihpc/ism/build/_deps/kokkos-src/core/src/impl/Kokkos_BuiltinReducers.hpp:536:31: erreur: « Index » n'a pas été déclaré dans cette portée; vouliez-vous employer « Fastor::Index » ?
  536 |     View<ValLocScalar<Scalar, Index>, Properties...> const&)
      |                               ^~~~~
      |                               Fastor::Index
/run/media/ndkd/lab/ihpc/ism/build/_deps/fastor-src/meta/einsum_meta.h:12:8: note: « Fastor::Index » déclaré ici
   12 | struct Index;
      |        ^~~~~
/run/media/ndkd/lab/ihpc/ism/build/_deps/kokkos-src/core/src/impl/Kokkos_BuiltinReducers.hpp:536:36: erreur: nombre erroné d'arguments du patron (2, devrait être 1)
  536 |     View<ValLocScalar<Scalar, Index>, Properties...> const&)
      |                                    ^
/run/media/ndkd/lab/ihpc/ism/build/_deps/kokkos-src/core/src/impl/Kokkos_BuiltinReducers.hpp:288:8: note: fournis pour « template<<typeprefixerror><anonymous> > struct Kokkos::ValLocScalar »
  288 | struct ValLocScalar {
      |        ^~~~~~~~~~~~
/run/media/ndkd/lab/ihpc/ism/build/_deps/kokkos-src/core/src/impl/Kokkos_BuiltinReducers.hpp:536:39: erreur: « Properties » n'a pas été déclaré dans cette portée
  536 |     View<ValLocScalar<Scalar, Index>, Properties...> const&)
      |                                       ^~~~~~~~~~
/run/media/ndkd/lab/ihpc/ism/build/_deps/kokkos-src/core/src/impl/Kokkos_BuiltinReducers.hpp:536:49: erreur: paquet de paramètres attendu avant « ... »
  536 |     View<ValLocScalar<Scalar, Index>, Properties...> const&)
      |                                                 ^~~
/run/media/ndkd/lab/ihpc/ism/build/_deps/kokkos-src/core/src/impl/Kokkos_BuiltinReducers.hpp:536:52: erreur: l'argument 1 du patron est invalide
  536 |     View<ValLocScalar<Scalar, Index>, Properties...> const&)
      |                                                    ^
/run/media/ndkd/lab/ihpc/ism/build/_deps/kokkos-src/core/src/impl/Kokkos_BuiltinReducers.hpp:536:52: erreur: l'argument 2 du patron est invalide
/run/media/ndkd/lab/ihpc/ism/build/_deps/kokkos-src/core/src/impl/Kokkos_BuiltinReducers.hpp:537:28: erreur: « Index » n'a pas été déclaré dans cette portée; vouliez-vous employer « Fastor::Index » ?
  537 |     -> MaxFirstLoc<Scalar, Index,
      |                            ^~~~~
      |                            Fastor::Index
/run/media/ndkd/lab/ihpc/ism/build/_deps/fastor-src/meta/einsum_meta.h:12:8: note: « Fastor::Index » déclaré ici
   12 | struct Index;
      |        ^~~~~
/run/media/ndkd/lab/ihpc/ism/build/_deps/kokkos-src/core/src/impl/Kokkos_BuiltinReducers.hpp:538:55: erreur: « Index » n'a pas été déclaré dans cette portée; vouliez-vous employer « Fastor::Index » ?
  538 |                    typename View<ValLocScalar<Scalar, Index>,
      |                                                       ^~~~~
      |                                                       Fastor::Index
/run/media/ndkd/lab/ihpc/ism/build/_deps/fastor-src/meta/einsum_meta.h:12:8: note: « Fastor::Index » déclaré ici
   12 | struct Index;
      |        ^~~~~
/run/media/ndkd/lab/ihpc/ism/build/_deps/kokkos-src/core/src/impl/Kokkos_BuiltinReducers.hpp:538:60: erreur: nombre erroné d'arguments du patron (2, devrait être 1)
  538 |                    typename View<ValLocScalar<Scalar, Index>,
      |                                                            ^
/run/media/ndkd/lab/ihpc/ism/build/_deps/kokkos-src/core/src/impl/Kokkos_BuiltinReducers.hpp:288:8: note: fournis pour « template<<typeprefixerror><anonymous> > struct Kokkos::ValLocScalar »
  288 | struct ValLocScalar {
      |        ^~~~~~~~~~~~
/run/media/ndkd/lab/ihpc/ism/build/_deps/kokkos-src/core/src/impl/Kokkos_BuiltinReducers.hpp:539:34: erreur: « Properties » n'a pas été déclaré dans cette portée
  539 |                                  Properties...>::memory_space>;
      |                                  ^~~~~~~~~~
/run/media/ndkd/lab/ihpc/ism/build/_deps/kokkos-src/core/src/impl/Kokkos_BuiltinReducers.hpp:539:44: erreur: paquet de paramètres attendu avant « ... »
  539 |                                  Properties...>::memory_space>;
      |                                            ^~~
/run/media/ndkd/lab/ihpc/ism/build/_deps/kokkos-src/core/src/impl/Kokkos_BuiltinReducers.hpp:539:47: erreur: l'argument 1 du patron est invalide
  539 |                                  Properties...>::memory_space>;
      |                                               ^
/run/media/ndkd/lab/ihpc/ism/build/_deps/kokkos-src/core/src/impl/Kokkos_BuiltinReducers.hpp:539:47: erreur: l'argument 2 du patron est invalide
/run/media/ndkd/lab/ihpc/ism/build/_deps/kokkos-src/core/src/impl/Kokkos_BuiltinReducers.hpp:539:62: erreur: nombre erroné d'arguments du patron (3, devrait être 1)
  539 |                                  Properties...>::memory_space>;
      |                                                              ^
/run/media/ndkd/lab/ihpc/ism/build/_deps/kokkos-src/core/src/Kokkos_Core_fwd.hpp:345:8: note: fournis pour « template<<typeprefixerror><anonymous> > struct Kokkos::MaxFirstLoc »
  345 | struct MaxFirstLoc;
      |        ^~~~~~~~~~~
/run/media/ndkd/lab/ihpc/ism/build/_deps/kokkos-src/core/src/impl/Kokkos_BuiltinReducers.hpp:537:8: erreur: le type de retour « <type error> » à la fin du guide de déduction n'est pas une spécialisation de « Kokkos::MaxFirstLoc<<anonymous> > »
  537 |     -> MaxFirstLoc<Scalar, Index,
      |        ^~~~~~~~~~~~~~~~~~~~~~~~~~
  538 |                    typename View<ValLocScalar<Scalar, Index>,
      |                    ~~~~~~~~~~~~~~~~~~~~~~~~~~~~~~~~~~~~~~~~~~
  539 |                                  Properties...>::memory_space>;
      |                                  ~~~~~~~~~~~~~~~~~~~~~~~~~~~~~
/run/media/ndkd/lab/ihpc/ism/build/_deps/fastor-src/commons/commons.h:71:16: erreur: expected identifier before numeric constant
   71 | #define Scalar 64
      |                ^~
/run/media/ndkd/lab/ihpc/ism/build/_deps/kokkos-src/core/src/impl/Kokkos_BuiltinReducers.hpp:545:17: note: dans l'expansion de la macro « Scalar »
  545 | template <class Scalar, class Index, class ComparatorType, class Space>
      |                 ^~~~~~
/run/media/ndkd/lab/ihpc/ism/build/_deps/fastor-src/commons/commons.h:71:16: erreur: expected « > » before numeric constant
   71 | #define Scalar 64
      |                ^~
/run/media/ndkd/lab/ihpc/ism/build/_deps/kokkos-src/core/src/impl/Kokkos_BuiltinReducers.hpp:545:17: note: dans l'expansion de la macro « Scalar »
  545 | template <class Scalar, class Index, class ComparatorType, class Space>
      |                 ^~~~~~
/run/media/ndkd/lab/ihpc/ism/build/_deps/kokkos-src/core/src/impl/Kokkos_BuiltinReducers.hpp:548:47: erreur: non concordance de type/valeur pour l'argument 1 dans la liste des paramètres du patron de « template<class _Tp> using std::remove_cv_t = typename std::remove_cv::type »
  548 |           ValLocScalar<std::remove_cv_t<Scalar>, std::remove_cv_t<Index>>,
      |                                               ^
/run/media/ndkd/lab/ihpc/ism/build/_deps/kokkos-src/core/src/impl/Kokkos_BuiltinReducers.hpp:548:47: note:   on attendait un type, on a obtenu « 64 »
/run/media/ndkd/lab/ihpc/ism/build/_deps/kokkos-src/core/src/impl/Kokkos_BuiltinReducers.hpp:548:67: erreur: « Index » n'a pas été déclaré dans cette portée; vouliez-vous employer « Fastor::Index » ?
  548 |           ValLocScalar<std::remove_cv_t<Scalar>, std::remove_cv_t<Index>>,
      |                                                                   ^~~~~
      |                                                                   Fastor::Index
/run/media/ndkd/lab/ihpc/ism/build/_deps/fastor-src/meta/einsum_meta.h:12:8: note: « Fastor::Index » déclaré ici
   12 | struct Index;
      |        ^~~~~
/run/media/ndkd/lab/ihpc/ism/build/_deps/kokkos-src/core/src/impl/Kokkos_BuiltinReducers.hpp:548:67: erreur: l'argument 1 du patron est invalide
  548 |           ValLocScalar<std::remove_cv_t<Scalar>, std::remove_cv_t<Index>>,
      |                                                                   ^~~~~
/run/media/ndkd/lab/ihpc/ism/build/_deps/kokkos-src/core/src/impl/Kokkos_BuiltinReducers.hpp:548:72: erreur: nombre erroné d'arguments du patron (2, devrait être 1)
  548 |           ValLocScalar<std::remove_cv_t<Scalar>, std::remove_cv_t<Index>>,
      |                                                                        ^~
/run/media/ndkd/lab/ihpc/ism/build/_deps/kokkos-src/core/src/impl/Kokkos_BuiltinReducers.hpp:288:8: note: fournis pour « template<<typeprefixerror><anonymous> > struct Kokkos::ValLocScalar »
  288 | struct ValLocScalar {
      |        ^~~~~~~~~~~~
/run/media/ndkd/lab/ihpc/ism/build/_deps/kokkos-src/core/src/impl/Kokkos_BuiltinReducers.hpp:549:11: erreur: « Space » n'a pas été déclaré dans cette portée; vouliez-vous employer « isspace » ?
  549 |           Space> {
      |           ^~~~~
      |           isspace
/run/media/ndkd/lab/ihpc/ism/build/_deps/kokkos-src/core/src/impl/Kokkos_BuiltinReducers.hpp:549:16: erreur: nombre erroné d'arguments du patron (2, devrait être 1)
  549 |           Space> {
      |                ^
/run/media/ndkd/lab/ihpc/ism/build/_deps/kokkos-src/core/src/impl/Kokkos_BuiltinReducers.hpp:26:8: note: fournis pour « template<<typeprefixerror><anonymous> > struct Kokkos::Impl::BaseReducer »
   26 | struct BaseReducer {
      |        ^~~~~~~~~~~
/run/media/ndkd/lab/ihpc/ism/build/_deps/fastor-src/commons/commons.h:71:16: erreur: expected nested-name-specifier before numeric constant
   71 | #define Scalar 64
      |                ^~
/run/media/ndkd/lab/ihpc/ism/build/_deps/kokkos-src/core/src/impl/Kokkos_BuiltinReducers.hpp:595:20: note: dans l'expansion de la macro « Scalar »
  595 | template <typename Scalar, typename Index, typename ComparatorType,
      |                    ^~~~~~
/run/media/ndkd/lab/ihpc/ism/build/_deps/fastor-src/commons/commons.h:71:16: erreur: expected « > » before numeric constant
   71 | #define Scalar 64
      |                ^~
/run/media/ndkd/lab/ihpc/ism/build/_deps/kokkos-src/core/src/impl/Kokkos_BuiltinReducers.hpp:595:20: note: dans l'expansion de la macro « Scalar »
  595 | template <typename Scalar, typename Index, typename ComparatorType,
      |                    ^~~~~~
/run/media/ndkd/lab/ihpc/ism/build/_deps/kokkos-src/core/src/impl/Kokkos_BuiltinReducers.hpp:598:31: erreur: « Index » n'a pas été déclaré dans cette portée; vouliez-vous employer « Fastor::Index » ?
  598 |     View<ValLocScalar<Scalar, Index>, Properties...> const&, ComparatorType)
      |                               ^~~~~
      |                               Fastor::Index
/run/media/ndkd/lab/ihpc/ism/build/_deps/fastor-src/meta/einsum_meta.h:12:8: note: « Fastor::Index » déclaré ici
   12 | struct Index;
      |        ^~~~~
/run/media/ndkd/lab/ihpc/ism/build/_deps/kokkos-src/core/src/impl/Kokkos_BuiltinReducers.hpp:598:36: erreur: nombre erroné d'arguments du patron (2, devrait être 1)
  598 |     View<ValLocScalar<Scalar, Index>, Properties...> const&, ComparatorType)
      |                                    ^
/run/media/ndkd/lab/ihpc/ism/build/_deps/kokkos-src/core/src/impl/Kokkos_BuiltinReducers.hpp:288:8: note: fournis pour « template<<typeprefixerror><anonymous> > struct Kokkos::ValLocScalar »
  288 | struct ValLocScalar {
      |        ^~~~~~~~~~~~
/run/media/ndkd/lab/ihpc/ism/build/_deps/kokkos-src/core/src/impl/Kokkos_BuiltinReducers.hpp:598:39: erreur: « Properties » n'a pas été déclaré dans cette portée
  598 |     View<ValLocScalar<Scalar, Index>, Properties...> const&, ComparatorType)
      |                                       ^~~~~~~~~~
/run/media/ndkd/lab/ihpc/ism/build/_deps/kokkos-src/core/src/impl/Kokkos_BuiltinReducers.hpp:598:49: erreur: paquet de paramètres attendu avant « ... »
  598 |     View<ValLocScalar<Scalar, Index>, Properties...> const&, ComparatorType)
      |                                                 ^~~
/run/media/ndkd/lab/ihpc/ism/build/_deps/kokkos-src/core/src/impl/Kokkos_BuiltinReducers.hpp:598:52: erreur: l'argument 1 du patron est invalide
  598 |     View<ValLocScalar<Scalar, Index>, Properties...> const&, ComparatorType)
      |                                                    ^
/run/media/ndkd/lab/ihpc/ism/build/_deps/kokkos-src/core/src/impl/Kokkos_BuiltinReducers.hpp:598:52: erreur: l'argument 2 du patron est invalide
/run/media/ndkd/lab/ihpc/ism/build/_deps/kokkos-src/core/src/impl/Kokkos_BuiltinReducers.hpp:598:62: erreur: « ComparatorType » n'a pas été déclaré
  598 |     View<ValLocScalar<Scalar, Index>, Properties...> const&, ComparatorType)
      |                                                              ^~~~~~~~~~~~~~
/run/media/ndkd/lab/ihpc/ism/build/_deps/kokkos-src/core/src/impl/Kokkos_BuiltinReducers.hpp:599:44: erreur: « Index » n'a pas été déclaré dans cette portée; vouliez-vous employer « Fastor::Index » ?
  599 |     -> MaxFirstLocCustomComparator<Scalar, Index, ComparatorType,
      |                                            ^~~~~
      |                                            Fastor::Index
/run/media/ndkd/lab/ihpc/ism/build/_deps/fastor-src/meta/einsum_meta.h:12:8: note: « Fastor::Index » déclaré ici
   12 | struct Index;
      |        ^~~~~
/run/media/ndkd/lab/ihpc/ism/build/_deps/kokkos-src/core/src/impl/Kokkos_BuiltinReducers.hpp:599:51: erreur: « ComparatorType » n'a pas été déclaré dans cette portée
  599 |     -> MaxFirstLocCustomComparator<Scalar, Index, ComparatorType,
      |                                                   ^~~~~~~~~~~~~~
/run/media/ndkd/lab/ihpc/ism/build/_deps/kokkos-src/core/src/impl/Kokkos_BuiltinReducers.hpp:600:71: erreur: « Index » n'a pas été déclaré dans cette portée; vouliez-vous employer « Fastor::Index » ?
  600 |                                    typename View<ValLocScalar<Scalar, Index>,
      |                                                                       ^~~~~
      |                                                                       Fastor::Index
/run/media/ndkd/lab/ihpc/ism/build/_deps/fastor-src/meta/einsum_meta.h:12:8: note: « Fastor::Index » déclaré ici
   12 | struct Index;
      |        ^~~~~
/run/media/ndkd/lab/ihpc/ism/build/_deps/kokkos-src/core/src/impl/Kokkos_BuiltinReducers.hpp:600:76: erreur: nombre erroné d'arguments du patron (2, devrait être 1)
  600 |                                    typename View<ValLocScalar<Scalar, Index>,
      |                                                                            ^
/run/media/ndkd/lab/ihpc/ism/build/_deps/kokkos-src/core/src/impl/Kokkos_BuiltinReducers.hpp:288:8: note: fournis pour « template<<typeprefixerror><anonymous> > struct Kokkos::ValLocScalar »
  288 | struct ValLocScalar {
      |        ^~~~~~~~~~~~
/run/media/ndkd/lab/ihpc/ism/build/_deps/kokkos-src/core/src/impl/Kokkos_BuiltinReducers.hpp:601:50: erreur: « Properties » n'a pas été déclaré dans cette portée
  601 |                                                  Properties...>::memory_space>;
      |                                                  ^~~~~~~~~~
/run/media/ndkd/lab/ihpc/ism/build/_deps/kokkos-src/core/src/impl/Kokkos_BuiltinReducers.hpp:601:60: erreur: paquet de paramètres attendu avant « ... »
  601 |                                                  Properties...>::memory_space>;
      |                                                            ^~~
/run/media/ndkd/lab/ihpc/ism/build/_deps/kokkos-src/core/src/impl/Kokkos_BuiltinReducers.hpp:601:63: erreur: l'argument 1 du patron est invalide
  601 |                                                  Properties...>::memory_space>;
      |                                                               ^
/run/media/ndkd/lab/ihpc/ism/build/_deps/kokkos-src/core/src/impl/Kokkos_BuiltinReducers.hpp:601:63: erreur: l'argument 2 du patron est invalide
/run/media/ndkd/lab/ihpc/ism/build/_deps/kokkos-src/core/src/impl/Kokkos_BuiltinReducers.hpp:601:78: erreur: nombre erroné d'arguments du patron (4, devrait être 1)
  601 |                                                  Properties...>::memory_space>;
      |                                                                              ^
/run/media/ndkd/lab/ihpc/ism/build/_deps/kokkos-src/core/src/Kokkos_Core_fwd.hpp:348:8: note: fournis pour « template<<typeprefixerror><anonymous> > struct Kokkos::MaxFirstLocCustomComparator »
  348 | struct MaxFirstLocCustomComparator;
      |        ^~~~~~~~~~~~~~~~~~~~~~~~~~~
/run/media/ndkd/lab/ihpc/ism/build/_deps/kokkos-src/core/src/impl/Kokkos_BuiltinReducers.hpp:599:8: erreur: le type de retour « <type error> » à la fin du guide de déduction n'est pas une spécialisation de « Kokkos::MaxFirstLocCustomComparator<<anonymous> > »
  599 |     -> MaxFirstLocCustomComparator<Scalar, Index, ComparatorType,
      |        ^~~~~~~~~~~~~~~~~~~~~~~~~~~~~~~~~~~~~~~~~~~~~~~~~~~~~~~~~~
  600 |                                    typename View<ValLocScalar<Scalar, Index>,
      |                                    ~~~~~~~~~~~~~~~~~~~~~~~~~~~~~~~~~~~~~~~~~~
  601 |                                                  Properties...>::memory_space>;
      |                                                  ~~~~~~~~~~~~~~~~~~~~~~~~~~~~~
/run/media/ndkd/lab/ihpc/ism/build/_deps/fastor-src/commons/commons.h:71:16: erreur: expected identifier before numeric constant
   71 | #define Scalar 64
      |                ^~
/run/media/ndkd/lab/ihpc/ism/build/_deps/kokkos-src/core/src/impl/Kokkos_BuiltinReducers.hpp:606:17: note: dans l'expansion de la macro « Scalar »
  606 | template <class Scalar, class Index, class Space>
      |                 ^~~~~~
/run/media/ndkd/lab/ihpc/ism/build/_deps/fastor-src/commons/commons.h:71:16: erreur: expected « > » before numeric constant
   71 | #define Scalar 64
      |                ^~
/run/media/ndkd/lab/ihpc/ism/build/_deps/kokkos-src/core/src/impl/Kokkos_BuiltinReducers.hpp:606:17: note: dans l'expansion de la macro « Scalar »
  606 | template <class Scalar, class Index, class Space>
      |                 ^~~~~~
/run/media/ndkd/lab/ihpc/ism/build/_deps/kokkos-src/core/src/impl/Kokkos_BuiltinReducers.hpp:609:47: erreur: non concordance de type/valeur pour l'argument 1 dans la liste des paramètres du patron de « template<class _Tp> using std::remove_cv_t = typename std::remove_cv::type »
  609 |           ValLocScalar<std::remove_cv_t<Scalar>, std::remove_cv_t<Index>>,
      |                                               ^
/run/media/ndkd/lab/ihpc/ism/build/_deps/kokkos-src/core/src/impl/Kokkos_BuiltinReducers.hpp:609:47: note:   on attendait un type, on a obtenu « 64 »
/run/media/ndkd/lab/ihpc/ism/build/_deps/kokkos-src/core/src/impl/Kokkos_BuiltinReducers.hpp:609:67: erreur: « Index » n'a pas été déclaré dans cette portée; vouliez-vous employer « Fastor::Index » ?
  609 |           ValLocScalar<std::remove_cv_t<Scalar>, std::remove_cv_t<Index>>,
      |                                                                   ^~~~~
      |                                                                   Fastor::Index
/run/media/ndkd/lab/ihpc/ism/build/_deps/fastor-src/meta/einsum_meta.h:12:8: note: « Fastor::Index » déclaré ici
   12 | struct Index;
      |        ^~~~~
/run/media/ndkd/lab/ihpc/ism/build/_deps/kokkos-src/core/src/impl/Kokkos_BuiltinReducers.hpp:609:67: erreur: l'argument 1 du patron est invalide
  609 |           ValLocScalar<std::remove_cv_t<Scalar>, std::remove_cv_t<Index>>,
      |                                                                   ^~~~~
/run/media/ndkd/lab/ihpc/ism/build/_deps/kokkos-src/core/src/impl/Kokkos_BuiltinReducers.hpp:609:72: erreur: nombre erroné d'arguments du patron (2, devrait être 1)
  609 |           ValLocScalar<std::remove_cv_t<Scalar>, std::remove_cv_t<Index>>,
      |                                                                        ^~
/run/media/ndkd/lab/ihpc/ism/build/_deps/kokkos-src/core/src/impl/Kokkos_BuiltinReducers.hpp:288:8: note: fournis pour « template<<typeprefixerror><anonymous> > struct Kokkos::ValLocScalar »
  288 | struct ValLocScalar {
      |        ^~~~~~~~~~~~
/run/media/ndkd/lab/ihpc/ism/build/_deps/kokkos-src/core/src/impl/Kokkos_BuiltinReducers.hpp:610:11: erreur: « Space » n'a pas été déclaré dans cette portée; vouliez-vous employer « isspace » ?
  610 |           Space> {
      |           ^~~~~
      |           isspace
/run/media/ndkd/lab/ihpc/ism/build/_deps/kokkos-src/core/src/impl/Kokkos_BuiltinReducers.hpp:610:16: erreur: nombre erroné d'arguments du patron (2, devrait être 1)
  610 |           Space> {
      |                ^
/run/media/ndkd/lab/ihpc/ism/build/_deps/kokkos-src/core/src/impl/Kokkos_BuiltinReducers.hpp:26:8: note: fournis pour « template<<typeprefixerror><anonymous> > struct Kokkos::Impl::BaseReducer »
   26 | struct BaseReducer {
      |        ^~~~~~~~~~~
/run/media/ndkd/lab/ihpc/ism/build/_deps/fastor-src/commons/commons.h:71:16: erreur: expected nested-name-specifier before numeric constant
   71 | #define Scalar 64
      |                ^~
/run/media/ndkd/lab/ihpc/ism/build/_deps/kokkos-src/core/src/impl/Kokkos_BuiltinReducers.hpp:644:20: note: dans l'expansion de la macro « Scalar »
  644 | template <typename Scalar, typename Index, typename... Properties>
      |                    ^~~~~~
/run/media/ndkd/lab/ihpc/ism/build/_deps/fastor-src/commons/commons.h:71:16: erreur: expected « > » before numeric constant
   71 | #define Scalar 64
      |                ^~
/run/media/ndkd/lab/ihpc/ism/build/_deps/kokkos-src/core/src/impl/Kokkos_BuiltinReducers.hpp:644:20: note: dans l'expansion de la macro « Scalar »
  644 | template <typename Scalar, typename Index, typename... Properties>
      |                    ^~~~~~
/run/media/ndkd/lab/ihpc/ism/build/_deps/kokkos-src/core/src/impl/Kokkos_BuiltinReducers.hpp:646:31: erreur: « Index » n'a pas été déclaré dans cette portée; vouliez-vous employer « Fastor::Index » ?
  646 |     View<ValLocScalar<Scalar, Index>, Properties...> const&)
      |                               ^~~~~
      |                               Fastor::Index
/run/media/ndkd/lab/ihpc/ism/build/_deps/fastor-src/meta/einsum_meta.h:12:8: note: « Fastor::Index » déclaré ici
   12 | struct Index;
      |        ^~~~~
/run/media/ndkd/lab/ihpc/ism/build/_deps/kokkos-src/core/src/impl/Kokkos_BuiltinReducers.hpp:646:36: erreur: nombre erroné d'arguments du patron (2, devrait être 1)
  646 |     View<ValLocScalar<Scalar, Index>, Properties...> const&)
      |                                    ^
/run/media/ndkd/lab/ihpc/ism/build/_deps/kokkos-src/core/src/impl/Kokkos_BuiltinReducers.hpp:288:8: note: fournis pour « template<<typeprefixerror><anonymous> > struct Kokkos::ValLocScalar »
  288 | struct ValLocScalar {
      |        ^~~~~~~~~~~~
/run/media/ndkd/lab/ihpc/ism/build/_deps/kokkos-src/core/src/impl/Kokkos_BuiltinReducers.hpp:646:39: erreur: « Properties » n'a pas été déclaré dans cette portée
  646 |     View<ValLocScalar<Scalar, Index>, Properties...> const&)
      |                                       ^~~~~~~~~~
/run/media/ndkd/lab/ihpc/ism/build/_deps/kokkos-src/core/src/impl/Kokkos_BuiltinReducers.hpp:646:49: erreur: paquet de paramètres attendu avant « ... »
  646 |     View<ValLocScalar<Scalar, Index>, Properties...> const&)
      |                                                 ^~~
/run/media/ndkd/lab/ihpc/ism/build/_deps/kokkos-src/core/src/impl/Kokkos_BuiltinReducers.hpp:646:52: erreur: l'argument 1 du patron est invalide
  646 |     View<ValLocScalar<Scalar, Index>, Properties...> const&)
      |                                                    ^
/run/media/ndkd/lab/ihpc/ism/build/_deps/kokkos-src/core/src/impl/Kokkos_BuiltinReducers.hpp:646:52: erreur: l'argument 2 du patron est invalide
/run/media/ndkd/lab/ihpc/ism/build/_deps/kokkos-src/core/src/impl/Kokkos_BuiltinReducers.hpp:647:28: erreur: « Index » n'a pas été déclaré dans cette portée; vouliez-vous employer « Fastor::Index » ?
  647 |     -> MinFirstLoc<Scalar, Index,
      |                            ^~~~~
      |                            Fastor::Index
/run/media/ndkd/lab/ihpc/ism/build/_deps/fastor-src/meta/einsum_meta.h:12:8: note: « Fastor::Index » déclaré ici
   12 | struct Index;
      |        ^~~~~
/run/media/ndkd/lab/ihpc/ism/build/_deps/kokkos-src/core/src/impl/Kokkos_BuiltinReducers.hpp:648:55: erreur: « Index » n'a pas été déclaré dans cette portée; vouliez-vous employer « Fastor::Index » ?
  648 |                    typename View<ValLocScalar<Scalar, Index>,
      |                                                       ^~~~~
      |                                                       Fastor::Index
/run/media/ndkd/lab/ihpc/ism/build/_deps/fastor-src/meta/einsum_meta.h:12:8: note: « Fastor::Index » déclaré ici
   12 | struct Index;
      |        ^~~~~
/run/media/ndkd/lab/ihpc/ism/build/_deps/kokkos-src/core/src/impl/Kokkos_BuiltinReducers.hpp:648:60: erreur: nombre erroné d'arguments du patron (2, devrait être 1)
  648 |                    typename View<ValLocScalar<Scalar, Index>,
      |                                                            ^
/run/media/ndkd/lab/ihpc/ism/build/_deps/kokkos-src/core/src/impl/Kokkos_BuiltinReducers.hpp:288:8: note: fournis pour « template<<typeprefixerror><anonymous> > struct Kokkos::ValLocScalar »
  288 | struct ValLocScalar {
      |        ^~~~~~~~~~~~
/run/media/ndkd/lab/ihpc/ism/build/_deps/kokkos-src/core/src/impl/Kokkos_BuiltinReducers.hpp:649:34: erreur: « Properties » n'a pas été déclaré dans cette portée
  649 |                                  Properties...>::memory_space>;
      |                                  ^~~~~~~~~~
/run/media/ndkd/lab/ihpc/ism/build/_deps/kokkos-src/core/src/impl/Kokkos_BuiltinReducers.hpp:649:44: erreur: paquet de paramètres attendu avant « ... »
  649 |                                  Properties...>::memory_space>;
      |                                            ^~~
/run/media/ndkd/lab/ihpc/ism/build/_deps/kokkos-src/core/src/impl/Kokkos_BuiltinReducers.hpp:649:47: erreur: l'argument 1 du patron est invalide
  649 |                                  Properties...>::memory_space>;
      |                                               ^
/run/media/ndkd/lab/ihpc/ism/build/_deps/kokkos-src/core/src/impl/Kokkos_BuiltinReducers.hpp:649:47: erreur: l'argument 2 du patron est invalide
/run/media/ndkd/lab/ihpc/ism/build/_deps/kokkos-src/core/src/impl/Kokkos_BuiltinReducers.hpp:649:62: erreur: nombre erroné d'arguments du patron (3, devrait être 1)
  649 |                                  Properties...>::memory_space>;
      |                                                              ^
/run/media/ndkd/lab/ihpc/ism/build/_deps/kokkos-src/core/src/Kokkos_Core_fwd.hpp:351:8: note: fournis pour « template<<typeprefixerror><anonymous> > struct Kokkos::MinFirstLoc »
  351 | struct MinFirstLoc;
      |        ^~~~~~~~~~~
/run/media/ndkd/lab/ihpc/ism/build/_deps/kokkos-src/core/src/impl/Kokkos_BuiltinReducers.hpp:647:8: erreur: le type de retour « <type error> » à la fin du guide de déduction n'est pas une spécialisation de « Kokkos::MinFirstLoc<<anonymous> > »
  647 |     -> MinFirstLoc<Scalar, Index,
      |        ^~~~~~~~~~~~~~~~~~~~~~~~~~
  648 |                    typename View<ValLocScalar<Scalar, Index>,
      |                    ~~~~~~~~~~~~~~~~~~~~~~~~~~~~~~~~~~~~~~~~~~
  649 |                                  Properties...>::memory_space>;
      |                                  ~~~~~~~~~~~~~~~~~~~~~~~~~~~~~
/run/media/ndkd/lab/ihpc/ism/build/_deps/fastor-src/commons/commons.h:71:16: erreur: expected identifier before numeric constant
   71 | #define Scalar 64
      |                ^~
/run/media/ndkd/lab/ihpc/ism/build/_deps/kokkos-src/core/src/impl/Kokkos_BuiltinReducers.hpp:655:17: note: dans l'expansion de la macro « Scalar »
  655 | template <class Scalar, class Index, class ComparatorType, class Space>
      |                 ^~~~~~
/run/media/ndkd/lab/ihpc/ism/build/_deps/fastor-src/commons/commons.h:71:16: erreur: expected « > » before numeric constant
   71 | #define Scalar 64
      |                ^~
/run/media/ndkd/lab/ihpc/ism/build/_deps/kokkos-src/core/src/impl/Kokkos_BuiltinReducers.hpp:655:17: note: dans l'expansion de la macro « Scalar »
  655 | template <class Scalar, class Index, class ComparatorType, class Space>
      |                 ^~~~~~
/run/media/ndkd/lab/ihpc/ism/build/_deps/kokkos-src/core/src/impl/Kokkos_BuiltinReducers.hpp:658:47: erreur: non concordance de type/valeur pour l'argument 1 dans la liste des paramètres du patron de « template<class _Tp> using std::remove_cv_t = typename std::remove_cv::type »
  658 |           ValLocScalar<std::remove_cv_t<Scalar>, std::remove_cv_t<Index>>,
      |                                               ^
/run/media/ndkd/lab/ihpc/ism/build/_deps/kokkos-src/core/src/impl/Kokkos_BuiltinReducers.hpp:658:47: note:   on attendait un type, on a obtenu « 64 »
/run/media/ndkd/lab/ihpc/ism/build/_deps/kokkos-src/core/src/impl/Kokkos_BuiltinReducers.hpp:658:67: erreur: « Index » n'a pas été déclaré dans cette portée; vouliez-vous employer « Fastor::Index » ?
  658 |           ValLocScalar<std::remove_cv_t<Scalar>, std::remove_cv_t<Index>>,
      |                                                                   ^~~~~
      |                                                                   Fastor::Index
/run/media/ndkd/lab/ihpc/ism/build/_deps/fastor-src/meta/einsum_meta.h:12:8: note: « Fastor::Index » déclaré ici
   12 | struct Index;
      |        ^~~~~
/run/media/ndkd/lab/ihpc/ism/build/_deps/kokkos-src/core/src/impl/Kokkos_BuiltinReducers.hpp:658:67: erreur: l'argument 1 du patron est invalide
  658 |           ValLocScalar<std::remove_cv_t<Scalar>, std::remove_cv_t<Index>>,
      |                                                                   ^~~~~
/run/media/ndkd/lab/ihpc/ism/build/_deps/kokkos-src/core/src/impl/Kokkos_BuiltinReducers.hpp:658:72: erreur: nombre erroné d'arguments du patron (2, devrait être 1)
  658 |           ValLocScalar<std::remove_cv_t<Scalar>, std::remove_cv_t<Index>>,
      |                                                                        ^~
/run/media/ndkd/lab/ihpc/ism/build/_deps/kokkos-src/core/src/impl/Kokkos_BuiltinReducers.hpp:288:8: note: fournis pour « template<<typeprefixerror><anonymous> > struct Kokkos::ValLocScalar »
  288 | struct ValLocScalar {
      |        ^~~~~~~~~~~~
/run/media/ndkd/lab/ihpc/ism/build/_deps/kokkos-src/core/src/impl/Kokkos_BuiltinReducers.hpp:659:11: erreur: « Space » n'a pas été déclaré dans cette portée; vouliez-vous employer « isspace » ?
  659 |           Space> {
      |           ^~~~~
      |           isspace
/run/media/ndkd/lab/ihpc/ism/build/_deps/kokkos-src/core/src/impl/Kokkos_BuiltinReducers.hpp:659:16: erreur: nombre erroné d'arguments du patron (2, devrait être 1)
  659 |           Space> {
      |                ^
/run/media/ndkd/lab/ihpc/ism/build/_deps/kokkos-src/core/src/impl/Kokkos_BuiltinReducers.hpp:26:8: note: fournis pour « template<<typeprefixerror><anonymous> > struct Kokkos::Impl::BaseReducer »
   26 | struct BaseReducer {
      |        ^~~~~~~~~~~
/run/media/ndkd/lab/ihpc/ism/build/_deps/fastor-src/commons/commons.h:71:16: erreur: expected nested-name-specifier before numeric constant
   71 | #define Scalar 64
      |                ^~
/run/media/ndkd/lab/ihpc/ism/build/_deps/kokkos-src/core/src/impl/Kokkos_BuiltinReducers.hpp:705:20: note: dans l'expansion de la macro « Scalar »
  705 | template <typename Scalar, typename Index, typename ComparatorType,
      |                    ^~~~~~
/run/media/ndkd/lab/ihpc/ism/build/_deps/fastor-src/commons/commons.h:71:16: erreur: expected « > » before numeric constant
   71 | #define Scalar 64
      |                ^~
/run/media/ndkd/lab/ihpc/ism/build/_deps/kokkos-src/core/src/impl/Kokkos_BuiltinReducers.hpp:705:20: note: dans l'expansion de la macro « Scalar »
  705 | template <typename Scalar, typename Index, typename ComparatorType,
      |                    ^~~~~~
/run/media/ndkd/lab/ihpc/ism/build/_deps/kokkos-src/core/src/impl/Kokkos_BuiltinReducers.hpp:708:31: erreur: « Index » n'a pas été déclaré dans cette portée; vouliez-vous employer « Fastor::Index » ?
  708 |     View<ValLocScalar<Scalar, Index>, Properties...> const&, ComparatorType)
      |                               ^~~~~
      |                               Fastor::Index
/run/media/ndkd/lab/ihpc/ism/build/_deps/fastor-src/meta/einsum_meta.h:12:8: note: « Fastor::Index » déclaré ici
   12 | struct Index;
      |        ^~~~~
/run/media/ndkd/lab/ihpc/ism/build/_deps/kokkos-src/core/src/impl/Kokkos_BuiltinReducers.hpp:708:36: erreur: nombre erroné d'arguments du patron (2, devrait être 1)
  708 |     View<ValLocScalar<Scalar, Index>, Properties...> const&, ComparatorType)
      |                                    ^
/run/media/ndkd/lab/ihpc/ism/build/_deps/kokkos-src/core/src/impl/Kokkos_BuiltinReducers.hpp:288:8: note: fournis pour « template<<typeprefixerror><anonymous> > struct Kokkos::ValLocScalar »
  288 | struct ValLocScalar {
      |        ^~~~~~~~~~~~
/run/media/ndkd/lab/ihpc/ism/build/_deps/kokkos-src/core/src/impl/Kokkos_BuiltinReducers.hpp:708:39: erreur: « Properties » n'a pas été déclaré dans cette portée
  708 |     View<ValLocScalar<Scalar, Index>, Properties...> const&, ComparatorType)
      |                                       ^~~~~~~~~~
/run/media/ndkd/lab/ihpc/ism/build/_deps/kokkos-src/core/src/impl/Kokkos_BuiltinReducers.hpp:708:49: erreur: paquet de paramètres attendu avant « ... »
  708 |     View<ValLocScalar<Scalar, Index>, Properties...> const&, ComparatorType)
      |                                                 ^~~
/run/media/ndkd/lab/ihpc/ism/build/_deps/kokkos-src/core/src/impl/Kokkos_BuiltinReducers.hpp:708:52: erreur: l'argument 1 du patron est invalide
  708 |     View<ValLocScalar<Scalar, Index>, Properties...> const&, ComparatorType)
      |                                                    ^
/run/media/ndkd/lab/ihpc/ism/build/_deps/kokkos-src/core/src/impl/Kokkos_BuiltinReducers.hpp:708:52: erreur: l'argument 2 du patron est invalide
/run/media/ndkd/lab/ihpc/ism/build/_deps/kokkos-src/core/src/impl/Kokkos_BuiltinReducers.hpp:708:62: erreur: « ComparatorType » n'a pas été déclaré
  708 |     View<ValLocScalar<Scalar, Index>, Properties...> const&, ComparatorType)
      |                                                              ^~~~~~~~~~~~~~
/run/media/ndkd/lab/ihpc/ism/build/_deps/kokkos-src/core/src/impl/Kokkos_BuiltinReducers.hpp:709:44: erreur: « Index » n'a pas été déclaré dans cette portée; vouliez-vous employer « Fastor::Index » ?
  709 |     -> MinFirstLocCustomComparator<Scalar, Index, ComparatorType,
      |                                            ^~~~~
      |                                            Fastor::Index
/run/media/ndkd/lab/ihpc/ism/build/_deps/fastor-src/meta/einsum_meta.h:12:8: note: « Fastor::Index » déclaré ici
   12 | struct Index;
      |        ^~~~~
/run/media/ndkd/lab/ihpc/ism/build/_deps/kokkos-src/core/src/impl/Kokkos_BuiltinReducers.hpp:709:51: erreur: « ComparatorType » n'a pas été déclaré dans cette portée
  709 |     -> MinFirstLocCustomComparator<Scalar, Index, ComparatorType,
      |                                                   ^~~~~~~~~~~~~~
/run/media/ndkd/lab/ihpc/ism/build/_deps/kokkos-src/core/src/impl/Kokkos_BuiltinReducers.hpp:710:71: erreur: « Index » n'a pas été déclaré dans cette portée; vouliez-vous employer « Fastor::Index » ?
  710 |                                    typename View<ValLocScalar<Scalar, Index>,
      |                                                                       ^~~~~
      |                                                                       Fastor::Index
/run/media/ndkd/lab/ihpc/ism/build/_deps/fastor-src/meta/einsum_meta.h:12:8: note: « Fastor::Index » déclaré ici
   12 | struct Index;
      |        ^~~~~
/run/media/ndkd/lab/ihpc/ism/build/_deps/kokkos-src/core/src/impl/Kokkos_BuiltinReducers.hpp:710:76: erreur: nombre erroné d'arguments du patron (2, devrait être 1)
  710 |                                    typename View<ValLocScalar<Scalar, Index>,
      |                                                                            ^
/run/media/ndkd/lab/ihpc/ism/build/_deps/kokkos-src/core/src/impl/Kokkos_BuiltinReducers.hpp:288:8: note: fournis pour « template<<typeprefixerror><anonymous> > struct Kokkos::ValLocScalar »
  288 | struct ValLocScalar {
      |        ^~~~~~~~~~~~
/run/media/ndkd/lab/ihpc/ism/build/_deps/kokkos-src/core/src/impl/Kokkos_BuiltinReducers.hpp:711:50: erreur: « Properties » n'a pas été déclaré dans cette portée
  711 |                                                  Properties...>::memory_space>;
      |                                                  ^~~~~~~~~~
/run/media/ndkd/lab/ihpc/ism/build/_deps/kokkos-src/core/src/impl/Kokkos_BuiltinReducers.hpp:711:60: erreur: paquet de paramètres attendu avant « ... »
  711 |                                                  Properties...>::memory_space>;
      |                                                            ^~~
/run/media/ndkd/lab/ihpc/ism/build/_deps/kokkos-src/core/src/impl/Kokkos_BuiltinReducers.hpp:711:63: erreur: l'argument 1 du patron est invalide
  711 |                                                  Properties...>::memory_space>;
      |                                                               ^
/run/media/ndkd/lab/ihpc/ism/build/_deps/kokkos-src/core/src/impl/Kokkos_BuiltinReducers.hpp:711:63: erreur: l'argument 2 du patron est invalide
/run/media/ndkd/lab/ihpc/ism/build/_deps/kokkos-src/core/src/impl/Kokkos_BuiltinReducers.hpp:711:78: erreur: nombre erroné d'arguments du patron (4, devrait être 1)
  711 |                                                  Properties...>::memory_space>;
      |                                                                              ^
/run/media/ndkd/lab/ihpc/ism/build/_deps/kokkos-src/core/src/Kokkos_Core_fwd.hpp:354:8: note: fournis pour « template<<typeprefixerror><anonymous> > struct Kokkos::MinFirstLocCustomComparator »
  354 | struct MinFirstLocCustomComparator;
      |        ^~~~~~~~~~~~~~~~~~~~~~~~~~~
/run/media/ndkd/lab/ihpc/ism/build/_deps/kokkos-src/core/src/impl/Kokkos_BuiltinReducers.hpp:709:8: erreur: le type de retour « <type error> » à la fin du guide de déduction n'est pas une spécialisation de « Kokkos::MinFirstLocCustomComparator<<anonymous> > »
  709 |     -> MinFirstLocCustomComparator<Scalar, Index, ComparatorType,
      |        ^~~~~~~~~~~~~~~~~~~~~~~~~~~~~~~~~~~~~~~~~~~~~~~~~~~~~~~~~~
  710 |                                    typename View<ValLocScalar<Scalar, Index>,
      |                                    ~~~~~~~~~~~~~~~~~~~~~~~~~~~~~~~~~~~~~~~~~~
  711 |                                                  Properties...>::memory_space>;
      |                                                  ~~~~~~~~~~~~~~~~~~~~~~~~~~~~~
/run/media/ndkd/lab/ihpc/ism/build/_deps/fastor-src/commons/commons.h:71:16: erreur: expected identifier before numeric constant
   71 | #define Scalar 64
      |                ^~
/run/media/ndkd/lab/ihpc/ism/build/_deps/kokkos-src/core/src/impl/Kokkos_BuiltinReducers.hpp:716:17: note: dans l'expansion de la macro « Scalar »
  716 | template <class Scalar, class Index, class Space>
      |                 ^~~~~~
/run/media/ndkd/lab/ihpc/ism/build/_deps/fastor-src/commons/commons.h:71:16: erreur: expected « > » before numeric constant
   71 | #define Scalar 64
      |                ^~
/run/media/ndkd/lab/ihpc/ism/build/_deps/kokkos-src/core/src/impl/Kokkos_BuiltinReducers.hpp:716:17: note: dans l'expansion de la macro « Scalar »
  716 | template <class Scalar, class Index, class Space>
      |                 ^~~~~~
/run/media/ndkd/lab/ihpc/ism/build/_deps/kokkos-src/core/src/impl/Kokkos_BuiltinReducers.hpp:719:50: erreur: non concordance de type/valeur pour l'argument 1 dans la liste des paramètres du patron de « template<class _Tp> using std::remove_cv_t = typename std::remove_cv::type »
  719 |           MinMaxLocScalar<std::remove_cv_t<Scalar>, std::remove_cv_t<Index>>,
      |                                                  ^
/run/media/ndkd/lab/ihpc/ism/build/_deps/kokkos-src/core/src/impl/Kokkos_BuiltinReducers.hpp:719:50: note:   on attendait un type, on a obtenu « 64 »
/run/media/ndkd/lab/ihpc/ism/build/_deps/kokkos-src/core/src/impl/Kokkos_BuiltinReducers.hpp:719:70: erreur: « Index » n'a pas été déclaré dans cette portée; vouliez-vous employer « Fastor::Index » ?
  719 |           MinMaxLocScalar<std::remove_cv_t<Scalar>, std::remove_cv_t<Index>>,
      |                                                                      ^~~~~
      |                                                                      Fastor::Index
/run/media/ndkd/lab/ihpc/ism/build/_deps/fastor-src/meta/einsum_meta.h:12:8: note: « Fastor::Index » déclaré ici
   12 | struct Index;
      |        ^~~~~
/run/media/ndkd/lab/ihpc/ism/build/_deps/kokkos-src/core/src/impl/Kokkos_BuiltinReducers.hpp:719:70: erreur: l'argument 1 du patron est invalide
  719 |           MinMaxLocScalar<std::remove_cv_t<Scalar>, std::remove_cv_t<Index>>,
      |                                                                      ^~~~~
/run/media/ndkd/lab/ihpc/ism/build/_deps/kokkos-src/core/src/impl/Kokkos_BuiltinReducers.hpp:719:75: erreur: nombre erroné d'arguments du patron (2, devrait être 1)
  719 |           MinMaxLocScalar<std::remove_cv_t<Scalar>, std::remove_cv_t<Index>>,
      |                                                                           ^~
/run/media/ndkd/lab/ihpc/ism/build/_deps/kokkos-src/core/src/impl/Kokkos_BuiltinReducers.hpp:429:8: note: fournis pour « template<<typeprefixerror><anonymous> > struct Kokkos::MinMaxLocScalar »
  429 | struct MinMaxLocScalar {
      |        ^~~~~~~~~~~~~~~
/run/media/ndkd/lab/ihpc/ism/build/_deps/kokkos-src/core/src/impl/Kokkos_BuiltinReducers.hpp:720:11: erreur: « Space » n'a pas été déclaré dans cette portée; vouliez-vous employer « isspace » ?
  720 |           Space> {
      |           ^~~~~
      |           isspace
/run/media/ndkd/lab/ihpc/ism/build/_deps/kokkos-src/core/src/impl/Kokkos_BuiltinReducers.hpp:720:16: erreur: nombre erroné d'arguments du patron (2, devrait être 1)
  720 |           Space> {
      |                ^
/run/media/ndkd/lab/ihpc/ism/build/_deps/kokkos-src/core/src/impl/Kokkos_BuiltinReducers.hpp:26:8: note: fournis pour « template<<typeprefixerror><anonymous> > struct Kokkos::Impl::BaseReducer »
   26 | struct BaseReducer {
      |        ^~~~~~~~~~~
/run/media/ndkd/lab/ihpc/ism/build/_deps/fastor-src/commons/commons.h:71:16: erreur: expected nested-name-specifier before numeric constant
   71 | #define Scalar 64
      |                ^~
/run/media/ndkd/lab/ihpc/ism/build/_deps/kokkos-src/core/src/impl/Kokkos_BuiltinReducers.hpp:763:20: note: dans l'expansion de la macro « Scalar »
  763 | template <typename Scalar, typename Index, typename... Properties>
      |                    ^~~~~~
/run/media/ndkd/lab/ihpc/ism/build/_deps/fastor-src/commons/commons.h:71:16: erreur: expected « > » before numeric constant
   71 | #define Scalar 64
      |                ^~
/run/media/ndkd/lab/ihpc/ism/build/_deps/kokkos-src/core/src/impl/Kokkos_BuiltinReducers.hpp:763:20: note: dans l'expansion de la macro « Scalar »
  763 | template <typename Scalar, typename Index, typename... Properties>
      |                    ^~~~~~
/run/media/ndkd/lab/ihpc/ism/build/_deps/kokkos-src/core/src/impl/Kokkos_BuiltinReducers.hpp:765:34: erreur: « Index » n'a pas été déclaré dans cette portée; vouliez-vous employer « Fastor::Index » ?
  765 |     View<MinMaxLocScalar<Scalar, Index>, Properties...> const&)
      |                                  ^~~~~
      |                                  Fastor::Index
/run/media/ndkd/lab/ihpc/ism/build/_deps/fastor-src/meta/einsum_meta.h:12:8: note: « Fastor::Index » déclaré ici
   12 | struct Index;
      |        ^~~~~
/run/media/ndkd/lab/ihpc/ism/build/_deps/kokkos-src/core/src/impl/Kokkos_BuiltinReducers.hpp:765:39: erreur: nombre erroné d'arguments du patron (2, devrait être 1)
  765 |     View<MinMaxLocScalar<Scalar, Index>, Properties...> const&)
      |                                       ^
/run/media/ndkd/lab/ihpc/ism/build/_deps/kokkos-src/core/src/impl/Kokkos_BuiltinReducers.hpp:429:8: note: fournis pour « template<<typeprefixerror><anonymous> > struct Kokkos::MinMaxLocScalar »
  429 | struct MinMaxLocScalar {
      |        ^~~~~~~~~~~~~~~
/run/media/ndkd/lab/ihpc/ism/build/_deps/kokkos-src/core/src/impl/Kokkos_BuiltinReducers.hpp:765:42: erreur: « Properties » n'a pas été déclaré dans cette portée
  765 |     View<MinMaxLocScalar<Scalar, Index>, Properties...> const&)
      |                                          ^~~~~~~~~~
/run/media/ndkd/lab/ihpc/ism/build/_deps/kokkos-src/core/src/impl/Kokkos_BuiltinReducers.hpp:765:52: erreur: paquet de paramètres attendu avant « ... »
  765 |     View<MinMaxLocScalar<Scalar, Index>, Properties...> const&)
      |                                                    ^~~
/run/media/ndkd/lab/ihpc/ism/build/_deps/kokkos-src/core/src/impl/Kokkos_BuiltinReducers.hpp:765:55: erreur: l'argument 1 du patron est invalide
  765 |     View<MinMaxLocScalar<Scalar, Index>, Properties...> const&)
      |                                                       ^
/run/media/ndkd/lab/ihpc/ism/build/_deps/kokkos-src/core/src/impl/Kokkos_BuiltinReducers.hpp:765:55: erreur: l'argument 2 du patron est invalide
/run/media/ndkd/lab/ihpc/ism/build/_deps/kokkos-src/core/src/impl/Kokkos_BuiltinReducers.hpp:766:35: erreur: « Index » n'a pas été déclaré dans cette portée; vouliez-vous employer « Fastor::Index » ?
  766 |     -> MinMaxFirstLastLoc<Scalar, Index,
      |                                   ^~~~~
      |                                   Fastor::Index
/run/media/ndkd/lab/ihpc/ism/build/_deps/fastor-src/meta/einsum_meta.h:12:8: note: « Fastor::Index » déclaré ici
   12 | struct Index;
      |        ^~~~~
/run/media/ndkd/lab/ihpc/ism/build/_deps/kokkos-src/core/src/impl/Kokkos_BuiltinReducers.hpp:767:65: erreur: « Index » n'a pas été déclaré dans cette portée; vouliez-vous employer « Fastor::Index » ?
  767 |                           typename View<MinMaxLocScalar<Scalar, Index>,
      |                                                                 ^~~~~
      |                                                                 Fastor::Index
/run/media/ndkd/lab/ihpc/ism/build/_deps/fastor-src/meta/einsum_meta.h:12:8: note: « Fastor::Index » déclaré ici
   12 | struct Index;
      |        ^~~~~
/run/media/ndkd/lab/ihpc/ism/build/_deps/kokkos-src/core/src/impl/Kokkos_BuiltinReducers.hpp:767:70: erreur: nombre erroné d'arguments du patron (2, devrait être 1)
  767 |                           typename View<MinMaxLocScalar<Scalar, Index>,
      |                                                                      ^
/run/media/ndkd/lab/ihpc/ism/build/_deps/kokkos-src/core/src/impl/Kokkos_BuiltinReducers.hpp:429:8: note: fournis pour « template<<typeprefixerror><anonymous> > struct Kokkos::MinMaxLocScalar »
  429 | struct MinMaxLocScalar {
      |        ^~~~~~~~~~~~~~~
/run/media/ndkd/lab/ihpc/ism/build/_deps/kokkos-src/core/src/impl/Kokkos_BuiltinReducers.hpp:768:41: erreur: « Properties » n'a pas été déclaré dans cette portée
  768 |                                         Properties...>::memory_space>;
      |                                         ^~~~~~~~~~
/run/media/ndkd/lab/ihpc/ism/build/_deps/kokkos-src/core/src/impl/Kokkos_BuiltinReducers.hpp:768:51: erreur: paquet de paramètres attendu avant « ... »
  768 |                                         Properties...>::memory_space>;
      |                                                   ^~~
/run/media/ndkd/lab/ihpc/ism/build/_deps/kokkos-src/core/src/impl/Kokkos_BuiltinReducers.hpp:768:54: erreur: l'argument 1 du patron est invalide
  768 |                                         Properties...>::memory_space>;
      |                                                      ^
/run/media/ndkd/lab/ihpc/ism/build/_deps/kokkos-src/core/src/impl/Kokkos_BuiltinReducers.hpp:768:54: erreur: l'argument 2 du patron est invalide
/run/media/ndkd/lab/ihpc/ism/build/_deps/kokkos-src/core/src/impl/Kokkos_BuiltinReducers.hpp:768:69: erreur: nombre erroné d'arguments du patron (3, devrait être 1)
  768 |                                         Properties...>::memory_space>;
      |                                                                     ^
/run/media/ndkd/lab/ihpc/ism/build/_deps/kokkos-src/core/src/Kokkos_Core_fwd.hpp:357:8: note: fournis pour « template<<typeprefixerror><anonymous> > struct Kokkos::MinMaxFirstLastLoc »
  357 | struct MinMaxFirstLastLoc;
      |        ^~~~~~~~~~~~~~~~~~
/run/media/ndkd/lab/ihpc/ism/build/_deps/kokkos-src/core/src/impl/Kokkos_BuiltinReducers.hpp:766:8: erreur: le type de retour « <type error> » à la fin du guide de déduction n'est pas une spécialisation de « Kokkos::MinMaxFirstLastLoc<<anonymous> > »
  766 |     -> MinMaxFirstLastLoc<Scalar, Index,
      |        ^~~~~~~~~~~~~~~~~~~~~~~~~~~~~~~~~
  767 |                           typename View<MinMaxLocScalar<Scalar, Index>,
      |                           ~~~~~~~~~~~~~~~~~~~~~~~~~~~~~~~~~~~~~~~~~~~~~
  768 |                                         Properties...>::memory_space>;
      |                                         ~~~~~~~~~~~~~~~~~~~~~~~~~~~~~
/run/media/ndkd/lab/ihpc/ism/build/_deps/fastor-src/commons/commons.h:71:16: erreur: expected identifier before numeric constant
   71 | #define Scalar 64
      |                ^~
/run/media/ndkd/lab/ihpc/ism/build/_deps/kokkos-src/core/src/impl/Kokkos_BuiltinReducers.hpp:774:17: note: dans l'expansion de la macro « Scalar »
  774 | template <class Scalar, class Index, class ComparatorType, class Space>
      |                 ^~~~~~
/run/media/ndkd/lab/ihpc/ism/build/_deps/fastor-src/commons/commons.h:71:16: erreur: expected « > » before numeric constant
   71 | #define Scalar 64
      |                ^~
/run/media/ndkd/lab/ihpc/ism/build/_deps/kokkos-src/core/src/impl/Kokkos_BuiltinReducers.hpp:774:17: note: dans l'expansion de la macro « Scalar »
  774 | template <class Scalar, class Index, class ComparatorType, class Space>
      |                 ^~~~~~
/run/media/ndkd/lab/ihpc/ism/build/_deps/kokkos-src/core/src/impl/Kokkos_BuiltinReducers.hpp:777:50: erreur: non concordance de type/valeur pour l'argument 1 dans la liste des paramètres du patron de « template<class _Tp> using std::remove_cv_t = typename std::remove_cv::type »
  777 |           MinMaxLocScalar<std::remove_cv_t<Scalar>, std::remove_cv_t<Index>>,
      |                                                  ^
/run/media/ndkd/lab/ihpc/ism/build/_deps/kokkos-src/core/src/impl/Kokkos_BuiltinReducers.hpp:777:50: note:   on attendait un type, on a obtenu « 64 »
/run/media/ndkd/lab/ihpc/ism/build/_deps/kokkos-src/core/src/impl/Kokkos_BuiltinReducers.hpp:777:70: erreur: « Index » n'a pas été déclaré dans cette portée; vouliez-vous employer « Fastor::Index » ?
  777 |           MinMaxLocScalar<std::remove_cv_t<Scalar>, std::remove_cv_t<Index>>,
      |                                                                      ^~~~~
      |                                                                      Fastor::Index
/run/media/ndkd/lab/ihpc/ism/build/_deps/fastor-src/meta/einsum_meta.h:12:8: note: « Fastor::Index » déclaré ici
   12 | struct Index;
      |        ^~~~~
/run/media/ndkd/lab/ihpc/ism/build/_deps/kokkos-src/core/src/impl/Kokkos_BuiltinReducers.hpp:777:70: erreur: l'argument 1 du patron est invalide
  777 |           MinMaxLocScalar<std::remove_cv_t<Scalar>, std::remove_cv_t<Index>>,
      |                                                                      ^~~~~
/run/media/ndkd/lab/ihpc/ism/build/_deps/kokkos-src/core/src/impl/Kokkos_BuiltinReducers.hpp:777:75: erreur: nombre erroné d'arguments du patron (2, devrait être 1)
  777 |           MinMaxLocScalar<std::remove_cv_t<Scalar>, std::remove_cv_t<Index>>,
      |                                                                           ^~
/run/media/ndkd/lab/ihpc/ism/build/_deps/kokkos-src/core/src/impl/Kokkos_BuiltinReducers.hpp:429:8: note: fournis pour « template<<typeprefixerror><anonymous> > struct Kokkos::MinMaxLocScalar »
  429 | struct MinMaxLocScalar {
      |        ^~~~~~~~~~~~~~~
/run/media/ndkd/lab/ihpc/ism/build/_deps/kokkos-src/core/src/impl/Kokkos_BuiltinReducers.hpp:778:11: erreur: « Space » n'a pas été déclaré dans cette portée; vouliez-vous employer « isspace » ?
  778 |           Space> {
      |           ^~~~~
      |           isspace
/run/media/ndkd/lab/ihpc/ism/build/_deps/kokkos-src/core/src/impl/Kokkos_BuiltinReducers.hpp:778:16: erreur: nombre erroné d'arguments du patron (2, devrait être 1)
  778 |           Space> {
      |                ^
/run/media/ndkd/lab/ihpc/ism/build/_deps/kokkos-src/core/src/impl/Kokkos_BuiltinReducers.hpp:26:8: note: fournis pour « template<<typeprefixerror><anonymous> > struct Kokkos::Impl::BaseReducer »
   26 | struct BaseReducer {
      |        ^~~~~~~~~~~
/run/media/ndkd/lab/ihpc/ism/build/_deps/fastor-src/commons/commons.h:71:16: erreur: expected nested-name-specifier before numeric constant
   71 | #define Scalar 64
      |                ^~
/run/media/ndkd/lab/ihpc/ism/build/_deps/kokkos-src/core/src/impl/Kokkos_BuiltinReducers.hpp:833:20: note: dans l'expansion de la macro « Scalar »
  833 | template <typename Scalar, typename Index, typename ComparatorType,
      |                    ^~~~~~
/run/media/ndkd/lab/ihpc/ism/build/_deps/fastor-src/commons/commons.h:71:16: erreur: expected « > » before numeric constant
   71 | #define Scalar 64
      |                ^~
/run/media/ndkd/lab/ihpc/ism/build/_deps/kokkos-src/core/src/impl/Kokkos_BuiltinReducers.hpp:833:20: note: dans l'expansion de la macro « Scalar »
  833 | template <typename Scalar, typename Index, typename ComparatorType,
      |                    ^~~~~~
/run/media/ndkd/lab/ihpc/ism/build/_deps/kokkos-src/core/src/impl/Kokkos_BuiltinReducers.hpp:836:34: erreur: « Index » n'a pas été déclaré dans cette portée; vouliez-vous employer « Fastor::Index » ?
  836 |     View<MinMaxLocScalar<Scalar, Index>, Properties...> const&, ComparatorType)
      |                                  ^~~~~
      |                                  Fastor::Index
/run/media/ndkd/lab/ihpc/ism/build/_deps/fastor-src/meta/einsum_meta.h:12:8: note: « Fastor::Index » déclaré ici
   12 | struct Index;
      |        ^~~~~
/run/media/ndkd/lab/ihpc/ism/build/_deps/kokkos-src/core/src/impl/Kokkos_BuiltinReducers.hpp:836:39: erreur: nombre erroné d'arguments du patron (2, devrait être 1)
  836 |     View<MinMaxLocScalar<Scalar, Index>, Properties...> const&, ComparatorType)
      |                                       ^
/run/media/ndkd/lab/ihpc/ism/build/_deps/kokkos-src/core/src/impl/Kokkos_BuiltinReducers.hpp:429:8: note: fournis pour « template<<typeprefixerror><anonymous> > struct Kokkos::MinMaxLocScalar »
  429 | struct MinMaxLocScalar {
      |        ^~~~~~~~~~~~~~~
/run/media/ndkd/lab/ihpc/ism/build/_deps/kokkos-src/core/src/impl/Kokkos_BuiltinReducers.hpp:836:42: erreur: « Properties » n'a pas été déclaré dans cette portée
  836 |     View<MinMaxLocScalar<Scalar, Index>, Properties...> const&, ComparatorType)
      |                                          ^~~~~~~~~~
/run/media/ndkd/lab/ihpc/ism/build/_deps/kokkos-src/core/src/impl/Kokkos_BuiltinReducers.hpp:836:52: erreur: paquet de paramètres attendu avant « ... »
  836 |     View<MinMaxLocScalar<Scalar, Index>, Properties...> const&, ComparatorType)
      |                                                    ^~~
/run/media/ndkd/lab/ihpc/ism/build/_deps/kokkos-src/core/src/impl/Kokkos_BuiltinReducers.hpp:836:55: erreur: l'argument 1 du patron est invalide
  836 |     View<MinMaxLocScalar<Scalar, Index>, Properties...> const&, ComparatorType)
      |                                                       ^
/run/media/ndkd/lab/ihpc/ism/build/_deps/kokkos-src/core/src/impl/Kokkos_BuiltinReducers.hpp:836:55: erreur: l'argument 2 du patron est invalide
/run/media/ndkd/lab/ihpc/ism/build/_deps/kokkos-src/core/src/impl/Kokkos_BuiltinReducers.hpp:836:65: erreur: « ComparatorType » n'a pas été déclaré
  836 |     View<MinMaxLocScalar<Scalar, Index>, Properties...> const&, ComparatorType)
      |                                                                 ^~~~~~~~~~~~~~
/run/media/ndkd/lab/ihpc/ism/build/_deps/kokkos-src/core/src/impl/Kokkos_BuiltinReducers.hpp:838:17: erreur: « Index » n'a pas été déclaré dans cette portée; vouliez-vous employer « Fastor::Index » ?
  838 |         Scalar, Index, ComparatorType,
      |                 ^~~~~
      |                 Fastor::Index
/run/media/ndkd/lab/ihpc/ism/build/_deps/fastor-src/meta/einsum_meta.h:12:8: note: « Fastor::Index » déclaré ici
   12 | struct Index;
      |        ^~~~~
/run/media/ndkd/lab/ihpc/ism/build/_deps/kokkos-src/core/src/impl/Kokkos_BuiltinReducers.hpp:838:24: erreur: « ComparatorType » n'a pas été déclaré dans cette portée
  838 |         Scalar, Index, ComparatorType,
      |                        ^~~~~~~~~~~~~~
/run/media/ndkd/lab/ihpc/ism/build/_deps/kokkos-src/core/src/impl/Kokkos_BuiltinReducers.hpp:839:47: erreur: « Index » n'a pas été déclaré dans cette portée; vouliez-vous employer « Fastor::Index » ?
  839 |         typename View<MinMaxLocScalar<Scalar, Index>,
      |                                               ^~~~~
      |                                               Fastor::Index
/run/media/ndkd/lab/ihpc/ism/build/_deps/fastor-src/meta/einsum_meta.h:12:8: note: « Fastor::Index » déclaré ici
   12 | struct Index;
      |        ^~~~~
/run/media/ndkd/lab/ihpc/ism/build/_deps/kokkos-src/core/src/impl/Kokkos_BuiltinReducers.hpp:839:52: erreur: nombre erroné d'arguments du patron (2, devrait être 1)
  839 |         typename View<MinMaxLocScalar<Scalar, Index>,
      |                                                    ^
/run/media/ndkd/lab/ihpc/ism/build/_deps/kokkos-src/core/src/impl/Kokkos_BuiltinReducers.hpp:429:8: note: fournis pour « template<<typeprefixerror><anonymous> > struct Kokkos::MinMaxLocScalar »
  429 | struct MinMaxLocScalar {
      |        ^~~~~~~~~~~~~~~
/run/media/ndkd/lab/ihpc/ism/build/_deps/kokkos-src/core/src/impl/Kokkos_BuiltinReducers.hpp:840:23: erreur: « Properties » n'a pas été déclaré dans cette portée
  840 |                       Properties...>::memory_space>;
      |                       ^~~~~~~~~~
/run/media/ndkd/lab/ihpc/ism/build/_deps/kokkos-src/core/src/impl/Kokkos_BuiltinReducers.hpp:840:33: erreur: paquet de paramètres attendu avant « ... »
  840 |                       Properties...>::memory_space>;
      |                                 ^~~
/run/media/ndkd/lab/ihpc/ism/build/_deps/kokkos-src/core/src/impl/Kokkos_BuiltinReducers.hpp:840:36: erreur: l'argument 1 du patron est invalide
  840 |                       Properties...>::memory_space>;
      |                                    ^
/run/media/ndkd/lab/ihpc/ism/build/_deps/kokkos-src/core/src/impl/Kokkos_BuiltinReducers.hpp:840:36: erreur: l'argument 2 du patron est invalide
/run/media/ndkd/lab/ihpc/ism/build/_deps/kokkos-src/core/src/impl/Kokkos_BuiltinReducers.hpp:840:51: erreur: nombre erroné d'arguments du patron (4, devrait être 1)
  840 |                       Properties...>::memory_space>;
      |                                                   ^
/run/media/ndkd/lab/ihpc/ism/build/_deps/kokkos-src/core/src/Kokkos_Core_fwd.hpp:360:8: note: fournis pour « template<<typeprefixerror><anonymous> > struct Kokkos::MinMaxFirstLastLocCustomComparator »
  360 | struct MinMaxFirstLastLocCustomComparator;
      |        ^~~~~~~~~~~~~~~~~~~~~~~~~~~~~~~~~~
/run/media/ndkd/lab/ihpc/ism/build/_deps/kokkos-src/core/src/impl/Kokkos_BuiltinReducers.hpp:837:8: erreur: le type de retour « <type error> » à la fin du guide de déduction n'est pas une spécialisation de « Kokkos::MinMaxFirstLastLocCustomComparator<<anonymous> > »
  837 |     -> MinMaxFirstLastLocCustomComparator<
      |        ^~~~~~~~~~~~~~~~~~~~~~~~~~~~~~~~~~~
  838 |         Scalar, Index, ComparatorType,
      |         ~~~~~~~~~~~~~~~~~~~~~~~~~~~~~~
  839 |         typename View<MinMaxLocScalar<Scalar, Index>,
      |         ~~~~~~~~~~~~~~~~~~~~~~~~~~~~~~~~~~~~~~~~~~~~~
  840 |                       Properties...>::memory_space>;
      |                       ~~~~~~~~~~~~~~~~~~~~~~~~~~~~~
/run/media/ndkd/lab/ihpc/ism/build/_deps/kokkos-src/core/src/impl/Kokkos_BuiltinReducers.hpp:852:71: erreur: nombre erroné d'arguments du patron (2, devrait être 1) [-Wtemplate-body]
  852 |     : Impl::BaseReducer<FirstLocScalar<std::remove_cv_t<Index>>, Space> {
      |                                                                       ^
/run/media/ndkd/lab/ihpc/ism/build/_deps/kokkos-src/core/src/impl/Kokkos_BuiltinReducers.hpp:26:8: note: fournis pour « template<<typeprefixerror><anonymous> > struct Kokkos::Impl::BaseReducer »
   26 | struct BaseReducer {
      |        ^~~~~~~~~~~
/run/media/ndkd/lab/ihpc/ism/build/_deps/kokkos-src/core/src/impl/Kokkos_BuiltinReducers.hpp:859:71: erreur: nombre erroné d'arguments du patron (2, devrait être 1) [-Wtemplate-body]
  859 |       Impl::BaseReducer<FirstLocScalar<std::remove_cv_t<Index>>, Space>;
      |                                                                       ^
/run/media/ndkd/lab/ihpc/ism/build/_deps/kokkos-src/core/src/impl/Kokkos_BuiltinReducers.hpp:26:8: note: fournis pour « template<<typeprefixerror><anonymous> > struct Kokkos::Impl::BaseReducer »
   26 | struct BaseReducer {
      |        ^~~~~~~~~~~
/run/media/ndkd/lab/ihpc/ism/build/_deps/kokkos-src/core/src/impl/Kokkos_BuiltinReducers.hpp:859:13: erreur: « <expression error> » dans l'espace de noms « Kokkos::Impl » ne nomme pas un type [-Wtemplate-body]
  859 |       Impl::BaseReducer<FirstLocScalar<std::remove_cv_t<Index>>, Space>;
      |             ^~~~~~~~~~~~~~~~~~~~~~~~~~~~~~~~~~~~~~~~~~~~~~~~~~~~~~~~~~~
/run/media/ndkd/lab/ihpc/ism/build/_deps/kokkos-src/core/src/impl/Kokkos_BuiltinReducers.hpp:863:31: erreur: « parent_type » n'a pas été déclaré [-Wtemplate-body]
  863 |   using value_type = typename parent_type::value_type;
      |                               ^~~~~~~~~~~
/run/media/ndkd/lab/ihpc/ism/build/_deps/kokkos-src/core/src/impl/Kokkos_BuiltinReducers.hpp:866:9: erreur: « parent_type » n'a pas été déclaré [-Wtemplate-body]
  866 |   using parent_type::parent_type;
      |         ^~~~~~~~~~~
/run/media/ndkd/lab/ihpc/ism/build/_deps/kokkos-src/core/src/impl/Kokkos_BuiltinReducers.hpp:869:13: erreur: « value_type » n'a pas été déclaré [-Wtemplate-body]
  869 |   void join(value_type& dest, const value_type& src) const {
      |             ^~~~~~~~~~
/run/media/ndkd/lab/ihpc/ism/build/_deps/kokkos-src/core/src/impl/Kokkos_BuiltinReducers.hpp:869:37: erreur: « value_type » ne nomme pas un type [-Wtemplate-body]
  869 |   void join(value_type& dest, const value_type& src) const {
      |                                     ^~~~~~~~~~
/run/media/ndkd/lab/ihpc/ism/build/_deps/kokkos-src/core/src/impl/Kokkos_BuiltinReducers.hpp:876:13: erreur: « value_type » n'a pas été déclaré [-Wtemplate-body]
  876 |   void init(value_type& val) const {
      |             ^~~~~~~~~~
/run/media/ndkd/lab/ihpc/ism/build/_deps/kokkos-src/core/src/impl/Kokkos_BuiltinReducers.hpp: In member function « void Kokkos::FirstLoc<Index, Space>::join(int&, const int&) const »:
/run/media/ndkd/lab/ihpc/ism/build/_deps/kokkos-src/core/src/impl/Kokkos_BuiltinReducers.hpp:870:10: erreur: requête du membre « min_loc_true » dans « dest », lequel est de type non classe « int » [-Wtemplate-body]
  870 |     dest.min_loc_true = (src.min_loc_true < dest.min_loc_true)
      |          ^~~~~~~~~~~~
/run/media/ndkd/lab/ihpc/ism/build/_deps/kokkos-src/core/src/impl/Kokkos_BuiltinReducers.hpp:870:30: erreur: requête du membre « min_loc_true » dans « src », lequel est de type non classe « const int » [-Wtemplate-body]
  870 |     dest.min_loc_true = (src.min_loc_true < dest.min_loc_true)
      |                              ^~~~~~~~~~~~
/run/media/ndkd/lab/ihpc/ism/build/_deps/kokkos-src/core/src/impl/Kokkos_BuiltinReducers.hpp:870:50: erreur: requête du membre « min_loc_true » dans « dest », lequel est de type non classe « int » [-Wtemplate-body]
  870 |     dest.min_loc_true = (src.min_loc_true < dest.min_loc_true)
      |                                                  ^~~~~~~~~~~~
/run/media/ndkd/lab/ihpc/ism/build/_deps/kokkos-src/core/src/impl/Kokkos_BuiltinReducers.hpp:871:35: erreur: requête du membre « min_loc_true » dans « src », lequel est de type non classe « const int » [-Wtemplate-body]
  871 |                             ? src.min_loc_true
      |                                   ^~~~~~~~~~~~
/run/media/ndkd/lab/ihpc/ism/build/_deps/kokkos-src/core/src/impl/Kokkos_BuiltinReducers.hpp:872:36: erreur: requête du membre « min_loc_true » dans « dest », lequel est de type non classe « int » [-Wtemplate-body]
  872 |                             : dest.min_loc_true;
      |                                    ^~~~~~~~~~~~
/run/media/ndkd/lab/ihpc/ism/build/_deps/kokkos-src/core/src/impl/Kokkos_BuiltinReducers.hpp: In member function « void Kokkos::FirstLoc<Index, Space>::init(int&) const »:
/run/media/ndkd/lab/ihpc/ism/build/_deps/kokkos-src/core/src/impl/Kokkos_BuiltinReducers.hpp:877:9: erreur: requête du membre « min_loc_true » dans « val », lequel est de type non classe « int » [-Wtemplate-body]
  877 |     val.min_loc_true = ::Kokkos::reduction_identity<index_type>::min();
      |         ^~~~~~~~~~~~
/run/media/ndkd/lab/ihpc/ism/build/_deps/kokkos-src/core/src/impl/Kokkos_BuiltinReducers.hpp: Au niveau global:
/run/media/ndkd/lab/ihpc/ism/build/_deps/kokkos-src/core/src/impl/Kokkos_BuiltinReducers.hpp:896:70: erreur: nombre erroné d'arguments du patron (2, devrait être 1) [-Wtemplate-body]
  896 |     : Impl::BaseReducer<LastLocScalar<std::remove_cv_t<Index>>, Space> {
      |                                                                      ^
/run/media/ndkd/lab/ihpc/ism/build/_deps/kokkos-src/core/src/impl/Kokkos_BuiltinReducers.hpp:26:8: note: fournis pour « template<<typeprefixerror><anonymous> > struct Kokkos::Impl::BaseReducer »
   26 | struct BaseReducer {
      |        ^~~~~~~~~~~
/run/media/ndkd/lab/ihpc/ism/build/_deps/kokkos-src/core/src/impl/Kokkos_BuiltinReducers.hpp:902:73: erreur: nombre erroné d'arguments du patron (2, devrait être 1) [-Wtemplate-body]
  902 |   using parent_type = Impl::BaseReducer<LastLocScalar<index_type>, Space>;
      |                                                                         ^
/run/media/ndkd/lab/ihpc/ism/build/_deps/kokkos-src/core/src/impl/Kokkos_BuiltinReducers.hpp:26:8: note: fournis pour « template<<typeprefixerror><anonymous> > struct Kokkos::Impl::BaseReducer »
   26 | struct BaseReducer {
      |        ^~~~~~~~~~~
/run/media/ndkd/lab/ihpc/ism/build/_deps/kokkos-src/core/src/impl/Kokkos_BuiltinReducers.hpp:902:29: erreur: « <expression error> » dans l'espace de noms « Kokkos::Impl » ne nomme pas un type [-Wtemplate-body]
  902 |   using parent_type = Impl::BaseReducer<LastLocScalar<index_type>, Space>;
      |                             ^~~~~~~~~~~~~~~~~~~~~~~~~~~~~~~~~~~~~~~~~~~~~
/run/media/ndkd/lab/ihpc/ism/build/_deps/kokkos-src/core/src/impl/Kokkos_BuiltinReducers.hpp:906:31: erreur: « parent_type » n'a pas été déclaré [-Wtemplate-body]
  906 |   using value_type = typename parent_type::value_type;
      |                               ^~~~~~~~~~~
/run/media/ndkd/lab/ihpc/ism/build/_deps/kokkos-src/core/src/impl/Kokkos_BuiltinReducers.hpp:909:9: erreur: « parent_type » n'a pas été déclaré [-Wtemplate-body]
  909 |   using parent_type::parent_type;
      |         ^~~~~~~~~~~
/run/media/ndkd/lab/ihpc/ism/build/_deps/kokkos-src/core/src/impl/Kokkos_BuiltinReducers.hpp:912:13: erreur: « value_type » n'a pas été déclaré [-Wtemplate-body]
  912 |   void join(value_type& dest, const value_type& src) const {
      |             ^~~~~~~~~~
/run/media/ndkd/lab/ihpc/ism/build/_deps/kokkos-src/core/src/impl/Kokkos_BuiltinReducers.hpp:912:37: erreur: « value_type » ne nomme pas un type [-Wtemplate-body]
  912 |   void join(value_type& dest, const value_type& src) const {
      |                                     ^~~~~~~~~~
/run/media/ndkd/lab/ihpc/ism/build/_deps/kokkos-src/core/src/impl/Kokkos_BuiltinReducers.hpp:919:13: erreur: « value_type » n'a pas été déclaré [-Wtemplate-body]
  919 |   void init(value_type& val) const {
      |             ^~~~~~~~~~
/run/media/ndkd/lab/ihpc/ism/build/_deps/kokkos-src/core/src/impl/Kokkos_BuiltinReducers.hpp: In member function « void Kokkos::LastLoc<Index, Space>::join(int&, const int&) const »:
/run/media/ndkd/lab/ihpc/ism/build/_deps/kokkos-src/core/src/impl/Kokkos_BuiltinReducers.hpp:913:10: erreur: requête du membre « max_loc_true » dans « dest », lequel est de type non classe « int » [-Wtemplate-body]
  913 |     dest.max_loc_true = (src.max_loc_true > dest.max_loc_true)
      |          ^~~~~~~~~~~~
/run/media/ndkd/lab/ihpc/ism/build/_deps/kokkos-src/core/src/impl/Kokkos_BuiltinReducers.hpp:913:30: erreur: requête du membre « max_loc_true » dans « src », lequel est de type non classe « const int » [-Wtemplate-body]
  913 |     dest.max_loc_true = (src.max_loc_true > dest.max_loc_true)
      |                              ^~~~~~~~~~~~
/run/media/ndkd/lab/ihpc/ism/build/_deps/kokkos-src/core/src/impl/Kokkos_BuiltinReducers.hpp:913:50: erreur: requête du membre « max_loc_true » dans « dest », lequel est de type non classe « int » [-Wtemplate-body]
  913 |     dest.max_loc_true = (src.max_loc_true > dest.max_loc_true)
      |                                                  ^~~~~~~~~~~~
/run/media/ndkd/lab/ihpc/ism/build/_deps/kokkos-src/core/src/impl/Kokkos_BuiltinReducers.hpp:914:35: erreur: requête du membre « max_loc_true » dans « src », lequel est de type non classe « const int » [-Wtemplate-body]
  914 |                             ? src.max_loc_true
      |                                   ^~~~~~~~~~~~
/run/media/ndkd/lab/ihpc/ism/build/_deps/kokkos-src/core/src/impl/Kokkos_BuiltinReducers.hpp:915:36: erreur: requête du membre « max_loc_true » dans « dest », lequel est de type non classe « int » [-Wtemplate-body]
  915 |                             : dest.max_loc_true;
      |                                    ^~~~~~~~~~~~
/run/media/ndkd/lab/ihpc/ism/build/_deps/kokkos-src/core/src/impl/Kokkos_BuiltinReducers.hpp: In member function « void Kokkos::LastLoc<Index, Space>::init(int&) const »:
/run/media/ndkd/lab/ihpc/ism/build/_deps/kokkos-src/core/src/impl/Kokkos_BuiltinReducers.hpp:920:9: erreur: requête du membre « max_loc_true » dans « val », lequel est de type non classe « int » [-Wtemplate-body]
  920 |     val.max_loc_true = ::Kokkos::reduction_identity<index_type>::max();
      |         ^~~~~~~~~~~~
/run/media/ndkd/lab/ihpc/ism/build/_deps/kokkos-src/core/src/impl/Kokkos_BuiltinReducers.hpp: Au niveau global:
/run/media/ndkd/lab/ihpc/ism/build/_deps/kokkos-src/core/src/impl/Kokkos_BuiltinReducers.hpp:939:72: erreur: nombre erroné d'arguments du patron (2, devrait être 1) [-Wtemplate-body]
  939 |     : Impl::BaseReducer<StdIsPartScalar<std::remove_cv_t<Index>>, Space> {
      |                                                                        ^
/run/media/ndkd/lab/ihpc/ism/build/_deps/kokkos-src/core/src/impl/Kokkos_BuiltinReducers.hpp:26:8: note: fournis pour « template<<typeprefixerror><anonymous> > struct Kokkos::Impl::BaseReducer »
   26 | struct BaseReducer {
      |        ^~~~~~~~~~~
/run/media/ndkd/lab/ihpc/ism/build/_deps/kokkos-src/core/src/impl/Kokkos_BuiltinReducers.hpp:945:75: erreur: nombre erroné d'arguments du patron (2, devrait être 1) [-Wtemplate-body]
  945 |   using parent_type = Impl::BaseReducer<StdIsPartScalar<index_type>, Space>;
      |                                                                           ^
/run/media/ndkd/lab/ihpc/ism/build/_deps/kokkos-src/core/src/impl/Kokkos_BuiltinReducers.hpp:26:8: note: fournis pour « template<<typeprefixerror><anonymous> > struct Kokkos::Impl::BaseReducer »
   26 | struct BaseReducer {
      |        ^~~~~~~~~~~
/run/media/ndkd/lab/ihpc/ism/build/_deps/kokkos-src/core/src/impl/Kokkos_BuiltinReducers.hpp:945:29: erreur: « <expression error> » dans l'espace de noms « Kokkos::Impl » ne nomme pas un type [-Wtemplate-body]
  945 |   using parent_type = Impl::BaseReducer<StdIsPartScalar<index_type>, Space>;
      |                             ^~~~~~~~~~~~~~~~~~~~~~~~~~~~~~~~~~~~~~~~~~~~~~~
/run/media/ndkd/lab/ihpc/ism/build/_deps/kokkos-src/core/src/impl/Kokkos_BuiltinReducers.hpp:949:31: erreur: « parent_type » n'a pas été déclaré [-Wtemplate-body]
  949 |   using value_type = typename parent_type::value_type;
      |                               ^~~~~~~~~~~
/run/media/ndkd/lab/ihpc/ism/build/_deps/kokkos-src/core/src/impl/Kokkos_BuiltinReducers.hpp:952:9: erreur: « parent_type » n'a pas été déclaré [-Wtemplate-body]
  952 |   using parent_type::parent_type;
      |         ^~~~~~~~~~~
/run/media/ndkd/lab/ihpc/ism/build/_deps/kokkos-src/core/src/impl/Kokkos_BuiltinReducers.hpp:955:13: erreur: « value_type » n'a pas été déclaré [-Wtemplate-body]
  955 |   void join(value_type& dest, const value_type& src) const {
      |             ^~~~~~~~~~
/run/media/ndkd/lab/ihpc/ism/build/_deps/kokkos-src/core/src/impl/Kokkos_BuiltinReducers.hpp:955:37: erreur: « value_type » ne nomme pas un type [-Wtemplate-body]
  955 |   void join(value_type& dest, const value_type& src) const {
      |                                     ^~~~~~~~~~
/run/media/ndkd/lab/ihpc/ism/build/_deps/kokkos-src/core/src/impl/Kokkos_BuiltinReducers.hpp:966:13: erreur: « value_type » n'a pas été déclaré [-Wtemplate-body]
  966 |   void init(value_type& val) const {
      |             ^~~~~~~~~~
/run/media/ndkd/lab/ihpc/ism/build/_deps/kokkos-src/core/src/impl/Kokkos_BuiltinReducers.hpp: In member function « void Kokkos::StdIsPartitioned<Index, Space>::join(int&, const int&) const »:
/run/media/ndkd/lab/ihpc/ism/build/_deps/kokkos-src/core/src/impl/Kokkos_BuiltinReducers.hpp:956:10: erreur: requête du membre « max_loc_true » dans « dest », lequel est de type non classe « int » [-Wtemplate-body]
  956 |     dest.max_loc_true = (dest.max_loc_true < src.max_loc_true)
      |          ^~~~~~~~~~~~
/run/media/ndkd/lab/ihpc/ism/build/_deps/kokkos-src/core/src/impl/Kokkos_BuiltinReducers.hpp:956:31: erreur: requête du membre « max_loc_true » dans « dest », lequel est de type non classe « int » [-Wtemplate-body]
  956 |     dest.max_loc_true = (dest.max_loc_true < src.max_loc_true)
      |                               ^~~~~~~~~~~~
/run/media/ndkd/lab/ihpc/ism/build/_deps/kokkos-src/core/src/impl/Kokkos_BuiltinReducers.hpp:956:50: erreur: requête du membre « max_loc_true » dans « src », lequel est de type non classe « const int » [-Wtemplate-body]
  956 |     dest.max_loc_true = (dest.max_loc_true < src.max_loc_true)
      |                                                  ^~~~~~~~~~~~
/run/media/ndkd/lab/ihpc/ism/build/_deps/kokkos-src/core/src/impl/Kokkos_BuiltinReducers.hpp:957:35: erreur: requête du membre « max_loc_true » dans « src », lequel est de type non classe « const int » [-Wtemplate-body]
  957 |                             ? src.max_loc_true
      |                                   ^~~~~~~~~~~~
/run/media/ndkd/lab/ihpc/ism/build/_deps/kokkos-src/core/src/impl/Kokkos_BuiltinReducers.hpp:958:36: erreur: requête du membre « max_loc_true » dans « dest », lequel est de type non classe « int » [-Wtemplate-body]
  958 |                             : dest.max_loc_true;
      |                                    ^~~~~~~~~~~~
/run/media/ndkd/lab/ihpc/ism/build/_deps/kokkos-src/core/src/impl/Kokkos_BuiltinReducers.hpp:960:10: erreur: requête du membre « min_loc_false » dans « dest », lequel est de type non classe « int » [-Wtemplate-body]
  960 |     dest.min_loc_false = (dest.min_loc_false < src.min_loc_false)
      |          ^~~~~~~~~~~~~
/run/media/ndkd/lab/ihpc/ism/build/_deps/kokkos-src/core/src/impl/Kokkos_BuiltinReducers.hpp:960:32: erreur: requête du membre « min_loc_false » dans « dest », lequel est de type non classe « int » [-Wtemplate-body]
  960 |     dest.min_loc_false = (dest.min_loc_false < src.min_loc_false)
      |                                ^~~~~~~~~~~~~
/run/media/ndkd/lab/ihpc/ism/build/_deps/kokkos-src/core/src/impl/Kokkos_BuiltinReducers.hpp:960:52: erreur: requête du membre « min_loc_false » dans « src », lequel est de type non classe « const int » [-Wtemplate-body]
  960 |     dest.min_loc_false = (dest.min_loc_false < src.min_loc_false)
      |                                                    ^~~~~~~~~~~~~
/run/media/ndkd/lab/ihpc/ism/build/_deps/kokkos-src/core/src/impl/Kokkos_BuiltinReducers.hpp:961:37: erreur: requête du membre « min_loc_false » dans « dest », lequel est de type non classe « int » [-Wtemplate-body]
  961 |                              ? dest.min_loc_false
      |                                     ^~~~~~~~~~~~~
/run/media/ndkd/lab/ihpc/ism/build/_deps/kokkos-src/core/src/impl/Kokkos_BuiltinReducers.hpp:962:36: erreur: requête du membre « min_loc_false » dans « src », lequel est de type non classe « const int » [-Wtemplate-body]
  962 |                              : src.min_loc_false;
      |                                    ^~~~~~~~~~~~~
/run/media/ndkd/lab/ihpc/ism/build/_deps/kokkos-src/core/src/impl/Kokkos_BuiltinReducers.hpp: In member function « void Kokkos::StdIsPartitioned<Index, Space>::init(int&) const »:
/run/media/ndkd/lab/ihpc/ism/build/_deps/kokkos-src/core/src/impl/Kokkos_BuiltinReducers.hpp:967:9: erreur: requête du membre « max_loc_true » dans « val », lequel est de type non classe « int » [-Wtemplate-body]
  967 |     val.max_loc_true  = ::Kokkos::reduction_identity<index_type>::max();
      |         ^~~~~~~~~~~~
/run/media/ndkd/lab/ihpc/ism/build/_deps/kokkos-src/core/src/impl/Kokkos_BuiltinReducers.hpp:968:9: erreur: requête du membre « min_loc_false » dans « val », lequel est de type non classe « int » [-Wtemplate-body]
  968 |     val.min_loc_false = ::Kokkos::reduction_identity<index_type>::min();
      |         ^~~~~~~~~~~~~
/run/media/ndkd/lab/ihpc/ism/build/_deps/kokkos-src/core/src/impl/Kokkos_BuiltinReducers.hpp: Au niveau global:
/run/media/ndkd/lab/ihpc/ism/build/_deps/kokkos-src/core/src/impl/Kokkos_BuiltinReducers.hpp:988:75: erreur: nombre erroné d'arguments du patron (2, devrait être 1) [-Wtemplate-body]
  988 |     : Impl::BaseReducer<StdPartPointScalar<std::remove_cv_t<Index>>, Space> {
      |                                                                           ^
/run/media/ndkd/lab/ihpc/ism/build/_deps/kokkos-src/core/src/impl/Kokkos_BuiltinReducers.hpp:26:8: note: fournis pour « template<<typeprefixerror><anonymous> > struct Kokkos::Impl::BaseReducer »
   26 | struct BaseReducer {
      |        ^~~~~~~~~~~
/run/media/ndkd/lab/ihpc/ism/build/_deps/kokkos-src/core/src/impl/Kokkos_BuiltinReducers.hpp:994:78: erreur: nombre erroné d'arguments du patron (2, devrait être 1) [-Wtemplate-body]
  994 |   using parent_type = Impl::BaseReducer<StdPartPointScalar<index_type>, Space>;
      |                                                                              ^
/run/media/ndkd/lab/ihpc/ism/build/_deps/kokkos-src/core/src/impl/Kokkos_BuiltinReducers.hpp:26:8: note: fournis pour « template<<typeprefixerror><anonymous> > struct Kokkos::Impl::BaseReducer »
   26 | struct BaseReducer {
      |        ^~~~~~~~~~~
/run/media/ndkd/lab/ihpc/ism/build/_deps/kokkos-src/core/src/impl/Kokkos_BuiltinReducers.hpp:994:29: erreur: « <expression error> » dans l'espace de noms « Kokkos::Impl » ne nomme pas un type [-Wtemplate-body]
  994 |   using parent_type = Impl::BaseReducer<StdPartPointScalar<index_type>, Space>;
      |                             ^~~~~~~~~~~~~~~~~~~~~~~~~~~~~~~~~~~~~~~~~~~~~~~~~~
/run/media/ndkd/lab/ihpc/ism/build/_deps/kokkos-src/core/src/impl/Kokkos_BuiltinReducers.hpp:998:31: erreur: « parent_type » n'a pas été déclaré [-Wtemplate-body]
  998 |   using value_type = typename parent_type::value_type;
      |                               ^~~~~~~~~~~
/run/media/ndkd/lab/ihpc/ism/build/_deps/kokkos-src/core/src/impl/Kokkos_BuiltinReducers.hpp:1001:9: erreur: « parent_type » n'a pas été déclaré [-Wtemplate-body]
 1001 |   using parent_type::parent_type;
      |         ^~~~~~~~~~~
/run/media/ndkd/lab/ihpc/ism/build/_deps/kokkos-src/core/src/impl/Kokkos_BuiltinReducers.hpp:1004:13: erreur: « value_type » n'a pas été déclaré [-Wtemplate-body]
 1004 |   void join(value_type& dest, const value_type& src) const {
      |             ^~~~~~~~~~
/run/media/ndkd/lab/ihpc/ism/build/_deps/kokkos-src/core/src/impl/Kokkos_BuiltinReducers.hpp:1004:37: erreur: « value_type » ne nomme pas un type [-Wtemplate-body]
 1004 |   void join(value_type& dest, const value_type& src) const {
      |                                     ^~~~~~~~~~
/run/media/ndkd/lab/ihpc/ism/build/_deps/kokkos-src/core/src/impl/Kokkos_BuiltinReducers.hpp:1011:13: erreur: « value_type » n'a pas été déclaré [-Wtemplate-body]
 1011 |   void init(value_type& val) const {
      |             ^~~~~~~~~~
/run/media/ndkd/lab/ihpc/ism/build/_deps/kokkos-src/core/src/impl/Kokkos_BuiltinReducers.hpp: In member function « void Kokkos::StdPartitionPoint<Index, Space>::join(int&, const int&) const »:
/run/media/ndkd/lab/ihpc/ism/build/_deps/kokkos-src/core/src/impl/Kokkos_BuiltinReducers.hpp:1005:10: erreur: requête du membre « min_loc_false » dans « dest », lequel est de type non classe « int » [-Wtemplate-body]
 1005 |     dest.min_loc_false = (dest.min_loc_false < src.min_loc_false)
      |          ^~~~~~~~~~~~~
/run/media/ndkd/lab/ihpc/ism/build/_deps/kokkos-src/core/src/impl/Kokkos_BuiltinReducers.hpp:1005:32: erreur: requête du membre « min_loc_false » dans « dest », lequel est de type non classe « int » [-Wtemplate-body]
 1005 |     dest.min_loc_false = (dest.min_loc_false < src.min_loc_false)
      |                                ^~~~~~~~~~~~~
/run/media/ndkd/lab/ihpc/ism/build/_deps/kokkos-src/core/src/impl/Kokkos_BuiltinReducers.hpp:1005:52: erreur: requête du membre « min_loc_false » dans « src », lequel est de type non classe « const int » [-Wtemplate-body]
 1005 |     dest.min_loc_false = (dest.min_loc_false < src.min_loc_false)
      |                                                    ^~~~~~~~~~~~~
/run/media/ndkd/lab/ihpc/ism/build/_deps/kokkos-src/core/src/impl/Kokkos_BuiltinReducers.hpp:1006:37: erreur: requête du membre « min_loc_false » dans « dest », lequel est de type non classe « int » [-Wtemplate-body]
 1006 |                              ? dest.min_loc_false
      |                                     ^~~~~~~~~~~~~
/run/media/ndkd/lab/ihpc/ism/build/_deps/kokkos-src/core/src/impl/Kokkos_BuiltinReducers.hpp:1007:36: erreur: requête du membre « min_loc_false » dans « src », lequel est de type non classe « const int » [-Wtemplate-body]
 1007 |                              : src.min_loc_false;
      |                                    ^~~~~~~~~~~~~
/run/media/ndkd/lab/ihpc/ism/build/_deps/kokkos-src/core/src/impl/Kokkos_BuiltinReducers.hpp: In member function « void Kokkos::StdPartitionPoint<Index, Space>::init(int&) const »:
/run/media/ndkd/lab/ihpc/ism/build/_deps/kokkos-src/core/src/impl/Kokkos_BuiltinReducers.hpp:1012:9: erreur: requête du membre « min_loc_false » dans « val », lequel est de type non classe « int » [-Wtemplate-body]
 1012 |     val.min_loc_false = ::Kokkos::reduction_identity<index_type>::min();
      |         ^~~~~~~~~~~~~
Dans le fichier inclus depuis /run/media/ndkd/lab/ihpc/ism/build/_deps/fastor-src/commons/utils.h:2,
                 depuis /run/media/ndkd/lab/ihpc/ism/build/_deps/fastor-src/Fastor.h:7:
/run/media/ndkd/lab/ihpc/ism/build/_deps/fastor-src/commons/print.h: In function « void print(__m256) »:
/run/media/ndkd/lab/ihpc/ism/build/_deps/fastor-src/commons/print.h:18:6: note: l'ABI pour passer des paramètres avec un alignement de 32 octets a changé dans GCC 4.6
   18 | void print(__m256 a) {
      |      ^~~~~
gmake[2]: *** [CMakeFiles/dosm.dir/build.make:121: CMakeFiles/dosm.dir/src/dosmParallelKokkos.cpp.o] Error 1
gmake[1]: *** [CMakeFiles/Makefile2:524: CMakeFiles/dosm.dir/all] Error 2
gmake: *** [Makefile:156: all] Error 2
